<?xml version="1.0" encoding="UTF-8"?>
<coverage generated="1768898660861" clover="3.2.0">
  <project timestamp="1768898660861" name="All files">
    <metrics statements="431" coveredstatements="413" conditionals="290" coveredconditionals="252" methods="109" coveredmethods="104" elements="830" coveredelements="769" complexity="0" loc="431" ncloc="431" packages="6" files="16" classes="16"/>
    <package name="api">
      <metrics statements="33" coveredstatements="33" conditionals="35" coveredconditionals="34" methods="5" coveredmethods="5"/>
      <file name="client.ts" path="C:\PAS ONEDRIVE\M1\dev_adv\dvlpmnt_front-end_adv\src\lib\api\client.ts">
        <metrics statements="14" coveredstatements="14" conditionals="13" coveredconditionals="12" methods="1" coveredmethods="1"/>
        <line num="6" count="4" type="stmt"/>
        <line num="7" count="4" type="stmt"/>
        <line num="28" count="22" type="cond" truecount="2" falsecount="0"/>
        <line num="30" count="22" type="cond" truecount="1" falsecount="1"/>
        <line num="32" count="22" type="stmt"/>
        <line num="37" count="22" type="cond" truecount="4" falsecount="0"/>
        <line num="38" count="5" type="stmt"/>
        <line num="41" count="22" type="stmt"/>
        <line num="42" count="22" type="stmt"/>
        <line num="48" count="18" type="cond" truecount="2" falsecount="0"/>
        <line num="49" count="4" type="stmt"/>
        <line num="52" count="14" type="stmt"/>
        <line num="53" count="14" type="stmt"/>
        <line num="55" count="4" type="stmt"/>
      </file>
      <file name="images.ts" path="C:\PAS ONEDRIVE\M1\dev_adv\dvlpmnt_front-end_adv\src\lib\api\images.ts">
        <metrics statements="12" coveredstatements="12" conditionals="12" coveredconditionals="12" methods="2" coveredmethods="2"/>
        <line num="14" count="6" type="cond" truecount="2" falsecount="0"/>
        <line num="16" count="5" type="stmt"/>
        <line num="18" count="5" type="cond" truecount="2" falsecount="0"/>
        <line num="19" count="2" type="stmt"/>
        <line num="20" count="2" type="stmt"/>
        <line num="23" count="3" type="cond" truecount="2" falsecount="0"/>
        <line num="27" count="6" type="cond" truecount="4" falsecount="0"/>
        <line num="29" count="4" type="stmt"/>
        <line num="34" count="4" type="cond" truecount="2" falsecount="0"/>
        <line num="35" count="2" type="stmt"/>
        <line num="36" count="2" type="stmt"/>
        <line num="39" count="2" type="stmt"/>
      </file>
      <file name="rooms.ts" path="C:\PAS ONEDRIVE\M1\dev_adv\dvlpmnt_front-end_adv\src\lib\api\rooms.ts">
        <metrics statements="7" coveredstatements="7" conditionals="10" coveredconditionals="10" methods="2" coveredmethods="2"/>
        <line num="14" count="6" type="stmt"/>
        <line num="16" count="6" type="cond" truecount="2" falsecount="0"/>
        <line num="17" count="2" type="stmt"/>
        <line num="18" count="2" type="stmt"/>
        <line num="19" count="2" type="stmt"/>
        <line num="22" count="4" type="cond" truecount="2" falsecount="0"/>
        <line num="24" count="6" type="stmt"/>
      </file>
    </package>
    <package name="assets">
      <metrics statements="0" coveredstatements="0" conditionals="0" coveredconditionals="0" methods="0" coveredmethods="0"/>
      <file name="default-avatar.png" path="C:\PAS ONEDRIVE\M1\dev_adv\dvlpmnt_front-end_adv\src\lib\assets\default-avatar.png">
        <metrics statements="0" coveredstatements="0" conditionals="0" coveredconditionals="0" methods="0" coveredmethods="0"/>
      </file>
    </package>
    <package name="services">
      <metrics statements="248" coveredstatements="230" conditionals="163" coveredconditionals="128" methods="47" coveredmethods="42"/>
      <file name="conference.ts" path="C:\PAS ONEDRIVE\M1\dev_adv\dvlpmnt_front-end_adv\src\lib\services\conference.ts">
        <metrics statements="219" coveredstatements="201" conditionals="143" coveredconditionals="109" methods="42" coveredmethods="37"/>
        <line num="57" count="1" type="stmt"/>
        <line num="74" count="48" type="stmt"/>
        <line num="77" count="48" type="stmt"/>
        <line num="84" count="48" type="stmt"/>
        <line num="85" count="48" type="stmt"/>
        <line num="86" count="48" type="stmt"/>
        <line num="89" count="48" type="stmt"/>
        <line num="110" count="48" type="stmt"/>
        <line num="111" count="48" type="stmt"/>
        <line num="112" count="48" type="stmt"/>
        <line num="113" count="48" type="stmt"/>
        <line num="114" count="48" type="stmt"/>
        <line num="115" count="48" type="stmt"/>
        <line num="116" count="48" type="stmt"/>
        <line num="117" count="48" type="stmt"/>
        <line num="119" count="48" type="stmt"/>
        <line num="126" count="48" type="stmt"/>
        <line num="133" count="29" type="stmt"/>
        <line num="142" count="48" type="stmt"/>
        <line num="143" count="12" type="stmt"/>
        <line num="147" count="48" type="stmt"/>
        <line num="148" count="10" type="stmt"/>
        <line num="152" count="48" type="stmt"/>
        <line num="153" count="3" type="stmt"/>
        <line num="157" count="48" type="stmt"/>
        <line num="158" count="3" type="stmt"/>
        <line num="166" count="3" type="cond" truecount="2" falsecount="0"/>
        <line num="167" count="2" type="cond" truecount="4" falsecount="0"/>
        <line num="170" count="1" type="stmt"/>
        <line num="182" count="3" type="cond" truecount="2" falsecount="0"/>
        <line num="183" count="2" type="cond" truecount="2" falsecount="0"/>
        <line num="186" count="1" type="stmt"/>
        <line num="191" count="1" type="stmt"/>
        <line num="199" count="2" type="cond" truecount="2" falsecount="0"/>
        <line num="201" count="1" type="stmt"/>
        <line num="209" count="12" type="cond" truecount="1" falsecount="1"/>
        <line num="210" count="12" type="cond" truecount="2" falsecount="0"/>
        <line num="211" count="11" type="cond" truecount="2" falsecount="0"/>
        <line num="212" count="10" type="cond" truecount="2" falsecount="0"/>
        <line num="213" count="9" type="cond" truecount="2" falsecount="0"/>
        <line num="216" count="7" type="cond" truecount="2" falsecount="2"/>
        <line num="217" count="0" type="stmt"/>
        <line num="220" count="7" type="stmt"/>
        <line num="222" count="7" type="cond" truecount="2" falsecount="0"/>
        <line num="223" count="4" type="stmt"/>
        <line num="224" count="3" type="cond" truecount="2" falsecount="0"/>
        <line num="225" count="1" type="stmt"/>
        <line num="226" count="2" type="cond" truecount="1" falsecount="1"/>
        <line num="227" count="2" type="stmt"/>
        <line num="233" count="10" type="stmt"/>
        <line num="235" count="10" type="cond" truecount="4" falsecount="0"/>
        <line num="238" count="1" type="cond" truecount="1" falsecount="1"/>
        <line num="239" count="1" type="stmt"/>
        <line num="245" count="1" type="stmt"/>
        <line num="249" count="1" type="cond" truecount="1" falsecount="1"/>
        <line num="250" count="1" type="stmt"/>
        <line num="251" count="1" type="stmt"/>
        <line num="257" count="1" type="stmt"/>
        <line num="261" count="5" type="cond" truecount="1" falsecount="1"/>
        <line num="262" count="5" type="stmt"/>
        <line num="263" count="5" type="stmt"/>
        <line num="268" count="5" type="cond" truecount="3" falsecount="1"/>
        <line num="269" count="5" type="stmt"/>
        <line num="272" count="5" type="stmt"/>
        <line num="276" count="3" type="cond" truecount="2" falsecount="0"/>
        <line num="277" count="2" type="stmt"/>
        <line num="278" count="4" type="stmt"/>
        <line num="282" count="2" type="stmt"/>
        <line num="285" count="2" type="cond" truecount="5" falsecount="0"/>
        <line num="287" count="1" type="stmt"/>
        <line num="288" count="1" type="stmt"/>
        <line num="294" count="1" type="stmt"/>
        <line num="300" count="3" type="stmt"/>
        <line num="303" count="10" type="stmt"/>
        <line num="314" count="34" type="cond" truecount="4" falsecount="0"/>
        <line num="315" count="1" type="stmt"/>
        <line num="318" count="33" type="stmt"/>
        <line num="319" count="33" type="stmt"/>
        <line num="322" count="33" type="stmt"/>
        <line num="324" count="32" type="stmt"/>
        <line num="325" count="32" type="stmt"/>
        <line num="327" count="32" type="cond" truecount="2" falsecount="0"/>
        <line num="329" count="28" type="stmt"/>
        <line num="333" count="32" type="stmt"/>
        <line num="334" count="32" type="cond" truecount="1" falsecount="1"/>
        <line num="335" count="32" type="stmt"/>
        <line num="338" count="32" type="stmt"/>
        <line num="345" count="32" type="stmt"/>
        <line num="354" count="34" type="stmt"/>
        <line num="360" count="34" type="stmt"/>
        <line num="361" count="38" type="cond" truecount="4" falsecount="0"/>
        <line num="362" count="6" type="stmt"/>
        <line num="366" count="32" type="stmt"/>
        <line num="368" count="1" type="stmt"/>
        <line num="369" count="1" type="stmt"/>
        <line num="375" count="1" type="cond" truecount="1" falsecount="1"/>
        <line num="378" count="1" type="stmt"/>
        <line num="379" count="0" type="cond" truecount="0" falsecount="2"/>
        <line num="380" count="0" type="stmt"/>
        <line num="383" count="0" type="stmt"/>
        <line num="394" count="56" type="cond" truecount="2" falsecount="0"/>
        <line num="395" count="25" type="stmt"/>
        <line num="398" count="31" type="stmt"/>
        <line num="400" count="31" type="stmt"/>
        <line num="401" count="31" type="stmt"/>
        <line num="402" count="39" type="stmt"/>
        <line num="406" count="31" type="stmt"/>
        <line num="415" count="56" type="stmt"/>
        <line num="421" count="56" type="stmt"/>
        <line num="424" count="56" type="cond" truecount="2" falsecount="0"/>
        <line num="425" count="6" type="stmt"/>
        <line num="431" count="25" type="stmt"/>
        <line num="438" count="31" type="stmt"/>
        <line num="445" count="4" type="stmt"/>
        <line num="446" count="4" type="stmt"/>
        <line num="447" count="8" type="cond" truecount="1" falsecount="1"/>
        <line num="449" count="4" type="stmt"/>
        <line num="456" count="2" type="stmt"/>
        <line num="459" count="2" type="cond" truecount="2" falsecount="0"/>
        <line num="460" count="1" type="stmt"/>
        <line num="461" count="2" type="stmt"/>
        <line num="462" count="1" type="stmt"/>
        <line num="468" count="2" type="stmt"/>
        <line num="475" count="8" type="cond" truecount="2" falsecount="0"/>
        <line num="476" count="7" type="stmt"/>
        <line num="481" count="7" type="stmt"/>
        <line num="490" count="33" type="cond" truecount="1" falsecount="1"/>
        <line num="492" count="33" type="stmt"/>
        <line num="493" count="33" type="stmt"/>
        <line num="497" count="32" type="stmt"/>
        <line num="499" count="1" type="stmt"/>
        <line num="504" count="33" type="cond" truecount="2" falsecount="0"/>
        <line num="505" count="32" type="stmt"/>
        <line num="506" count="32" type="stmt"/>
        <line num="511" count="15" type="cond" truecount="2" falsecount="0"/>
        <line num="512" count="1" type="stmt"/>
        <line num="515" count="14" type="stmt"/>
        <line num="516" count="14" type="stmt"/>
        <line num="519" count="14" type="cond" truecount="1" falsecount="1"/>
        <line num="520" count="14" type="stmt"/>
        <line num="521" count="14" type="stmt"/>
        <line num="526" count="14" type="stmt"/>
        <line num="527" count="0" type="cond" truecount="0" falsecount="4"/>
        <line num="528" count="0" type="stmt"/>
        <line num="536" count="0" type="stmt"/>
        <line num="541" count="14" type="stmt"/>
        <line num="542" count="0" type="stmt"/>
        <line num="543" count="0" type="stmt"/>
        <line num="547" count="14" type="stmt"/>
        <line num="548" count="0" type="cond" truecount="0" falsecount="2"/>
        <line num="553" count="0" type="stmt"/>
        <line num="558" count="14" type="cond" truecount="2" falsecount="0"/>
        <line num="559" count="10" type="stmt"/>
        <line num="560" count="10" type="stmt"/>
        <line num="561" count="10" type="stmt"/>
        <line num="563" count="10" type="cond" truecount="2" falsecount="0"/>
        <line num="564" count="9" type="stmt"/>
        <line num="572" count="9" type="stmt"/>
        <line num="575" count="0" type="stmt"/>
        <line num="576" count="0" type="stmt"/>
        <line num="583" count="4" type="cond" truecount="1" falsecount="1"/>
        <line num="584" count="4" type="stmt"/>
        <line num="587" count="4" type="stmt"/>
        <line num="588" count="4" type="cond" truecount="1" falsecount="1"/>
        <line num="590" count="4" type="stmt"/>
        <line num="591" count="4" type="stmt"/>
        <line num="594" count="4" type="cond" truecount="2" falsecount="0"/>
        <line num="595" count="4" type="stmt"/>
        <line num="596" count="0" type="stmt"/>
        <line num="598" count="4" type="stmt"/>
        <line num="601" count="4" type="stmt"/>
        <line num="602" count="4" type="stmt"/>
        <line num="604" count="4" type="cond" truecount="1" falsecount="1"/>
        <line num="605" count="4" type="stmt"/>
        <line num="613" count="4" type="stmt"/>
        <line num="616" count="0" type="stmt"/>
        <line num="621" count="1" type="stmt"/>
        <line num="622" count="1" type="cond" truecount="1" falsecount="1"/>
        <line num="624" count="1" type="stmt"/>
        <line num="625" count="1" type="stmt"/>
        <line num="628" count="1" type="cond" truecount="2" falsecount="0"/>
        <line num="629" count="1" type="stmt"/>
        <line num="630" count="0" type="stmt"/>
        <line num="632" count="1" type="stmt"/>
        <line num="634" count="0" type="stmt"/>
        <line num="639" count="2" type="stmt"/>
        <line num="641" count="2" type="cond" truecount="5" falsecount="0"/>
        <line num="642" count="1" type="stmt"/>
        <line num="643" count="1" type="stmt"/>
        <line num="645" count="0" type="stmt"/>
        <line num="649" count="1" type="cond" truecount="2" falsecount="0"/>
        <line num="650" count="1" type="stmt"/>
        <line num="651" count="1" type="stmt"/>
        <line num="656" count="15" type="stmt"/>
        <line num="657" count="15" type="cond" truecount="2" falsecount="0"/>
        <line num="658" count="14" type="stmt"/>
        <line num="659" count="14" type="stmt"/>
        <line num="661" count="15" type="stmt"/>
        <line num="662" count="15" type="stmt"/>
        <line num="666" count="33" type="stmt"/>
        <line num="667" count="12" type="stmt"/>
        <line num="669" count="33" type="stmt"/>
        <line num="677" count="28" type="stmt"/>
        <line num="681" count="146" type="stmt"/>
        <line num="682" count="146" type="stmt"/>
        <line num="686" count="87" type="stmt"/>
        <line num="688" count="87" type="stmt"/>
        <line num="689" count="13" type="stmt"/>
        <line num="698" count="87" type="stmt"/>
        <line num="699" count="7" type="cond" truecount="2" falsecount="0"/>
        <line num="700" count="3" type="cond" truecount="2" falsecount="0"/>
        <line num="701" count="1" type="cond" truecount="2" falsecount="2"/>
        <line num="702" count="1" type="cond" truecount="3" falsecount="1"/>
        <line num="703" count="1" type="stmt"/>
        <line num="706" count="87" type="stmt"/>
        <line num="713" count="2" type="cond" truecount="2" falsecount="0"/>
        <line num="720" count="49" type="stmt"/>
        <line num="721" count="49" type="stmt"/>
        <line num="722" count="49" type="stmt"/>
      </file>
      <file name="device.ts" path="C:\PAS ONEDRIVE\M1\dev_adv\dvlpmnt_front-end_adv\src\lib\services\device.ts">
        <metrics statements="11" coveredstatements="11" conditionals="14" coveredconditionals="14" methods="2" coveredmethods="2"/>
        <line num="3" count="4" type="cond" truecount="4" falsecount="0"/>
        <line num="5" count="3" type="stmt"/>
        <line num="15" count="6" type="cond" truecount="4" falsecount="0"/>
        <line num="17" count="4" type="stmt"/>
        <line num="18" count="4" type="cond" truecount="2" falsecount="0"/>
        <line num="19" count="2" type="stmt"/>
        <line num="21" count="4" type="cond" truecount="2" falsecount="0"/>
        <line num="22" count="3" type="stmt"/>
        <line num="23" count="3" type="cond" truecount="2" falsecount="0"/>
        <line num="24" count="3" type="stmt"/>
        <line num="26" count="1" type="stmt"/>
      </file>
      <file name="socket.ts" path="C:\PAS ONEDRIVE\M1\dev_adv\dvlpmnt_front-end_adv\src\lib\services\socket.ts">
        <metrics statements="18" coveredstatements="18" conditionals="6" coveredconditionals="5" methods="3" coveredmethods="3"/>
        <line num="4" count="1" type="stmt"/>
        <line num="5" count="1" type="stmt"/>
        <line num="7" count="1" type="stmt"/>
        <line num="10" count="8" type="cond" truecount="2" falsecount="0"/>
        <line num="11" count="6" type="stmt"/>
        <line num="17" count="8" type="stmt"/>
        <line num="21" count="2" type="stmt"/>
        <line num="22" count="2" type="stmt"/>
        <line num="23" count="2" type="stmt"/>
        <line num="25" count="1" type="stmt"/>
        <line num="27" count="2" type="stmt"/>
        <line num="31" count="6" type="cond" truecount="2" falsecount="0"/>
        <line num="32" count="5" type="stmt"/>
        <line num="33" count="5" type="stmt"/>
        <line num="34" count="5" type="cond" truecount="1" falsecount="1"/>
        <line num="35" count="5" type="stmt"/>
        <line num="37" count="5" type="stmt"/>
        <line num="39" count="5" type="stmt"/>
      </file>
    </package>
    <package name="storage">
      <metrics statements="104" coveredstatements="104" conditionals="62" coveredconditionals="60" methods="34" coveredmethods="34"/>
      <file name="chat.ts" path="C:\PAS ONEDRIVE\M1\dev_adv\dvlpmnt_front-end_adv\src\lib\storage\chat.ts">
        <metrics statements="13" coveredstatements="13" conditionals="6" coveredconditionals="6" methods="8" coveredmethods="8"/>
        <line num="7" count="1" type="stmt"/>
        <line num="19" count="5" type="stmt"/>
        <line num="20" count="5" type="stmt"/>
        <line num="22" count="9" type="cond" truecount="4" falsecount="0"/>
        <line num="30" count="2" type="stmt"/>
        <line num="31" count="2" type="stmt"/>
        <line num="33" count="1" type="stmt"/>
        <line num="39" count="2" type="cond" truecount="2" falsecount="0"/>
        <line num="40" count="1" type="stmt"/>
        <line num="41" count="1" type="stmt"/>
        <line num="46" count="2" type="stmt"/>
        <line num="47" count="5" type="stmt"/>
        <line num="48" count="2" type="stmt"/>
      </file>
      <file name="photos.ts" path="C:\PAS ONEDRIVE\M1\dev_adv\dvlpmnt_front-end_adv\src\lib\storage\photos.ts">
        <metrics statements="18" coveredstatements="18" conditionals="5" coveredconditionals="4" methods="7" coveredmethods="7"/>
        <line num="4" count="1" type="stmt"/>
        <line num="5" count="1" type="stmt"/>
        <line num="10" count="7" type="stmt"/>
        <line num="11" count="7" type="cond" truecount="1" falsecount="1"/>
        <line num="12" count="7" type="stmt"/>
        <line num="13" count="120" type="cond" truecount="3" falsecount="0"/>
        <line num="19" count="6" type="stmt"/>
        <line num="20" count="6" type="stmt"/>
        <line num="23" count="1" type="stmt"/>
        <line num="29" count="1" type="stmt"/>
        <line num="30" count="1" type="stmt"/>
        <line num="31" count="1" type="stmt"/>
        <line num="32" count="1" type="stmt"/>
        <line num="37" count="3" type="stmt"/>
        <line num="38" count="2" type="stmt"/>
        <line num="39" count="2" type="stmt"/>
        <line num="43" count="1" type="stmt"/>
        <line num="44" count="1" type="stmt"/>
      </file>
      <file name="profile.ts" path="C:\PAS ONEDRIVE\M1\dev_adv\dvlpmnt_front-end_adv\src\lib\storage\profile.ts">
        <metrics statements="39" coveredstatements="39" conditionals="29" coveredconditionals="29" methods="9" coveredmethods="9"/>
        <line num="5" count="1" type="stmt"/>
        <line num="7" count="1" type="stmt"/>
        <line num="8" count="1" type="stmt"/>
        <line num="9" count="1" type="stmt"/>
        <line num="26" count="4" type="stmt"/>
        <line num="27" count="4" type="stmt"/>
        <line num="28" count="4" type="cond" truecount="2" falsecount="0"/>
        <line num="29" count="4" type="cond" truecount="2" falsecount="0"/>
        <line num="30" count="4" type="stmt"/>
        <line num="36" count="1" type="stmt"/>
        <line num="41" count="2" type="stmt"/>
        <line num="42" count="2" type="stmt"/>
        <line num="43" count="2" type="stmt"/>
        <line num="48" count="2" type="stmt"/>
        <line num="49" count="2" type="cond" truecount="2" falsecount="0"/>
        <line num="51" count="1" type="stmt"/>
        <line num="55" count="2" type="stmt"/>
        <line num="56" count="2" type="stmt"/>
        <line num="61" count="7" type="stmt"/>
        <line num="62" count="7" type="stmt"/>
        <line num="63" count="7" type="cond" truecount="2" falsecount="0"/>
        <line num="64" count="4" type="stmt"/>
        <line num="65" count="4" type="cond" truecount="4" falsecount="0"/>
        <line num="66" count="3" type="stmt"/>
        <line num="74" count="1" type="stmt"/>
        <line num="79" count="2" type="stmt"/>
        <line num="80" count="2" type="stmt"/>
        <line num="85" count="2" type="stmt"/>
        <line num="86" count="2" type="stmt"/>
        <line num="91" count="5" type="stmt"/>
        <line num="93" count="5" type="stmt"/>
        <line num="97" count="4" type="cond" truecount="2" falsecount="0"/>
        <line num="98" count="3" type="stmt"/>
        <line num="99" count="3" type="cond" truecount="2" falsecount="0"/>
        <line num="100" count="5" type="stmt"/>
        <line num="105" count="1" type="stmt"/>
        <line num="110" count="1" type="stmt"/>
        <line num="111" count="1" type="stmt"/>
        <line num="112" count="1" type="stmt"/>
      </file>
      <file name="rooms.ts" path="C:\PAS ONEDRIVE\M1\dev_adv\dvlpmnt_front-end_adv\src\lib\storage\rooms.ts">
        <metrics statements="34" coveredstatements="34" conditionals="22" coveredconditionals="21" methods="10" coveredmethods="10"/>
        <line num="9" count="2" type="stmt"/>
        <line num="11" count="2" type="stmt"/>
        <line num="17" count="2" type="stmt"/>
        <line num="20" count="17" type="stmt"/>
        <line num="21" count="17" type="stmt"/>
        <line num="23" count="20" type="cond" truecount="4" falsecount="0"/>
        <line num="31" count="13" type="stmt"/>
        <line num="32" count="13" type="stmt"/>
        <line num="37" count="6" type="stmt"/>
        <line num="38" count="6" type="cond" truecount="2" falsecount="0"/>
        <line num="39" count="4" type="stmt"/>
        <line num="40" count="4" type="cond" truecount="2" falsecount="0"/>
        <line num="41" count="3" type="stmt"/>
        <line num="43" count="4" type="stmt"/>
        <line num="47" count="6" type="stmt"/>
        <line num="48" count="6" type="stmt"/>
        <line num="49" count="6" type="stmt"/>
        <line num="50" count="4" type="cond" truecount="2" falsecount="0"/>
        <line num="51" count="3" type="stmt"/>
        <line num="54" count="2" type="stmt"/>
        <line num="57" count="3" type="cond" truecount="2" falsecount="0"/>
        <line num="58" count="1" type="stmt"/>
        <line num="61" count="2" type="stmt"/>
        <line num="62" count="2" type="stmt"/>
        <line num="66" count="4" type="stmt"/>
        <line num="67" count="4" type="cond" truecount="2" falsecount="0"/>
        <line num="68" count="4" type="cond" truecount="2" falsecount="0"/>
        <line num="69" count="4" type="cond" truecount="2" falsecount="0"/>
        <line num="70" count="3" type="stmt"/>
        <line num="71" count="3" type="stmt"/>
        <line num="73" count="3" type="cond" truecount="2" falsecount="0"/>
        <line num="75" count="1" type="cond" truecount="1" falsecount="1"/>
        <line num="76" count="4" type="stmt"/>
        <line num="77" count="4" type="stmt"/>
      </file>
    </package>
    <package name="stores">
      <metrics statements="9" coveredstatements="9" conditionals="2" coveredconditionals="2" methods="4" coveredmethods="4"/>
      <file name="loading.ts" path="C:\PAS ONEDRIVE\M1\dev_adv\dvlpmnt_front-end_adv\src\lib\stores\loading.ts">
        <metrics statements="9" coveredstatements="9" conditionals="2" coveredconditionals="2" methods="4" coveredmethods="4"/>
        <line num="9" count="1" type="stmt"/>
        <line num="14" count="1" type="stmt"/>
        <line num="16" count="5" type="cond" truecount="1" falsecount="0"/>
        <line num="17" count="7" type="stmt"/>
        <line num="22" count="1" type="stmt"/>
        <line num="31" count="2" type="stmt"/>
        <line num="32" count="2" type="stmt"/>
        <line num="33" count="2" type="stmt"/>
        <line num="35" count="2" type="stmt"/>
      </file>
    </package>
    <package name="utils">
      <metrics statements="37" coveredstatements="37" conditionals="28" coveredconditionals="28" methods="19" coveredmethods="19"/>
      <file name="download.ts" path="C:\PAS ONEDRIVE\M1\dev_adv\dvlpmnt_front-end_adv\src\lib\utils\download.ts">
        <metrics statements="10" coveredstatements="10" conditionals="1" coveredconditionals="1" methods="5" coveredmethods="5"/>
        <line num="16" count="3" type="stmt"/>
        <line num="17" count="3" type="stmt"/>
        <line num="18" count="3" type="stmt"/>
        <line num="19" count="3" type="stmt"/>
        <line num="26" count="4" type="stmt"/>
        <line num="27" count="4" type="stmt"/>
        <line num="28" count="4" type="stmt"/>
        <line num="29" count="4" type="stmt"/>
        <line num="30" count="4" type="stmt"/>
        <line num="38" count="2" type="stmt"/>
      </file>
      <file name="format.ts" path="C:\PAS ONEDRIVE\M1\dev_adv\dvlpmnt_front-end_adv\src\lib\utils\format.ts">
        <metrics statements="8" coveredstatements="8" conditionals="8" coveredconditionals="8" methods="4" coveredmethods="4"/>
        <line num="10" count="16" type="stmt"/>
        <line num="11" count="16" type="cond" truecount="2" falsecount="0"/>
        <line num="12" count="14" type="stmt"/>
        <line num="19" count="6" type="cond" truecount="2" falsecount="0"/>
        <line num="20" count="6" type="cond" truecount="2" falsecount="0"/>
        <line num="27" count="1" type="stmt"/>
        <line num="34" count="4" type="cond" truecount="2" falsecount="0"/>
        <line num="35" count="2" type="stmt"/>
      </file>
      <file name="merge.ts" path="C:\PAS ONEDRIVE\M1\dev_adv\dvlpmnt_front-end_adv\src\lib\utils\merge.ts">
        <metrics statements="10" coveredstatements="10" conditionals="6" coveredconditionals="6" methods="4" coveredmethods="4"/>
        <line num="9" count="3" type="stmt"/>
        <line num="16" count="9" type="stmt"/>
        <line num="18" count="9" type="stmt"/>
        <line num="19" count="11" type="stmt"/>
        <line num="20" count="11" type="stmt"/>
        <line num="21" count="11" type="stmt"/>
        <line num="22" count="11" type="stmt"/>
        <line num="29" count="9" type="stmt"/>
        <line num="30" count="9" type="stmt"/>
        <line num="32" count="9" type="stmt"/>
      </file>
      <file name="validation.ts" path="C:\PAS ONEDRIVE\M1\dev_adv\dvlpmnt_front-end_adv\src\lib\utils\validation.ts">
        <metrics statements="9" coveredstatements="9" conditionals="13" coveredconditionals="13" methods="6" coveredmethods="6"/>
        <line num="6" count="11" type="cond" truecount="2" falsecount="0"/>
        <line num="10" count="7" type="cond" truecount="2" falsecount="0"/>
        <line num="14" count="8" type="cond" truecount="3" falsecount="0"/>
        <line num="21" count="35" type="cond" truecount="2" falsecount="0"/>
        <line num="22" count="26" type="stmt"/>
        <line num="23" count="26" type="stmt"/>
        <line num="25" count="2" type="stmt"/>
        <line num="36" count="5" type="cond" truecount="4" falsecount="0"/>
        <line num="37" count="5" type="stmt"/>
      </file>
    </package>
  </project>
</coverage>
