{"C:\\PAS ONEDRIVE\\M1\\dev_adv\\dvlpmnt_front-end_adv\\src\\lib\\api\\client.ts": {"path":"C:\\PAS ONEDRIVE\\M1\\dev_adv\\dvlpmnt_front-end_adv\\src\\lib\\api\\client.ts","statementMap":{"0":{"start":{"line":6,"column":26},"end":{"line":6,"column":null}},"1":{"start":{"line":7,"column":24},"end":{"line":7,"column":null}},"2":{"start":{"line":28,"column":48},"end":{"line":28,"column":null}},"3":{"start":{"line":30,"column":13},"end":{"line":30,"column":null}},"4":{"start":{"line":32,"column":48},"end":{"line":35,"column":null}},"5":{"start":{"line":37,"column":1},"end":{"line":39,"column":null}},"6":{"start":{"line":38,"column":2},"end":{"line":38,"column":null}},"7":{"start":{"line":41,"column":1},"end":{"line":56,"column":null}},"8":{"start":{"line":42,"column":14},"end":{"line":46,"column":null}},"9":{"start":{"line":48,"column":2},"end":{"line":50,"column":null}},"10":{"start":{"line":49,"column":3},"end":{"line":49,"column":null}},"11":{"start":{"line":52,"column":16},"end":{"line":52,"column":null}},"12":{"start":{"line":53,"column":2},"end":{"line":53,"column":null}},"13":{"start":{"line":55,"column":2},"end":{"line":55,"column":null}}},"fnMap":{"0":{"name":"apiFetch","decl":{"start":{"line":24,"column":22},"end":{"line":24,"column":null}},"loc":{"start":{"line":27,"column":27},"end":{"line":57,"column":null}},"line":27}},"branchMap":{"0":{"loc":{"start":{"line":26,"column":1},"end":{"line":26,"column":null}},"type":"default-arg","locations":[{"start":{"line":26,"column":30},"end":{"line":26,"column":null}}],"line":26},"1":{"loc":{"start":{"line":28,"column":9},"end":{"line":28,"column":25}},"type":"default-arg","locations":[{"start":{"line":28,"column":18},"end":{"line":28,"column":25}}],"line":28},"2":{"loc":{"start":{"line":28,"column":31},"end":{"line":28,"column":44}},"type":"default-arg","locations":[{"start":{"line":28,"column":41},"end":{"line":28,"column":44}}],"line":28},"3":{"loc":{"start":{"line":30,"column":13},"end":{"line":30,"column":null}},"type":"cond-expr","locations":[{"start":{"line":30,"column":43},"end":{"line":30,"column":54}},{"start":{"line":30,"column":54},"end":{"line":30,"column":null}}],"line":30},"4":{"loc":{"start":{"line":37,"column":1},"end":{"line":39,"column":null}},"type":"if","locations":[{"start":{"line":37,"column":1},"end":{"line":39,"column":null}},{"start":{},"end":{}}],"line":37},"5":{"loc":{"start":{"line":37,"column":5},"end":{"line":37,"column":31}},"type":"binary-expr","locations":[{"start":{"line":37,"column":5},"end":{"line":37,"column":13}},{"start":{"line":37,"column":13},"end":{"line":37,"column":31}}],"line":37},"6":{"loc":{"start":{"line":45,"column":9},"end":{"line":45,"column":null}},"type":"cond-expr","locations":[{"start":{"line":45,"column":16},"end":{"line":45,"column":39}},{"start":{"line":45,"column":39},"end":{"line":45,"column":null}}],"line":45},"7":{"loc":{"start":{"line":48,"column":2},"end":{"line":50,"column":null}},"type":"if","locations":[{"start":{"line":48,"column":2},"end":{"line":50,"column":null}},{"start":{},"end":{}}],"line":48}},"s":{"0":4,"1":4,"2":22,"3":22,"4":22,"5":22,"6":5,"7":22,"8":22,"9":18,"10":4,"11":14,"12":14,"13":4},"f":{"0":22},"b":{"0":[22],"1":[22],"2":[22],"3":[0,22],"4":[5,17],"5":[22,5],"6":[5,17],"7":[4,14]},"meta":{"lastBranch":8,"lastFunction":1,"lastStatement":14,"seen":{"s:6:26:6:Infinity":0,"s:7:24:7:Infinity":1,"f:24:22:24:Infinity":0,"b:26:30:26:Infinity":0,"s:28:48:28:Infinity":2,"b:28:18:28:25":1,"b:28:41:28:44":2,"s:30:13:30:Infinity":3,"b:30:43:30:54:30:54:30:Infinity":3,"s:32:48:35:Infinity":4,"b:37:1:39:Infinity:undefined:undefined:undefined:undefined":4,"s:37:1:39:Infinity":5,"b:37:5:37:13:37:13:37:31":5,"s:38:2:38:Infinity":6,"s:41:1:56:Infinity":7,"s:42:14:46:Infinity":8,"b:45:16:45:39:45:39:45:Infinity":6,"b:48:2:50:Infinity:undefined:undefined:undefined:undefined":7,"s:48:2:50:Infinity":9,"s:49:3:49:Infinity":10,"s:52:16:52:Infinity":11,"s:53:2:53:Infinity":12,"s:55:2:55:Infinity":13}}}
,"C:\\PAS ONEDRIVE\\M1\\dev_adv\\dvlpmnt_front-end_adv\\src\\lib\\api\\images.ts": {"path":"C:\\PAS ONEDRIVE\\M1\\dev_adv\\dvlpmnt_front-end_adv\\src\\lib\\api\\images.ts","statementMap":{"0":{"start":{"line":14,"column":1},"end":{"line":14,"column":null}},"1":{"start":{"line":14,"column":10},"end":{"line":14,"column":null}},"2":{"start":{"line":16,"column":18},"end":{"line":16,"column":null}},"3":{"start":{"line":18,"column":1},"end":{"line":21,"column":null}},"4":{"start":{"line":19,"column":2},"end":{"line":19,"column":null}},"5":{"start":{"line":20,"column":2},"end":{"line":20,"column":null}},"6":{"start":{"line":23,"column":1},"end":{"line":23,"column":null}},"7":{"start":{"line":27,"column":1},"end":{"line":27,"column":null}},"8":{"start":{"line":27,"column":24},"end":{"line":27,"column":null}},"9":{"start":{"line":29,"column":18},"end":{"line":32,"column":null}},"10":{"start":{"line":34,"column":1},"end":{"line":37,"column":null}},"11":{"start":{"line":35,"column":2},"end":{"line":35,"column":null}},"12":{"start":{"line":36,"column":2},"end":{"line":36,"column":null}},"13":{"start":{"line":39,"column":1},"end":{"line":39,"column":null}}},"fnMap":{"0":{"name":"fetchUserImage","decl":{"start":{"line":13,"column":22},"end":{"line":13,"column":37}},"loc":{"start":{"line":13,"column":73},"end":{"line":24,"column":null}},"line":13},"1":{"name":"uploadUserImage","decl":{"start":{"line":26,"column":22},"end":{"line":26,"column":38}},"loc":{"start":{"line":26,"column":87},"end":{"line":40,"column":null}},"line":26}},"branchMap":{"0":{"loc":{"start":{"line":14,"column":1},"end":{"line":14,"column":null}},"type":"if","locations":[{"start":{"line":14,"column":1},"end":{"line":14,"column":null}},{"start":{},"end":{}}],"line":14},"1":{"loc":{"start":{"line":18,"column":1},"end":{"line":21,"column":null}},"type":"if","locations":[{"start":{"line":18,"column":1},"end":{"line":21,"column":null}},{"start":{},"end":{}}],"line":18},"2":{"loc":{"start":{"line":23,"column":1},"end":{"line":23,"column":null}},"type":"cond-expr","locations":[{"start":{"line":23,"column":47},"end":{"line":23,"column":76}},{"start":{"line":23,"column":76},"end":{"line":23,"column":null}}],"line":23},"3":{"loc":{"start":{"line":27,"column":1},"end":{"line":27,"column":null}},"type":"if","locations":[{"start":{"line":27,"column":1},"end":{"line":27,"column":null}},{"start":{},"end":{}}],"line":27},"4":{"loc":{"start":{"line":27,"column":5},"end":{"line":27,"column":24}},"type":"binary-expr","locations":[{"start":{"line":27,"column":5},"end":{"line":27,"column":12}},{"start":{"line":27,"column":12},"end":{"line":27,"column":24}}],"line":27},"5":{"loc":{"start":{"line":34,"column":1},"end":{"line":37,"column":null}},"type":"if","locations":[{"start":{"line":34,"column":1},"end":{"line":37,"column":null}},{"start":{},"end":{}}],"line":34}},"s":{"0":6,"1":1,"2":5,"3":5,"4":2,"5":2,"6":3,"7":6,"8":2,"9":4,"10":4,"11":2,"12":2,"13":2},"f":{"0":6,"1":6},"b":{"0":[1,5],"1":[2,3],"2":[1,2],"3":[2,4],"4":[6,5],"5":[2,2]},"meta":{"lastBranch":6,"lastFunction":2,"lastStatement":14,"seen":{"f:13:22:13:37":0,"b:14:1:14:Infinity:undefined:undefined:undefined:undefined":0,"s:14:1:14:Infinity":0,"s:14:10:14:Infinity":1,"s:16:18:16:Infinity":2,"b:18:1:21:Infinity:undefined:undefined:undefined:undefined":1,"s:18:1:21:Infinity":3,"s:19:2:19:Infinity":4,"s:20:2:20:Infinity":5,"s:23:1:23:Infinity":6,"b:23:47:23:76:23:76:23:Infinity":2,"f:26:22:26:38":1,"b:27:1:27:Infinity:undefined:undefined:undefined:undefined":3,"s:27:1:27:Infinity":7,"b:27:5:27:12:27:12:27:24":4,"s:27:24:27:Infinity":8,"s:29:18:32:Infinity":9,"b:34:1:37:Infinity:undefined:undefined:undefined:undefined":5,"s:34:1:37:Infinity":10,"s:35:2:35:Infinity":11,"s:36:2:36:Infinity":12,"s:39:1:39:Infinity":13}}}
,"C:\\PAS ONEDRIVE\\M1\\dev_adv\\dvlpmnt_front-end_adv\\src\\lib\\api\\rooms.ts": {"path":"C:\\PAS ONEDRIVE\\M1\\dev_adv\\dvlpmnt_front-end_adv\\src\\lib\\api\\rooms.ts","statementMap":{"0":{"start":{"line":14,"column":18},"end":{"line":14,"column":null}},"1":{"start":{"line":16,"column":1},"end":{"line":20,"column":null}},"2":{"start":{"line":17,"column":16},"end":{"line":17,"column":null}},"3":{"start":{"line":18,"column":2},"end":{"line":18,"column":null}},"4":{"start":{"line":19,"column":2},"end":{"line":19,"column":null}},"5":{"start":{"line":22,"column":17},"end":{"line":22,"column":null}},"6":{"start":{"line":24,"column":1},"end":{"line":30,"column":null}},"7":{"start":{"line":24,"column":53},"end":{"line":30,"column":3}}},"fnMap":{"0":{"name":"fetchRoomsIndex","decl":{"start":{"line":13,"column":22},"end":{"line":13,"column":67}},"loc":{"start":{"line":13,"column":67},"end":{"line":31,"column":null}},"line":13},"1":{"name":"(anonymous_1)","decl":{"start":{"line":24,"column":36},"end":{"line":24,"column":37}},"loc":{"start":{"line":24,"column":53},"end":{"line":30,"column":3}},"line":24}},"branchMap":{"0":{"loc":{"start":{"line":16,"column":1},"end":{"line":20,"column":null}},"type":"if","locations":[{"start":{"line":16,"column":1},"end":{"line":20,"column":null}},{"start":{},"end":{}}],"line":16},"1":{"loc":{"start":{"line":22,"column":17},"end":{"line":22,"column":null}},"type":"binary-expr","locations":[{"start":{"line":22,"column":17},"end":{"line":22,"column":40}},{"start":{"line":22,"column":40},"end":{"line":22,"column":null}}],"line":22},"2":{"loc":{"start":{"line":27,"column":3},"end":{"line":29,"column":null}},"type":"cond-expr","locations":[{"start":{"line":28,"column":6},"end":{"line":28,"column":null}},{"start":{"line":29,"column":6},"end":{"line":29,"column":null}}],"line":27},"3":{"loc":{"start":{"line":27,"column":3},"end":{"line":27,"column":null}},"type":"binary-expr","locations":[{"start":{"line":27,"column":3},"end":{"line":27,"column":11}},{"start":{"line":27,"column":11},"end":{"line":27,"column":39}},{"start":{"line":27,"column":39},"end":{"line":27,"column":55}},{"start":{"line":27,"column":55},"end":{"line":27,"column":null}}],"line":27}},"s":{"0":6,"1":6,"2":2,"3":2,"4":2,"5":4,"6":6,"7":5},"f":{"0":6,"1":5},"b":{"0":[2,4],"1":[4,1],"2":[2,3],"3":[5,5,5,3]},"meta":{"lastBranch":4,"lastFunction":2,"lastStatement":8,"seen":{"f:13:22:13:67":0,"s:14:18:14:Infinity":0,"b:16:1:20:Infinity:undefined:undefined:undefined:undefined":0,"s:16:1:20:Infinity":1,"s:17:16:17:Infinity":2,"s:18:2:18:Infinity":3,"s:19:2:19:Infinity":4,"s:22:17:22:Infinity":5,"b:22:17:22:40:22:40:22:Infinity":1,"s:24:1:30:Infinity":6,"f:24:36:24:37":1,"s:24:53:30:3":7,"b:28:6:28:Infinity:29:6:29:Infinity":2,"b:27:3:27:11:27:11:27:39:27:39:27:55:27:55:27:Infinity":3}}}
,"C:\\PAS ONEDRIVE\\M1\\dev_adv\\dvlpmnt_front-end_adv\\src\\lib\\assets\\default-avatar.png": {"path":"C:\\PAS ONEDRIVE\\M1\\dev_adv\\dvlpmnt_front-end_adv\\src\\lib\\assets\\default-avatar.png","statementMap":{},"fnMap":{},"branchMap":{},"s":{},"f":{},"b":{},"meta":{"lastBranch":0,"lastFunction":0,"lastStatement":0,"seen":{}}}
,"C:\\PAS ONEDRIVE\\M1\\dev_adv\\dvlpmnt_front-end_adv\\src\\lib\\services\\conference.ts": {"path":"C:\\PAS ONEDRIVE\\M1\\dev_adv\\dvlpmnt_front-end_adv\\src\\lib\\services\\conference.ts","statementMap":{"0":{"start":{"line":57,"column":36},"end":{"line":60,"column":null}},"1":{"start":{"line":74,"column":30},"end":{"line":74,"column":null}},"2":{"start":{"line":77,"column":41},"end":{"line":81,"column":null}},"3":{"start":{"line":84,"column":49},"end":{"line":84,"column":null}},"4":{"start":{"line":85,"column":65},"end":{"line":85,"column":null}},"5":{"start":{"line":86,"column":43},"end":{"line":86,"column":null}},"6":{"start":{"line":89,"column":61},"end":{"line":89,"column":null}},"7":{"start":{"line":110,"column":2},"end":{"line":110,"column":null}},"8":{"start":{"line":111,"column":2},"end":{"line":111,"column":null}},"9":{"start":{"line":112,"column":2},"end":{"line":112,"column":null}},"10":{"start":{"line":113,"column":2},"end":{"line":113,"column":null}},"11":{"start":{"line":114,"column":2},"end":{"line":114,"column":null}},"12":{"start":{"line":115,"column":2},"end":{"line":115,"column":null}},"13":{"start":{"line":116,"column":2},"end":{"line":116,"column":null}},"14":{"start":{"line":117,"column":2},"end":{"line":117,"column":null}},"15":{"start":{"line":119,"column":2},"end":{"line":119,"column":null}},"16":{"start":{"line":126,"column":2},"end":{"line":126,"column":null}},"17":{"start":{"line":133,"column":2},"end":{"line":133,"column":null}},"18":{"start":{"line":142,"column":2},"end":{"line":144,"column":null}},"19":{"start":{"line":143,"column":3},"end":{"line":143,"column":null}},"20":{"start":{"line":147,"column":2},"end":{"line":149,"column":null}},"21":{"start":{"line":148,"column":3},"end":{"line":148,"column":null}},"22":{"start":{"line":152,"column":2},"end":{"line":154,"column":null}},"23":{"start":{"line":153,"column":3},"end":{"line":153,"column":null}},"24":{"start":{"line":157,"column":2},"end":{"line":159,"column":null}},"25":{"start":{"line":158,"column":3},"end":{"line":158,"column":null}},"26":{"start":{"line":166,"column":2},"end":{"line":166,"column":null}},"27":{"start":{"line":166,"column":39},"end":{"line":166,"column":null}},"28":{"start":{"line":167,"column":2},"end":{"line":167,"column":null}},"29":{"start":{"line":167,"column":79},"end":{"line":167,"column":null}},"30":{"start":{"line":170,"column":2},"end":{"line":175,"column":null}},"31":{"start":{"line":182,"column":2},"end":{"line":182,"column":null}},"32":{"start":{"line":182,"column":39},"end":{"line":182,"column":null}},"33":{"start":{"line":183,"column":2},"end":{"line":183,"column":null}},"34":{"start":{"line":183,"column":42},"end":{"line":183,"column":null}},"35":{"start":{"line":186,"column":2},"end":{"line":190,"column":null}},"36":{"start":{"line":191,"column":2},"end":{"line":191,"column":null}},"37":{"start":{"line":199,"column":2},"end":{"line":199,"column":null}},"38":{"start":{"line":199,"column":42},"end":{"line":199,"column":null}},"39":{"start":{"line":201,"column":2},"end":{"line":204,"column":null}},"40":{"start":{"line":209,"column":2},"end":{"line":209,"column":null}},"41":{"start":{"line":209,"column":24},"end":{"line":209,"column":null}},"42":{"start":{"line":210,"column":2},"end":{"line":210,"column":null}},"43":{"start":{"line":210,"column":39},"end":{"line":210,"column":null}},"44":{"start":{"line":211,"column":2},"end":{"line":211,"column":null}},"45":{"start":{"line":211,"column":37},"end":{"line":211,"column":null}},"46":{"start":{"line":212,"column":2},"end":{"line":212,"column":null}},"47":{"start":{"line":212,"column":39},"end":{"line":212,"column":null}},"48":{"start":{"line":213,"column":2},"end":{"line":213,"column":null}},"49":{"start":{"line":213,"column":60},"end":{"line":213,"column":null}},"50":{"start":{"line":216,"column":2},"end":{"line":218,"column":null}},"51":{"start":{"line":217,"column":3},"end":{"line":217,"column":null}},"52":{"start":{"line":220,"column":35},"end":{"line":220,"column":null}},"53":{"start":{"line":222,"column":2},"end":{"line":228,"column":null}},"54":{"start":{"line":223,"column":3},"end":{"line":223,"column":null}},"55":{"start":{"line":224,"column":2},"end":{"line":228,"column":null}},"56":{"start":{"line":225,"column":3},"end":{"line":225,"column":null}},"57":{"start":{"line":226,"column":2},"end":{"line":228,"column":null}},"58":{"start":{"line":227,"column":3},"end":{"line":227,"column":null}},"59":{"start":{"line":233,"column":2},"end":{"line":233,"column":null}},"60":{"start":{"line":235,"column":2},"end":{"line":301,"column":null}},"61":{"start":{"line":238,"column":4},"end":{"line":244,"column":null}},"62":{"start":{"line":239,"column":5},"end":{"line":243,"column":null}},"63":{"start":{"line":245,"column":4},"end":{"line":245,"column":null}},"64":{"start":{"line":249,"column":4},"end":{"line":256,"column":null}},"65":{"start":{"line":250,"column":5},"end":{"line":250,"column":null}},"66":{"start":{"line":251,"column":5},"end":{"line":255,"column":null}},"67":{"start":{"line":257,"column":4},"end":{"line":257,"column":null}},"68":{"start":{"line":261,"column":4},"end":{"line":271,"column":null}},"69":{"start":{"line":262,"column":29},"end":{"line":262,"column":null}},"70":{"start":{"line":263,"column":5},"end":{"line":266,"column":null}},"71":{"start":{"line":268,"column":5},"end":{"line":270,"column":null}},"72":{"start":{"line":269,"column":6},"end":{"line":269,"column":null}},"73":{"start":{"line":272,"column":4},"end":{"line":272,"column":null}},"74":{"start":{"line":276,"column":4},"end":{"line":299,"column":null}},"75":{"start":{"line":277,"column":35},"end":{"line":279,"column":null}},"76":{"start":{"line":278,"column":13},"end":{"line":278,"column":null}},"77":{"start":{"line":282,"column":5},"end":{"line":282,"column":null}},"78":{"start":{"line":285,"column":5},"end":{"line":298,"column":null}},"79":{"start":{"line":287,"column":6},"end":{"line":287,"column":null}},"80":{"start":{"line":288,"column":6},"end":{"line":292,"column":null}},"81":{"start":{"line":294,"column":6},"end":{"line":297,"column":null}},"82":{"start":{"line":300,"column":4},"end":{"line":300,"column":null}},"83":{"start":{"line":303,"column":2},"end":{"line":303,"column":null}},"84":{"start":{"line":314,"column":2},"end":{"line":316,"column":null}},"85":{"start":{"line":315,"column":3},"end":{"line":315,"column":null}},"86":{"start":{"line":318,"column":2},"end":{"line":387,"column":null}},"87":{"start":{"line":319,"column":3},"end":{"line":319,"column":null}},"88":{"start":{"line":322,"column":3},"end":{"line":322,"column":null}},"89":{"start":{"line":324,"column":22},"end":{"line":324,"column":null}},"90":{"start":{"line":325,"column":27},"end":{"line":325,"column":null}},"91":{"start":{"line":327,"column":3},"end":{"line":330,"column":null}},"92":{"start":{"line":329,"column":4},"end":{"line":329,"column":null}},"93":{"start":{"line":333,"column":24},"end":{"line":333,"column":null}},"94":{"start":{"line":334,"column":3},"end":{"line":336,"column":null}},"95":{"start":{"line":335,"column":4},"end":{"line":335,"column":null}},"96":{"start":{"line":338,"column":3},"end":{"line":342,"column":null}},"97":{"start":{"line":345,"column":48},"end":{"line":352,"column":null}},"98":{"start":{"line":354,"column":3},"end":{"line":357,"column":null}},"99":{"start":{"line":360,"column":3},"end":{"line":364,"column":null}},"100":{"start":{"line":361,"column":4},"end":{"line":363,"column":null}},"101":{"start":{"line":362,"column":5},"end":{"line":362,"column":null}},"102":{"start":{"line":366,"column":3},"end":{"line":366,"column":null}},"103":{"start":{"line":368,"column":3},"end":{"line":368,"column":null}},"104":{"start":{"line":369,"column":3},"end":{"line":374,"column":null}},"105":{"start":{"line":375,"column":3},"end":{"line":375,"column":null}},"106":{"start":{"line":378,"column":3},"end":{"line":386,"column":null}},"107":{"start":{"line":379,"column":4},"end":{"line":385,"column":null}},"108":{"start":{"line":380,"column":5},"end":{"line":384,"column":null}},"109":{"start":{"line":383,"column":65},"end":{"line":383,"column":86}},"110":{"start":{"line":394,"column":2},"end":{"line":396,"column":null}},"111":{"start":{"line":395,"column":3},"end":{"line":395,"column":null}},"112":{"start":{"line":398,"column":2},"end":{"line":398,"column":null}},"113":{"start":{"line":400,"column":23},"end":{"line":400,"column":null}},"114":{"start":{"line":401,"column":32},"end":{"line":403,"column":null}},"115":{"start":{"line":402,"column":10},"end":{"line":402,"column":null}},"116":{"start":{"line":406,"column":47},"end":{"line":413,"column":null}},"117":{"start":{"line":415,"column":2},"end":{"line":418,"column":null}},"118":{"start":{"line":421,"column":2},"end":{"line":421,"column":null}},"119":{"start":{"line":424,"column":2},"end":{"line":436,"column":null}},"120":{"start":{"line":425,"column":3},"end":{"line":429,"column":null}},"121":{"start":{"line":431,"column":3},"end":{"line":435,"column":null}},"122":{"start":{"line":438,"column":2},"end":{"line":438,"column":null}},"123":{"start":{"line":445,"column":2},"end":{"line":445,"column":null}},"124":{"start":{"line":446,"column":2},"end":{"line":448,"column":null}},"125":{"start":{"line":447,"column":3},"end":{"line":447,"column":null}},"126":{"start":{"line":449,"column":2},"end":{"line":449,"column":null}},"127":{"start":{"line":456,"column":2},"end":{"line":456,"column":null}},"128":{"start":{"line":459,"column":2},"end":{"line":466,"column":null}},"129":{"start":{"line":460,"column":3},"end":{"line":460,"column":null}},"130":{"start":{"line":461,"column":27},"end":{"line":461,"column":null}},"131":{"start":{"line":461,"column":72},"end":{"line":461,"column":80}},"132":{"start":{"line":462,"column":3},"end":{"line":465,"column":null}},"133":{"start":{"line":468,"column":2},"end":{"line":468,"column":null}},"134":{"start":{"line":475,"column":2},"end":{"line":482,"column":null}},"135":{"start":{"line":476,"column":3},"end":{"line":480,"column":null}},"136":{"start":{"line":481,"column":3},"end":{"line":481,"column":null}},"137":{"start":{"line":490,"column":2},"end":{"line":490,"column":null}},"138":{"start":{"line":490,"column":24},"end":{"line":490,"column":null}},"139":{"start":{"line":492,"column":2},"end":{"line":500,"column":null}},"140":{"start":{"line":493,"column":3},"end":{"line":496,"column":null}},"141":{"start":{"line":497,"column":3},"end":{"line":497,"column":null}},"142":{"start":{"line":499,"column":3},"end":{"line":499,"column":null}},"143":{"start":{"line":504,"column":2},"end":{"line":507,"column":null}},"144":{"start":{"line":505,"column":3},"end":{"line":505,"column":null}},"145":{"start":{"line":505,"column":51},"end":{"line":505,"column":63}},"146":{"start":{"line":506,"column":3},"end":{"line":506,"column":null}},"147":{"start":{"line":511,"column":2},"end":{"line":513,"column":null}},"148":{"start":{"line":512,"column":3},"end":{"line":512,"column":null}},"149":{"start":{"line":515,"column":13},"end":{"line":515,"column":null}},"150":{"start":{"line":516,"column":2},"end":{"line":516,"column":null}},"151":{"start":{"line":519,"column":2},"end":{"line":523,"column":null}},"152":{"start":{"line":520,"column":3},"end":{"line":522,"column":null}},"153":{"start":{"line":521,"column":4},"end":{"line":521,"column":null}},"154":{"start":{"line":526,"column":2},"end":{"line":538,"column":null}},"155":{"start":{"line":527,"column":3},"end":{"line":537,"column":null}},"156":{"start":{"line":528,"column":39},"end":{"line":535,"column":null}},"157":{"start":{"line":536,"column":4},"end":{"line":536,"column":null}},"158":{"start":{"line":541,"column":2},"end":{"line":544,"column":null}},"159":{"start":{"line":542,"column":26},"end":{"line":542,"column":null}},"160":{"start":{"line":543,"column":3},"end":{"line":543,"column":null}},"161":{"start":{"line":547,"column":2},"end":{"line":555,"column":null}},"162":{"start":{"line":548,"column":3},"end":{"line":554,"column":null}},"163":{"start":{"line":553,"column":4},"end":{"line":553,"column":null}},"164":{"start":{"line":558,"column":2},"end":{"line":578,"column":null}},"165":{"start":{"line":559,"column":3},"end":{"line":577,"column":null}},"166":{"start":{"line":560,"column":18},"end":{"line":560,"column":null}},"167":{"start":{"line":561,"column":4},"end":{"line":561,"column":null}},"168":{"start":{"line":563,"column":4},"end":{"line":573,"column":null}},"169":{"start":{"line":564,"column":40},"end":{"line":571,"column":null}},"170":{"start":{"line":572,"column":5},"end":{"line":572,"column":null}},"171":{"start":{"line":575,"column":4},"end":{"line":575,"column":null}},"172":{"start":{"line":576,"column":4},"end":{"line":576,"column":null}},"173":{"start":{"line":583,"column":2},"end":{"line":585,"column":null}},"174":{"start":{"line":584,"column":3},"end":{"line":584,"column":null}},"175":{"start":{"line":587,"column":13},"end":{"line":587,"column":null}},"176":{"start":{"line":588,"column":2},"end":{"line":588,"column":null}},"177":{"start":{"line":588,"column":11},"end":{"line":588,"column":null}},"178":{"start":{"line":590,"column":2},"end":{"line":617,"column":null}},"179":{"start":{"line":591,"column":3},"end":{"line":591,"column":null}},"180":{"start":{"line":594,"column":19},"end":{"line":594,"column":null}},"181":{"start":{"line":595,"column":3},"end":{"line":597,"column":null}},"182":{"start":{"line":596,"column":4},"end":{"line":596,"column":null}},"183":{"start":{"line":598,"column":3},"end":{"line":598,"column":null}},"184":{"start":{"line":601,"column":18},"end":{"line":601,"column":null}},"185":{"start":{"line":602,"column":3},"end":{"line":602,"column":null}},"186":{"start":{"line":604,"column":3},"end":{"line":614,"column":null}},"187":{"start":{"line":605,"column":39},"end":{"line":612,"column":null}},"188":{"start":{"line":613,"column":4},"end":{"line":613,"column":null}},"189":{"start":{"line":616,"column":3},"end":{"line":616,"column":null}},"190":{"start":{"line":621,"column":13},"end":{"line":621,"column":null}},"191":{"start":{"line":622,"column":2},"end":{"line":622,"column":null}},"192":{"start":{"line":622,"column":11},"end":{"line":622,"column":null}},"193":{"start":{"line":624,"column":2},"end":{"line":635,"column":null}},"194":{"start":{"line":625,"column":3},"end":{"line":625,"column":null}},"195":{"start":{"line":628,"column":19},"end":{"line":628,"column":null}},"196":{"start":{"line":629,"column":3},"end":{"line":631,"column":null}},"197":{"start":{"line":630,"column":4},"end":{"line":630,"column":null}},"198":{"start":{"line":632,"column":3},"end":{"line":632,"column":null}},"199":{"start":{"line":634,"column":3},"end":{"line":634,"column":null}},"200":{"start":{"line":639,"column":13},"end":{"line":639,"column":null}},"201":{"start":{"line":641,"column":2},"end":{"line":652,"column":null}},"202":{"start":{"line":642,"column":3},"end":{"line":646,"column":null}},"203":{"start":{"line":643,"column":4},"end":{"line":643,"column":null}},"204":{"start":{"line":645,"column":4},"end":{"line":645,"column":null}},"205":{"start":{"line":649,"column":19},"end":{"line":649,"column":null}},"206":{"start":{"line":650,"column":3},"end":{"line":650,"column":null}},"207":{"start":{"line":651,"column":3},"end":{"line":651,"column":null}},"208":{"start":{"line":656,"column":13},"end":{"line":656,"column":null}},"209":{"start":{"line":657,"column":2},"end":{"line":660,"column":null}},"210":{"start":{"line":658,"column":3},"end":{"line":658,"column":null}},"211":{"start":{"line":659,"column":3},"end":{"line":659,"column":null}},"212":{"start":{"line":661,"column":2},"end":{"line":661,"column":null}},"213":{"start":{"line":662,"column":2},"end":{"line":662,"column":null}},"214":{"start":{"line":666,"column":2},"end":{"line":668,"column":null}},"215":{"start":{"line":667,"column":3},"end":{"line":667,"column":null}},"216":{"start":{"line":669,"column":2},"end":{"line":669,"column":null}},"217":{"start":{"line":677,"column":2},"end":{"line":677,"column":null}},"218":{"start":{"line":681,"column":2},"end":{"line":681,"column":null}},"219":{"start":{"line":682,"column":2},"end":{"line":682,"column":null}},"220":{"start":{"line":686,"column":48},"end":{"line":686,"column":null}},"221":{"start":{"line":688,"column":2},"end":{"line":695,"column":null}},"222":{"start":{"line":689,"column":3},"end":{"line":694,"column":null}},"223":{"start":{"line":698,"column":2},"end":{"line":704,"column":null}},"224":{"start":{"line":699,"column":3},"end":{"line":699,"column":null}},"225":{"start":{"line":699,"column":17},"end":{"line":699,"column":null}},"226":{"start":{"line":700,"column":3},"end":{"line":700,"column":null}},"227":{"start":{"line":700,"column":17},"end":{"line":700,"column":null}},"228":{"start":{"line":701,"column":3},"end":{"line":701,"column":null}},"229":{"start":{"line":701,"column":42},"end":{"line":701,"column":null}},"230":{"start":{"line":702,"column":3},"end":{"line":702,"column":null}},"231":{"start":{"line":702,"column":42},"end":{"line":702,"column":null}},"232":{"start":{"line":703,"column":3},"end":{"line":703,"column":null}},"233":{"start":{"line":706,"column":2},"end":{"line":706,"column":null}},"234":{"start":{"line":713,"column":2},"end":{"line":713,"column":null}},"235":{"start":{"line":720,"column":2},"end":{"line":720,"column":null}},"236":{"start":{"line":721,"column":2},"end":{"line":721,"column":null}},"237":{"start":{"line":722,"column":2},"end":{"line":722,"column":null}}},"fnMap":{"0":{"name":"(anonymous_0)","decl":{"start":{"line":98,"column":1},"end":{"line":98,"column":null}},"loc":{"start":{"line":109,"column":3},"end":{"line":120,"column":null}},"line":109},"1":{"name":"(anonymous_1)","decl":{"start":{"line":125,"column":1},"end":{"line":125,"column":15}},"loc":{"start":{"line":125,"column":33},"end":{"line":127,"column":null}},"line":125},"2":{"name":"(anonymous_2)","decl":{"start":{"line":132,"column":1},"end":{"line":132,"column":29}},"loc":{"start":{"line":132,"column":29},"end":{"line":134,"column":null}},"line":132},"3":{"name":"(anonymous_3)","decl":{"start":{"line":140,"column":9},"end":{"line":140,"column":38}},"loc":{"start":{"line":140,"column":38},"end":{"line":160,"column":null}},"line":140},"4":{"name":"(anonymous_4)","decl":{"start":{"line":142,"column":32},"end":{"line":142,"column":33}},"loc":{"start":{"line":142,"column":62},"end":{"line":144,"column":3}},"line":142},"5":{"name":"(anonymous_5)","decl":{"start":{"line":147,"column":44},"end":{"line":147,"column":45}},"loc":{"start":{"line":147,"column":78},"end":{"line":149,"column":3}},"line":147},"6":{"name":"(anonymous_6)","decl":{"start":{"line":152,"column":45},"end":{"line":152,"column":46}},"loc":{"start":{"line":152,"column":93},"end":{"line":154,"column":3}},"line":152},"7":{"name":"(anonymous_7)","decl":{"start":{"line":157,"column":46},"end":{"line":157,"column":47}},"loc":{"start":{"line":157,"column":124},"end":{"line":159,"column":3}},"line":157},"8":{"name":"(anonymous_8)","decl":{"start":{"line":165,"column":9},"end":{"line":165,"column":28}},"loc":{"start":{"line":165,"column":78},"end":{"line":176,"column":null}},"line":165},"9":{"name":"(anonymous_9)","decl":{"start":{"line":181,"column":9},"end":{"line":181,"column":29}},"loc":{"start":{"line":181,"column":109},"end":{"line":192,"column":null}},"line":181},"10":{"name":"(anonymous_10)","decl":{"start":{"line":198,"column":1},"end":{"line":198,"column":32}},"loc":{"start":{"line":198,"column":32},"end":{"line":205,"column":null}},"line":198},"11":{"name":"(anonymous_11)","decl":{"start":{"line":207,"column":9},"end":{"line":207,"column":26}},"loc":{"start":{"line":207,"column":58},"end":{"line":229,"column":null}},"line":207},"12":{"name":"(anonymous_12)","decl":{"start":{"line":231,"column":9},"end":{"line":231,"column":38}},"loc":{"start":{"line":231,"column":74},"end":{"line":304,"column":null}},"line":231},"13":{"name":"(anonymous_13)","decl":{"start":{"line":278,"column":6},"end":{"line":278,"column":7}},"loc":{"start":{"line":278,"column":13},"end":{"line":278,"column":null}},"line":278},"14":{"name":"(anonymous_14)","decl":{"start":{"line":313,"column":7},"end":{"line":313,"column":46}},"loc":{"start":{"line":313,"column":46},"end":{"line":388,"column":null}},"line":313},"15":{"name":"(anonymous_15)","decl":{"start":{"line":378,"column":14},"end":{"line":378,"column":20}},"loc":{"start":{"line":378,"column":20},"end":{"line":386,"column":6}},"line":378},"16":{"name":"(anonymous_16)","decl":{"start":{"line":383,"column":58},"end":{"line":383,"column":59}},"loc":{"start":{"line":383,"column":65},"end":{"line":383,"column":86}},"line":383},"17":{"name":"(anonymous_17)","decl":{"start":{"line":393,"column":1},"end":{"line":393,"column":25}},"loc":{"start":{"line":393,"column":25},"end":{"line":439,"column":null}},"line":393},"18":{"name":"(anonymous_18)","decl":{"start":{"line":402,"column":3},"end":{"line":402,"column":4}},"loc":{"start":{"line":402,"column":10},"end":{"line":402,"column":null}},"line":402},"19":{"name":"(anonymous_19)","decl":{"start":{"line":444,"column":1},"end":{"line":444,"column":24}},"loc":{"start":{"line":444,"column":76},"end":{"line":450,"column":null}},"line":444},"20":{"name":"(anonymous_20)","decl":{"start":{"line":455,"column":1},"end":{"line":455,"column":23}},"loc":{"start":{"line":455,"column":41},"end":{"line":469,"column":null}},"line":455},"21":{"name":"(anonymous_21)","decl":{"start":{"line":461,"column":65},"end":{"line":461,"column":66}},"loc":{"start":{"line":461,"column":72},"end":{"line":461,"column":80}},"line":461},"22":{"name":"(anonymous_22)","decl":{"start":{"line":474,"column":1},"end":{"line":474,"column":21}},"loc":{"start":{"line":474,"column":73},"end":{"line":483,"column":null}},"line":474},"23":{"name":"(anonymous_23)","decl":{"start":{"line":489,"column":15},"end":{"line":489,"column":57}},"loc":{"start":{"line":489,"column":57},"end":{"line":501,"column":null}},"line":489},"24":{"name":"(anonymous_24)","decl":{"start":{"line":503,"column":9},"end":{"line":503,"column":36}},"loc":{"start":{"line":503,"column":36},"end":{"line":508,"column":null}},"line":503},"25":{"name":"(anonymous_25)","decl":{"start":{"line":505,"column":40},"end":{"line":505,"column":41}},"loc":{"start":{"line":505,"column":51},"end":{"line":505,"column":63}},"line":505},"26":{"name":"(anonymous_26)","decl":{"start":{"line":510,"column":15},"end":{"line":510,"column":36}},"loc":{"start":{"line":510,"column":87},"end":{"line":579,"column":null}},"line":510},"27":{"name":"(anonymous_27)","decl":{"start":{"line":520,"column":40},"end":{"line":520,"column":41}},"loc":{"start":{"line":520,"column":51},"end":{"line":522,"column":4}},"line":520},"28":{"name":"(anonymous_28)","decl":{"start":{"line":526,"column":22},"end":{"line":526,"column":23}},"loc":{"start":{"line":526,"column":33},"end":{"line":538,"column":null}},"line":526},"29":{"name":"(anonymous_29)","decl":{"start":{"line":541,"column":15},"end":{"line":541,"column":16}},"loc":{"start":{"line":541,"column":26},"end":{"line":544,"column":null}},"line":541},"30":{"name":"(anonymous_30)","decl":{"start":{"line":547,"column":31},"end":{"line":547,"column":37}},"loc":{"start":{"line":547,"column":37},"end":{"line":555,"column":null}},"line":547},"31":{"name":"(anonymous_31)","decl":{"start":{"line":581,"column":15},"end":{"line":581,"column":27}},"loc":{"start":{"line":581,"column":92},"end":{"line":618,"column":null}},"line":581},"32":{"name":"(anonymous_32)","decl":{"start":{"line":620,"column":15},"end":{"line":620,"column":28}},"loc":{"start":{"line":620,"column":94},"end":{"line":636,"column":null}},"line":620},"33":{"name":"(anonymous_33)","decl":{"start":{"line":638,"column":15},"end":{"line":638,"column":34}},"loc":{"start":{"line":638,"column":97},"end":{"line":653,"column":null}},"line":638},"34":{"name":"(anonymous_34)","decl":{"start":{"line":655,"column":9},"end":{"line":655,"column":29}},"loc":{"start":{"line":655,"column":51},"end":{"line":663,"column":null}},"line":655},"35":{"name":"(anonymous_35)","decl":{"start":{"line":665,"column":9},"end":{"line":665,"column":33}},"loc":{"start":{"line":665,"column":33},"end":{"line":670,"column":null}},"line":665},"36":{"name":"(anonymous_36)","decl":{"start":{"line":676,"column":9},"end":{"line":676,"column":40}},"loc":{"start":{"line":676,"column":40},"end":{"line":678,"column":null}},"line":676},"37":{"name":"(anonymous_37)","decl":{"start":{"line":680,"column":9},"end":{"line":680,"column":21}},"loc":{"start":{"line":680,"column":51},"end":{"line":683,"column":null}},"line":680},"38":{"name":"(anonymous_38)","decl":{"start":{"line":685,"column":9},"end":{"line":685,"column":42}},"loc":{"start":{"line":685,"column":42},"end":{"line":707,"column":null}},"line":685},"39":{"name":"(anonymous_39)","decl":{"start":{"line":698,"column":20},"end":{"line":698,"column":21}},"loc":{"start":{"line":698,"column":30},"end":{"line":704,"column":3}},"line":698},"40":{"name":"(anonymous_40)","decl":{"start":{"line":712,"column":1},"end":{"line":712,"column":15}},"loc":{"start":{"line":712,"column":35},"end":{"line":714,"column":null}},"line":712},"41":{"name":"(anonymous_41)","decl":{"start":{"line":719,"column":1},"end":{"line":719,"column":17}},"loc":{"start":{"line":719,"column":17},"end":{"line":723,"column":null}},"line":719}},"branchMap":{"0":{"loc":{"start":{"line":166,"column":2},"end":{"line":166,"column":null}},"type":"if","locations":[{"start":{"line":166,"column":2},"end":{"line":166,"column":null}},{"start":{},"end":{}}],"line":166},"1":{"loc":{"start":{"line":167,"column":2},"end":{"line":167,"column":null}},"type":"if","locations":[{"start":{"line":167,"column":2},"end":{"line":167,"column":null}},{"start":{},"end":{}}],"line":167},"2":{"loc":{"start":{"line":167,"column":6},"end":{"line":167,"column":79}},"type":"binary-expr","locations":[{"start":{"line":167,"column":6},"end":{"line":167,"column":46}},{"start":{"line":167,"column":46},"end":{"line":167,"column":79}}],"line":167},"3":{"loc":{"start":{"line":182,"column":2},"end":{"line":182,"column":null}},"type":"if","locations":[{"start":{"line":182,"column":2},"end":{"line":182,"column":null}},{"start":{},"end":{}}],"line":182},"4":{"loc":{"start":{"line":183,"column":2},"end":{"line":183,"column":null}},"type":"if","locations":[{"start":{"line":183,"column":2},"end":{"line":183,"column":null}},{"start":{},"end":{}}],"line":183},"5":{"loc":{"start":{"line":199,"column":2},"end":{"line":199,"column":null}},"type":"if","locations":[{"start":{"line":199,"column":2},"end":{"line":199,"column":null}},{"start":{},"end":{}}],"line":199},"6":{"loc":{"start":{"line":209,"column":2},"end":{"line":209,"column":null}},"type":"if","locations":[{"start":{"line":209,"column":2},"end":{"line":209,"column":null}},{"start":{},"end":{}}],"line":209},"7":{"loc":{"start":{"line":210,"column":2},"end":{"line":210,"column":null}},"type":"if","locations":[{"start":{"line":210,"column":2},"end":{"line":210,"column":null}},{"start":{},"end":{}}],"line":210},"8":{"loc":{"start":{"line":211,"column":2},"end":{"line":211,"column":null}},"type":"if","locations":[{"start":{"line":211,"column":2},"end":{"line":211,"column":null}},{"start":{},"end":{}}],"line":211},"9":{"loc":{"start":{"line":212,"column":2},"end":{"line":212,"column":null}},"type":"if","locations":[{"start":{"line":212,"column":2},"end":{"line":212,"column":null}},{"start":{},"end":{}}],"line":212},"10":{"loc":{"start":{"line":213,"column":2},"end":{"line":213,"column":null}},"type":"if","locations":[{"start":{"line":213,"column":2},"end":{"line":213,"column":null}},{"start":{},"end":{}}],"line":213},"11":{"loc":{"start":{"line":216,"column":2},"end":{"line":218,"column":null}},"type":"if","locations":[{"start":{"line":216,"column":2},"end":{"line":218,"column":null}},{"start":{},"end":{}}],"line":216},"12":{"loc":{"start":{"line":216,"column":6},"end":{"line":216,"column":85}},"type":"binary-expr","locations":[{"start":{"line":216,"column":6},"end":{"line":216,"column":46}},{"start":{"line":216,"column":46},"end":{"line":216,"column":85}}],"line":216},"13":{"loc":{"start":{"line":222,"column":2},"end":{"line":228,"column":null}},"type":"if","locations":[{"start":{"line":222,"column":2},"end":{"line":228,"column":null}},{"start":{"line":224,"column":2},"end":{"line":228,"column":null}}],"line":222},"14":{"loc":{"start":{"line":224,"column":2},"end":{"line":228,"column":null}},"type":"if","locations":[{"start":{"line":224,"column":2},"end":{"line":228,"column":null}},{"start":{"line":226,"column":2},"end":{"line":228,"column":null}}],"line":224},"15":{"loc":{"start":{"line":226,"column":2},"end":{"line":228,"column":null}},"type":"if","locations":[{"start":{"line":226,"column":2},"end":{"line":228,"column":null}},{"start":{},"end":{}}],"line":226},"16":{"loc":{"start":{"line":235,"column":2},"end":{"line":301,"column":null}},"type":"switch","locations":[{"start":{"line":236,"column":3},"end":{"line":245,"column":null}},{"start":{"line":247,"column":3},"end":{"line":257,"column":null}},{"start":{"line":259,"column":3},"end":{"line":272,"column":null}},{"start":{"line":274,"column":3},"end":{"line":300,"column":null}}],"line":235},"17":{"loc":{"start":{"line":238,"column":4},"end":{"line":244,"column":null}},"type":"if","locations":[{"start":{"line":238,"column":4},"end":{"line":244,"column":null}},{"start":{},"end":{}}],"line":238},"18":{"loc":{"start":{"line":249,"column":4},"end":{"line":256,"column":null}},"type":"if","locations":[{"start":{"line":249,"column":4},"end":{"line":256,"column":null}},{"start":{},"end":{}}],"line":249},"19":{"loc":{"start":{"line":261,"column":4},"end":{"line":271,"column":null}},"type":"if","locations":[{"start":{"line":261,"column":4},"end":{"line":271,"column":null}},{"start":{},"end":{}}],"line":261},"20":{"loc":{"start":{"line":268,"column":5},"end":{"line":270,"column":null}},"type":"if","locations":[{"start":{"line":268,"column":5},"end":{"line":270,"column":null}},{"start":{},"end":{}}],"line":268},"21":{"loc":{"start":{"line":268,"column":9},"end":{"line":268,"column":89}},"type":"binary-expr","locations":[{"start":{"line":268,"column":9},"end":{"line":268,"column":49}},{"start":{"line":268,"column":49},"end":{"line":268,"column":89}}],"line":268},"22":{"loc":{"start":{"line":276,"column":4},"end":{"line":299,"column":null}},"type":"if","locations":[{"start":{"line":276,"column":4},"end":{"line":299,"column":null}},{"start":{},"end":{}}],"line":276},"23":{"loc":{"start":{"line":285,"column":5},"end":{"line":298,"column":null}},"type":"if","locations":[{"start":{"line":285,"column":5},"end":{"line":298,"column":null}},{"start":{"line":293,"column":12},"end":{"line":298,"column":null}}],"line":285},"24":{"loc":{"start":{"line":285,"column":9},"end":{"line":286,"column":92}},"type":"binary-expr","locations":[{"start":{"line":285,"column":9},"end":{"line":285,"column":null}},{"start":{"line":286,"column":7},"end":{"line":286,"column":45}},{"start":{"line":286,"column":45},"end":{"line":286,"column":92}}],"line":285},"25":{"loc":{"start":{"line":314,"column":2},"end":{"line":316,"column":null}},"type":"if","locations":[{"start":{"line":314,"column":2},"end":{"line":316,"column":null}},{"start":{},"end":{}}],"line":314},"26":{"loc":{"start":{"line":314,"column":6},"end":{"line":314,"column":85}},"type":"binary-expr","locations":[{"start":{"line":314,"column":6},"end":{"line":314,"column":46}},{"start":{"line":314,"column":46},"end":{"line":314,"column":85}}],"line":314},"27":{"loc":{"start":{"line":327,"column":3},"end":{"line":330,"column":null}},"type":"if","locations":[{"start":{"line":327,"column":3},"end":{"line":330,"column":null}},{"start":{},"end":{}}],"line":327},"28":{"loc":{"start":{"line":334,"column":3},"end":{"line":336,"column":null}},"type":"if","locations":[{"start":{"line":334,"column":3},"end":{"line":336,"column":null}},{"start":{},"end":{}}],"line":334},"29":{"loc":{"start":{"line":346,"column":10},"end":{"line":346,"column":null}},"type":"cond-expr","locations":[{"start":{"line":346,"column":28},"end":{"line":346,"column":51}},{"start":{"line":346,"column":51},"end":{"line":346,"column":null}}],"line":346},"30":{"loc":{"start":{"line":361,"column":4},"end":{"line":363,"column":null}},"type":"if","locations":[{"start":{"line":361,"column":4},"end":{"line":363,"column":null}},{"start":{},"end":{}}],"line":361},"31":{"loc":{"start":{"line":361,"column":8},"end":{"line":361,"column":77}},"type":"binary-expr","locations":[{"start":{"line":361,"column":8},"end":{"line":361,"column":45}},{"start":{"line":361,"column":45},"end":{"line":361,"column":77}}],"line":361},"32":{"loc":{"start":{"line":373,"column":11},"end":{"line":373,"column":null}},"type":"cond-expr","locations":[{"start":{"line":373,"column":36},"end":{"line":373,"column":52}},{"start":{"line":373,"column":52},"end":{"line":373,"column":null}}],"line":373},"33":{"loc":{"start":{"line":375,"column":16},"end":{"line":375,"column":96}},"type":"cond-expr","locations":[{"start":{"line":375,"column":41},"end":{"line":375,"column":57}},{"start":{"line":375,"column":57},"end":{"line":375,"column":96}}],"line":375},"34":{"loc":{"start":{"line":379,"column":4},"end":{"line":385,"column":null}},"type":"if","locations":[{"start":{"line":379,"column":4},"end":{"line":385,"column":null}},{"start":{},"end":{}}],"line":379},"35":{"loc":{"start":{"line":381,"column":13},"end":{"line":381,"column":null}},"type":"cond-expr","locations":[{"start":{"line":381,"column":46},"end":{"line":381,"column":68}},{"start":{"line":381,"column":68},"end":{"line":381,"column":null}}],"line":381},"36":{"loc":{"start":{"line":394,"column":2},"end":{"line":396,"column":null}},"type":"if","locations":[{"start":{"line":394,"column":2},"end":{"line":396,"column":null}},{"start":{},"end":{}}],"line":394},"37":{"loc":{"start":{"line":407,"column":9},"end":{"line":407,"column":null}},"type":"cond-expr","locations":[{"start":{"line":407,"column":46},"end":{"line":407,"column":67}},{"start":{"line":407,"column":67},"end":{"line":407,"column":null}}],"line":407},"38":{"loc":{"start":{"line":424,"column":2},"end":{"line":436,"column":null}},"type":"if","locations":[{"start":{"line":424,"column":2},"end":{"line":436,"column":null}},{"start":{"line":430,"column":9},"end":{"line":436,"column":null}}],"line":424},"39":{"loc":{"start":{"line":447,"column":43},"end":{"line":447,"column":68}},"type":"binary-expr","locations":[{"start":{"line":447,"column":43},"end":{"line":447,"column":58}},{"start":{"line":447,"column":58},"end":{"line":447,"column":68}}],"line":447},"40":{"loc":{"start":{"line":459,"column":2},"end":{"line":466,"column":null}},"type":"if","locations":[{"start":{"line":459,"column":2},"end":{"line":466,"column":null}},{"start":{},"end":{}}],"line":459},"41":{"loc":{"start":{"line":475,"column":2},"end":{"line":482,"column":null}},"type":"if","locations":[{"start":{"line":475,"column":2},"end":{"line":482,"column":null}},{"start":{},"end":{}}],"line":475},"42":{"loc":{"start":{"line":490,"column":2},"end":{"line":490,"column":null}},"type":"if","locations":[{"start":{"line":490,"column":2},"end":{"line":490,"column":null}},{"start":{},"end":{}}],"line":490},"43":{"loc":{"start":{"line":504,"column":2},"end":{"line":507,"column":null}},"type":"if","locations":[{"start":{"line":504,"column":2},"end":{"line":507,"column":null}},{"start":{},"end":{}}],"line":504},"44":{"loc":{"start":{"line":511,"column":2},"end":{"line":513,"column":null}},"type":"if","locations":[{"start":{"line":511,"column":2},"end":{"line":513,"column":null}},{"start":{},"end":{}}],"line":511},"45":{"loc":{"start":{"line":519,"column":2},"end":{"line":523,"column":null}},"type":"if","locations":[{"start":{"line":519,"column":2},"end":{"line":523,"column":null}},{"start":{},"end":{}}],"line":519},"46":{"loc":{"start":{"line":527,"column":3},"end":{"line":537,"column":null}},"type":"if","locations":[{"start":{"line":527,"column":3},"end":{"line":537,"column":null}},{"start":{},"end":{}}],"line":527},"47":{"loc":{"start":{"line":527,"column":7},"end":{"line":527,"column":58}},"type":"binary-expr","locations":[{"start":{"line":527,"column":7},"end":{"line":527,"column":26}},{"start":{"line":527,"column":26},"end":{"line":527,"column":58}}],"line":527},"48":{"loc":{"start":{"line":548,"column":3},"end":{"line":554,"column":null}},"type":"if","locations":[{"start":{"line":548,"column":3},"end":{"line":554,"column":null}},{"start":{},"end":{}}],"line":548},"49":{"loc":{"start":{"line":549,"column":4},"end":{"line":551,"column":null}},"type":"binary-expr","locations":[{"start":{"line":549,"column":4},"end":{"line":549,"column":null}},{"start":{"line":550,"column":4},"end":{"line":550,"column":null}},{"start":{"line":551,"column":4},"end":{"line":551,"column":null}}],"line":549},"50":{"loc":{"start":{"line":558,"column":2},"end":{"line":578,"column":null}},"type":"if","locations":[{"start":{"line":558,"column":2},"end":{"line":578,"column":null}},{"start":{},"end":{}}],"line":558},"51":{"loc":{"start":{"line":563,"column":4},"end":{"line":573,"column":null}},"type":"if","locations":[{"start":{"line":563,"column":4},"end":{"line":573,"column":null}},{"start":{},"end":{}}],"line":563},"52":{"loc":{"start":{"line":583,"column":2},"end":{"line":585,"column":null}},"type":"if","locations":[{"start":{"line":583,"column":2},"end":{"line":585,"column":null}},{"start":{},"end":{}}],"line":583},"53":{"loc":{"start":{"line":588,"column":2},"end":{"line":588,"column":null}},"type":"if","locations":[{"start":{"line":588,"column":2},"end":{"line":588,"column":null}},{"start":{},"end":{}}],"line":588},"54":{"loc":{"start":{"line":594,"column":19},"end":{"line":594,"column":null}},"type":"binary-expr","locations":[{"start":{"line":594,"column":19},"end":{"line":594,"column":57}},{"start":{"line":594,"column":57},"end":{"line":594,"column":null}}],"line":594},"55":{"loc":{"start":{"line":604,"column":3},"end":{"line":614,"column":null}},"type":"if","locations":[{"start":{"line":604,"column":3},"end":{"line":614,"column":null}},{"start":{},"end":{}}],"line":604},"56":{"loc":{"start":{"line":622,"column":2},"end":{"line":622,"column":null}},"type":"if","locations":[{"start":{"line":622,"column":2},"end":{"line":622,"column":null}},{"start":{},"end":{}}],"line":622},"57":{"loc":{"start":{"line":628,"column":19},"end":{"line":628,"column":null}},"type":"binary-expr","locations":[{"start":{"line":628,"column":19},"end":{"line":628,"column":57}},{"start":{"line":628,"column":57},"end":{"line":628,"column":null}}],"line":628},"58":{"loc":{"start":{"line":641,"column":2},"end":{"line":652,"column":null}},"type":"if","locations":[{"start":{"line":641,"column":2},"end":{"line":652,"column":null}},{"start":{"line":647,"column":9},"end":{"line":652,"column":null}}],"line":641},"59":{"loc":{"start":{"line":641,"column":6},"end":{"line":641,"column":57}},"type":"binary-expr","locations":[{"start":{"line":641,"column":6},"end":{"line":641,"column":12}},{"start":{"line":641,"column":12},"end":{"line":641,"column":36}},{"start":{"line":641,"column":36},"end":{"line":641,"column":57}}],"line":641},"60":{"loc":{"start":{"line":649,"column":19},"end":{"line":649,"column":null}},"type":"binary-expr","locations":[{"start":{"line":649,"column":19},"end":{"line":649,"column":57}},{"start":{"line":649,"column":57},"end":{"line":649,"column":null}}],"line":649},"61":{"loc":{"start":{"line":657,"column":2},"end":{"line":660,"column":null}},"type":"if","locations":[{"start":{"line":657,"column":2},"end":{"line":660,"column":null}},{"start":{},"end":{}}],"line":657},"62":{"loc":{"start":{"line":699,"column":3},"end":{"line":699,"column":null}},"type":"if","locations":[{"start":{"line":699,"column":3},"end":{"line":699,"column":null}},{"start":{},"end":{}}],"line":699},"63":{"loc":{"start":{"line":700,"column":3},"end":{"line":700,"column":null}},"type":"if","locations":[{"start":{"line":700,"column":3},"end":{"line":700,"column":null}},{"start":{},"end":{}}],"line":700},"64":{"loc":{"start":{"line":701,"column":3},"end":{"line":701,"column":null}},"type":"if","locations":[{"start":{"line":701,"column":3},"end":{"line":701,"column":null}},{"start":{},"end":{}}],"line":701},"65":{"loc":{"start":{"line":701,"column":7},"end":{"line":701,"column":42}},"type":"binary-expr","locations":[{"start":{"line":701,"column":7},"end":{"line":701,"column":25}},{"start":{"line":701,"column":25},"end":{"line":701,"column":42}}],"line":701},"66":{"loc":{"start":{"line":702,"column":3},"end":{"line":702,"column":null}},"type":"if","locations":[{"start":{"line":702,"column":3},"end":{"line":702,"column":null}},{"start":{},"end":{}}],"line":702},"67":{"loc":{"start":{"line":702,"column":7},"end":{"line":702,"column":42}},"type":"binary-expr","locations":[{"start":{"line":702,"column":7},"end":{"line":702,"column":26}},{"start":{"line":702,"column":26},"end":{"line":702,"column":42}}],"line":702},"68":{"loc":{"start":{"line":713,"column":9},"end":{"line":713,"column":null}},"type":"binary-expr","locations":[{"start":{"line":713,"column":9},"end":{"line":713,"column":50}},{"start":{"line":713,"column":50},"end":{"line":713,"column":null}}],"line":713}},"s":{"0":1,"1":48,"2":48,"3":48,"4":48,"5":48,"6":48,"7":48,"8":48,"9":48,"10":48,"11":48,"12":48,"13":48,"14":48,"15":48,"16":48,"17":29,"18":48,"19":12,"20":48,"21":10,"22":48,"23":3,"24":48,"25":3,"26":3,"27":1,"28":2,"29":1,"30":1,"31":3,"32":1,"33":2,"34":2,"35":1,"36":1,"37":2,"38":1,"39":1,"40":12,"41":0,"42":12,"43":1,"44":11,"45":1,"46":10,"47":1,"48":9,"49":2,"50":7,"51":0,"52":7,"53":7,"54":4,"55":3,"56":1,"57":2,"58":2,"59":10,"60":10,"61":1,"62":1,"63":1,"64":1,"65":1,"66":1,"67":1,"68":5,"69":5,"70":5,"71":5,"72":5,"73":5,"74":3,"75":2,"76":4,"77":2,"78":2,"79":1,"80":1,"81":1,"82":3,"83":10,"84":34,"85":1,"86":33,"87":33,"88":33,"89":32,"90":32,"91":32,"92":28,"93":32,"94":32,"95":32,"96":32,"97":32,"98":34,"99":34,"100":38,"101":6,"102":32,"103":1,"104":1,"105":1,"106":1,"107":0,"108":0,"109":0,"110":56,"111":25,"112":31,"113":31,"114":31,"115":39,"116":31,"117":56,"118":56,"119":56,"120":6,"121":25,"122":31,"123":4,"124":4,"125":8,"126":4,"127":2,"128":2,"129":1,"130":1,"131":2,"132":1,"133":2,"134":8,"135":7,"136":7,"137":33,"138":0,"139":33,"140":33,"141":32,"142":1,"143":33,"144":32,"145":32,"146":32,"147":15,"148":1,"149":14,"150":14,"151":14,"152":14,"153":14,"154":14,"155":0,"156":0,"157":0,"158":14,"159":0,"160":0,"161":14,"162":0,"163":0,"164":14,"165":10,"166":10,"167":10,"168":10,"169":9,"170":9,"171":0,"172":0,"173":4,"174":4,"175":4,"176":4,"177":0,"178":4,"179":4,"180":4,"181":4,"182":0,"183":4,"184":4,"185":4,"186":4,"187":4,"188":4,"189":0,"190":1,"191":1,"192":0,"193":1,"194":1,"195":1,"196":1,"197":0,"198":1,"199":0,"200":2,"201":2,"202":1,"203":1,"204":0,"205":1,"206":1,"207":1,"208":15,"209":15,"210":14,"211":14,"212":15,"213":15,"214":33,"215":12,"216":33,"217":28,"218":146,"219":146,"220":87,"221":87,"222":13,"223":87,"224":7,"225":4,"226":3,"227":2,"228":1,"229":0,"230":1,"231":0,"232":1,"233":87,"234":2,"235":49,"236":49,"237":49},"f":{"0":48,"1":48,"2":29,"3":48,"4":12,"5":10,"6":3,"7":3,"8":3,"9":3,"10":2,"11":12,"12":10,"13":4,"14":34,"15":0,"16":0,"17":56,"18":39,"19":4,"20":2,"21":2,"22":8,"23":33,"24":33,"25":32,"26":15,"27":14,"28":0,"29":0,"30":0,"31":4,"32":1,"33":2,"34":15,"35":33,"36":28,"37":146,"38":87,"39":7,"40":2,"41":49},"b":{"0":[1,2],"1":[1,1],"2":[2,1],"3":[1,2],"4":[1,1],"5":[1,1],"6":[0,12],"7":[1,11],"8":[1,10],"9":[1,9],"10":[2,7],"11":[0,7],"12":[7,0],"13":[4,3],"14":[1,2],"15":[2,0],"16":[1,1,5,3],"17":[1,0],"18":[1,0],"19":[5,0],"20":[5,0],"21":[5,5],"22":[2,1],"23":[1,1],"24":[2,2,2],"25":[1,33],"26":[34,33],"27":[28,4],"28":[32,0],"29":[28,4],"30":[6,32],"31":[38,6],"32":[1,0],"33":[1,0],"34":[0,0],"35":[0,0],"36":[25,31],"37":[25,6],"38":[6,25],"39":[8,0],"40":[1,1],"41":[7,1],"42":[0,33],"43":[32,1],"44":[1,14],"45":[14,0],"46":[0,0],"47":[0,0],"48":[0,0],"49":[0,0,0],"50":[10,4],"51":[9,1],"52":[4,0],"53":[0,4],"54":[4,4],"55":[4,0],"56":[0,1],"57":[1,1],"58":[1,1],"59":[2,1,1],"60":[1,1],"61":[14,1],"62":[4,3],"63":[2,1],"64":[0,1],"65":[1,0],"66":[0,1],"67":[1,1],"68":[2,1]},"meta":{"lastBranch":69,"lastFunction":42,"lastStatement":238,"seen":{"s:57:36:60:Infinity":0,"s:74:30:74:Infinity":1,"s:77:41:81:Infinity":2,"s:84:49:84:Infinity":3,"s:85:65:85:Infinity":4,"s:86:43:86:Infinity":5,"s:89:61:89:Infinity":6,"f:98:1:98:Infinity":0,"s:110:2:110:Infinity":7,"s:111:2:111:Infinity":8,"s:112:2:112:Infinity":9,"s:113:2:113:Infinity":10,"s:114:2:114:Infinity":11,"s:115:2:115:Infinity":12,"s:116:2:116:Infinity":13,"s:117:2:117:Infinity":14,"s:119:2:119:Infinity":15,"f:125:1:125:15":1,"s:126:2:126:Infinity":16,"f:132:1:132:29":2,"s:133:2:133:Infinity":17,"f:140:9:140:38":3,"s:142:2:144:Infinity":18,"f:142:32:142:33":4,"s:143:3:143:Infinity":19,"s:147:2:149:Infinity":20,"f:147:44:147:45":5,"s:148:3:148:Infinity":21,"s:152:2:154:Infinity":22,"f:152:45:152:46":6,"s:153:3:153:Infinity":23,"s:157:2:159:Infinity":24,"f:157:46:157:47":7,"s:158:3:158:Infinity":25,"f:165:9:165:28":8,"b:166:2:166:Infinity:undefined:undefined:undefined:undefined":0,"s:166:2:166:Infinity":26,"s:166:39:166:Infinity":27,"b:167:2:167:Infinity:undefined:undefined:undefined:undefined":1,"s:167:2:167:Infinity":28,"b:167:6:167:46:167:46:167:79":2,"s:167:79:167:Infinity":29,"s:170:2:175:Infinity":30,"f:181:9:181:29":9,"b:182:2:182:Infinity:undefined:undefined:undefined:undefined":3,"s:182:2:182:Infinity":31,"s:182:39:182:Infinity":32,"b:183:2:183:Infinity:undefined:undefined:undefined:undefined":4,"s:183:2:183:Infinity":33,"s:183:42:183:Infinity":34,"s:186:2:190:Infinity":35,"s:191:2:191:Infinity":36,"f:198:1:198:32":10,"b:199:2:199:Infinity:undefined:undefined:undefined:undefined":5,"s:199:2:199:Infinity":37,"s:199:42:199:Infinity":38,"s:201:2:204:Infinity":39,"f:207:9:207:26":11,"b:209:2:209:Infinity:undefined:undefined:undefined:undefined":6,"s:209:2:209:Infinity":40,"s:209:24:209:Infinity":41,"b:210:2:210:Infinity:undefined:undefined:undefined:undefined":7,"s:210:2:210:Infinity":42,"s:210:39:210:Infinity":43,"b:211:2:211:Infinity:undefined:undefined:undefined:undefined":8,"s:211:2:211:Infinity":44,"s:211:37:211:Infinity":45,"b:212:2:212:Infinity:undefined:undefined:undefined:undefined":9,"s:212:2:212:Infinity":46,"s:212:39:212:Infinity":47,"b:213:2:213:Infinity:undefined:undefined:undefined:undefined":10,"s:213:2:213:Infinity":48,"s:213:60:213:Infinity":49,"b:216:2:218:Infinity:undefined:undefined:undefined:undefined":11,"s:216:2:218:Infinity":50,"b:216:6:216:46:216:46:216:85":12,"s:217:3:217:Infinity":51,"s:220:35:220:Infinity":52,"b:222:2:228:Infinity:224:2:228:Infinity":13,"s:222:2:228:Infinity":53,"s:223:3:223:Infinity":54,"b:224:2:228:Infinity:226:2:228:Infinity":14,"s:224:2:228:Infinity":55,"s:225:3:225:Infinity":56,"b:226:2:228:Infinity:undefined:undefined:undefined:undefined":15,"s:226:2:228:Infinity":57,"s:227:3:227:Infinity":58,"f:231:9:231:38":12,"s:233:2:233:Infinity":59,"b:236:3:245:Infinity:247:3:257:Infinity:259:3:272:Infinity:274:3:300:Infinity":16,"s:235:2:301:Infinity":60,"b:238:4:244:Infinity:undefined:undefined:undefined:undefined":17,"s:238:4:244:Infinity":61,"s:239:5:243:Infinity":62,"s:245:4:245:Infinity":63,"b:249:4:256:Infinity:undefined:undefined:undefined:undefined":18,"s:249:4:256:Infinity":64,"s:250:5:250:Infinity":65,"s:251:5:255:Infinity":66,"s:257:4:257:Infinity":67,"b:261:4:271:Infinity:undefined:undefined:undefined:undefined":19,"s:261:4:271:Infinity":68,"s:262:29:262:Infinity":69,"s:263:5:266:Infinity":70,"b:268:5:270:Infinity:undefined:undefined:undefined:undefined":20,"s:268:5:270:Infinity":71,"b:268:9:268:49:268:49:268:89":21,"s:269:6:269:Infinity":72,"s:272:4:272:Infinity":73,"b:276:4:299:Infinity:undefined:undefined:undefined:undefined":22,"s:276:4:299:Infinity":74,"s:277:35:279:Infinity":75,"f:278:6:278:7":13,"s:278:13:278:Infinity":76,"s:282:5:282:Infinity":77,"b:285:5:298:Infinity:293:12:298:Infinity":23,"s:285:5:298:Infinity":78,"b:285:9:285:Infinity:286:7:286:45:286:45:286:92":24,"s:287:6:287:Infinity":79,"s:288:6:292:Infinity":80,"s:294:6:297:Infinity":81,"s:300:4:300:Infinity":82,"s:303:2:303:Infinity":83,"f:313:7:313:46":14,"b:314:2:316:Infinity:undefined:undefined:undefined:undefined":25,"s:314:2:316:Infinity":84,"b:314:6:314:46:314:46:314:85":26,"s:315:3:315:Infinity":85,"s:318:2:387:Infinity":86,"s:319:3:319:Infinity":87,"s:322:3:322:Infinity":88,"s:324:22:324:Infinity":89,"s:325:27:325:Infinity":90,"b:327:3:330:Infinity:undefined:undefined:undefined:undefined":27,"s:327:3:330:Infinity":91,"s:329:4:329:Infinity":92,"s:333:24:333:Infinity":93,"b:334:3:336:Infinity:undefined:undefined:undefined:undefined":28,"s:334:3:336:Infinity":94,"s:335:4:335:Infinity":95,"s:338:3:342:Infinity":96,"s:345:48:352:Infinity":97,"b:346:28:346:51:346:51:346:Infinity":29,"s:354:3:357:Infinity":98,"s:360:3:364:Infinity":99,"b:361:4:363:Infinity:undefined:undefined:undefined:undefined":30,"s:361:4:363:Infinity":100,"b:361:8:361:45:361:45:361:77":31,"s:362:5:362:Infinity":101,"s:366:3:366:Infinity":102,"s:368:3:368:Infinity":103,"s:369:3:374:Infinity":104,"b:373:36:373:52:373:52:373:Infinity":32,"s:375:3:375:Infinity":105,"b:375:41:375:57:375:57:375:96":33,"s:378:3:386:Infinity":106,"f:378:14:378:20":15,"b:379:4:385:Infinity:undefined:undefined:undefined:undefined":34,"s:379:4:385:Infinity":107,"s:380:5:384:Infinity":108,"b:381:46:381:68:381:68:381:Infinity":35,"f:383:58:383:59":16,"s:383:65:383:86":109,"f:393:1:393:25":17,"b:394:2:396:Infinity:undefined:undefined:undefined:undefined":36,"s:394:2:396:Infinity":110,"s:395:3:395:Infinity":111,"s:398:2:398:Infinity":112,"s:400:23:400:Infinity":113,"s:401:32:403:Infinity":114,"f:402:3:402:4":18,"s:402:10:402:Infinity":115,"s:406:47:413:Infinity":116,"b:407:46:407:67:407:67:407:Infinity":37,"s:415:2:418:Infinity":117,"s:421:2:421:Infinity":118,"b:424:2:436:Infinity:430:9:436:Infinity":38,"s:424:2:436:Infinity":119,"s:425:3:429:Infinity":120,"s:431:3:435:Infinity":121,"s:438:2:438:Infinity":122,"f:444:1:444:24":19,"s:445:2:445:Infinity":123,"s:446:2:448:Infinity":124,"s:447:3:447:Infinity":125,"b:447:43:447:58:447:58:447:68":39,"s:449:2:449:Infinity":126,"f:455:1:455:23":20,"s:456:2:456:Infinity":127,"b:459:2:466:Infinity:undefined:undefined:undefined:undefined":40,"s:459:2:466:Infinity":128,"s:460:3:460:Infinity":129,"s:461:27:461:Infinity":130,"f:461:65:461:66":21,"s:461:72:461:80":131,"s:462:3:465:Infinity":132,"s:468:2:468:Infinity":133,"f:474:1:474:21":22,"b:475:2:482:Infinity:undefined:undefined:undefined:undefined":41,"s:475:2:482:Infinity":134,"s:476:3:480:Infinity":135,"s:481:3:481:Infinity":136,"f:489:15:489:57":23,"b:490:2:490:Infinity:undefined:undefined:undefined:undefined":42,"s:490:2:490:Infinity":137,"s:490:24:490:Infinity":138,"s:492:2:500:Infinity":139,"s:493:3:496:Infinity":140,"s:497:3:497:Infinity":141,"s:499:3:499:Infinity":142,"f:503:9:503:36":24,"b:504:2:507:Infinity:undefined:undefined:undefined:undefined":43,"s:504:2:507:Infinity":143,"s:505:3:505:Infinity":144,"f:505:40:505:41":25,"s:505:51:505:63":145,"s:506:3:506:Infinity":146,"f:510:15:510:36":26,"b:511:2:513:Infinity:undefined:undefined:undefined:undefined":44,"s:511:2:513:Infinity":147,"s:512:3:512:Infinity":148,"s:515:13:515:Infinity":149,"s:516:2:516:Infinity":150,"b:519:2:523:Infinity:undefined:undefined:undefined:undefined":45,"s:519:2:523:Infinity":151,"s:520:3:522:Infinity":152,"f:520:40:520:41":27,"s:521:4:521:Infinity":153,"s:526:2:538:Infinity":154,"f:526:22:526:23":28,"b:527:3:537:Infinity:undefined:undefined:undefined:undefined":46,"s:527:3:537:Infinity":155,"b:527:7:527:26:527:26:527:58":47,"s:528:39:535:Infinity":156,"s:536:4:536:Infinity":157,"s:541:2:544:Infinity":158,"f:541:15:541:16":29,"s:542:26:542:Infinity":159,"s:543:3:543:Infinity":160,"s:547:2:555:Infinity":161,"f:547:31:547:37":30,"b:548:3:554:Infinity:undefined:undefined:undefined:undefined":48,"s:548:3:554:Infinity":162,"b:549:4:549:Infinity:550:4:550:Infinity:551:4:551:Infinity":49,"s:553:4:553:Infinity":163,"b:558:2:578:Infinity:undefined:undefined:undefined:undefined":50,"s:558:2:578:Infinity":164,"s:559:3:577:Infinity":165,"s:560:18:560:Infinity":166,"s:561:4:561:Infinity":167,"b:563:4:573:Infinity:undefined:undefined:undefined:undefined":51,"s:563:4:573:Infinity":168,"s:564:40:571:Infinity":169,"s:572:5:572:Infinity":170,"s:575:4:575:Infinity":171,"s:576:4:576:Infinity":172,"f:581:15:581:27":31,"b:583:2:585:Infinity:undefined:undefined:undefined:undefined":52,"s:583:2:585:Infinity":173,"s:584:3:584:Infinity":174,"s:587:13:587:Infinity":175,"b:588:2:588:Infinity:undefined:undefined:undefined:undefined":53,"s:588:2:588:Infinity":176,"s:588:11:588:Infinity":177,"s:590:2:617:Infinity":178,"s:591:3:591:Infinity":179,"s:594:19:594:Infinity":180,"b:594:19:594:57:594:57:594:Infinity":54,"s:595:3:597:Infinity":181,"s:596:4:596:Infinity":182,"s:598:3:598:Infinity":183,"s:601:18:601:Infinity":184,"s:602:3:602:Infinity":185,"b:604:3:614:Infinity:undefined:undefined:undefined:undefined":55,"s:604:3:614:Infinity":186,"s:605:39:612:Infinity":187,"s:613:4:613:Infinity":188,"s:616:3:616:Infinity":189,"f:620:15:620:28":32,"s:621:13:621:Infinity":190,"b:622:2:622:Infinity:undefined:undefined:undefined:undefined":56,"s:622:2:622:Infinity":191,"s:622:11:622:Infinity":192,"s:624:2:635:Infinity":193,"s:625:3:625:Infinity":194,"s:628:19:628:Infinity":195,"b:628:19:628:57:628:57:628:Infinity":57,"s:629:3:631:Infinity":196,"s:630:4:630:Infinity":197,"s:632:3:632:Infinity":198,"s:634:3:634:Infinity":199,"f:638:15:638:34":33,"s:639:13:639:Infinity":200,"b:641:2:652:Infinity:647:9:652:Infinity":58,"s:641:2:652:Infinity":201,"b:641:6:641:12:641:12:641:36:641:36:641:57":59,"s:642:3:646:Infinity":202,"s:643:4:643:Infinity":203,"s:645:4:645:Infinity":204,"s:649:19:649:Infinity":205,"b:649:19:649:57:649:57:649:Infinity":60,"s:650:3:650:Infinity":206,"s:651:3:651:Infinity":207,"f:655:9:655:29":34,"s:656:13:656:Infinity":208,"b:657:2:660:Infinity:undefined:undefined:undefined:undefined":61,"s:657:2:660:Infinity":209,"s:658:3:658:Infinity":210,"s:659:3:659:Infinity":211,"s:661:2:661:Infinity":212,"s:662:2:662:Infinity":213,"f:665:9:665:33":35,"s:666:2:668:Infinity":214,"s:667:3:667:Infinity":215,"s:669:2:669:Infinity":216,"f:676:9:676:40":36,"s:677:2:677:Infinity":217,"f:680:9:680:21":37,"s:681:2:681:Infinity":218,"s:682:2:682:Infinity":219,"f:685:9:685:42":38,"s:686:48:686:Infinity":220,"s:688:2:695:Infinity":221,"s:689:3:694:Infinity":222,"s:698:2:704:Infinity":223,"f:698:20:698:21":39,"b:699:3:699:Infinity:undefined:undefined:undefined:undefined":62,"s:699:3:699:Infinity":224,"s:699:17:699:Infinity":225,"b:700:3:700:Infinity:undefined:undefined:undefined:undefined":63,"s:700:3:700:Infinity":226,"s:700:17:700:Infinity":227,"b:701:3:701:Infinity:undefined:undefined:undefined:undefined":64,"s:701:3:701:Infinity":228,"b:701:7:701:25:701:25:701:42":65,"s:701:42:701:Infinity":229,"b:702:3:702:Infinity:undefined:undefined:undefined:undefined":66,"s:702:3:702:Infinity":230,"b:702:7:702:26:702:26:702:42":67,"s:702:42:702:Infinity":231,"s:703:3:703:Infinity":232,"s:706:2:706:Infinity":233,"f:712:1:712:15":40,"s:713:2:713:Infinity":234,"b:713:9:713:50:713:50:713:Infinity":68,"f:719:1:719:17":41,"s:720:2:720:Infinity":235,"s:721:2:721:Infinity":236,"s:722:2:722:Infinity":237}}}
,"C:\\PAS ONEDRIVE\\M1\\dev_adv\\dvlpmnt_front-end_adv\\src\\lib\\services\\device.ts": {"path":"C:\\PAS ONEDRIVE\\M1\\dev_adv\\dvlpmnt_front-end_adv\\src\\lib\\services\\device.ts","statementMap":{"0":{"start":{"line":3,"column":2},"end":{"line":6,"column":null}},"1":{"start":{"line":5,"column":4},"end":{"line":5,"column":null}},"2":{"start":{"line":15,"column":2},"end":{"line":15,"column":null}},"3":{"start":{"line":15,"column":68},"end":{"line":15,"column":null}},"4":{"start":{"line":17,"column":37},"end":{"line":17,"column":null}},"5":{"start":{"line":18,"column":2},"end":{"line":20,"column":null}},"6":{"start":{"line":19,"column":4},"end":{"line":19,"column":null}},"7":{"start":{"line":21,"column":2},"end":{"line":25,"column":null}},"8":{"start":{"line":22,"column":4},"end":{"line":22,"column":null}},"9":{"start":{"line":23,"column":4},"end":{"line":23,"column":null}},"10":{"start":{"line":23,"column":27},"end":{"line":23,"column":null}},"11":{"start":{"line":24,"column":4},"end":{"line":24,"column":null}},"12":{"start":{"line":26,"column":2},"end":{"line":26,"column":null}}},"fnMap":{"0":{"name":"vibrate","decl":{"start":{"line":1,"column":16},"end":{"line":1,"column":24}},"loc":{"start":{"line":1,"column":52},"end":{"line":7,"column":null}},"line":1},"1":{"name":"notifyAndVibrate","decl":{"start":{"line":10,"column":22},"end":{"line":10,"column":null}},"loc":{"start":{"line":14,"column":20},"end":{"line":27,"column":null}},"line":14}},"branchMap":{"0":{"loc":{"start":{"line":3,"column":2},"end":{"line":6,"column":null}},"type":"if","locations":[{"start":{"line":3,"column":2},"end":{"line":6,"column":null}},{"start":{},"end":{}}],"line":3},"1":{"loc":{"start":{"line":3,"column":6},"end":{"line":3,"column":66}},"type":"binary-expr","locations":[{"start":{"line":3,"column":6},"end":{"line":3,"column":42}},{"start":{"line":3,"column":42},"end":{"line":3,"column":66}}],"line":3},"2":{"loc":{"start":{"line":15,"column":2},"end":{"line":15,"column":null}},"type":"if","locations":[{"start":{"line":15,"column":2},"end":{"line":15,"column":null}},{"start":{},"end":{}}],"line":15},"3":{"loc":{"start":{"line":15,"column":6},"end":{"line":15,"column":68}},"type":"binary-expr","locations":[{"start":{"line":15,"column":6},"end":{"line":15,"column":39}},{"start":{"line":15,"column":39},"end":{"line":15,"column":68}}],"line":15},"4":{"loc":{"start":{"line":18,"column":2},"end":{"line":20,"column":null}},"type":"if","locations":[{"start":{"line":18,"column":2},"end":{"line":20,"column":null}},{"start":{},"end":{}}],"line":18},"5":{"loc":{"start":{"line":21,"column":2},"end":{"line":25,"column":null}},"type":"if","locations":[{"start":{"line":21,"column":2},"end":{"line":25,"column":null}},{"start":{},"end":{}}],"line":21},"6":{"loc":{"start":{"line":23,"column":4},"end":{"line":23,"column":null}},"type":"if","locations":[{"start":{"line":23,"column":4},"end":{"line":23,"column":null}},{"start":{},"end":{}}],"line":23}},"s":{"0":4,"1":3,"2":6,"3":2,"4":4,"5":4,"6":2,"7":4,"8":3,"9":3,"10":1,"11":3,"12":1},"f":{"0":4,"1":6},"b":{"0":[3,1],"1":[4,4],"2":[2,4],"3":[6,5],"4":[2,2],"5":[3,1],"6":[1,2]},"meta":{"lastBranch":7,"lastFunction":2,"lastStatement":13,"seen":{"f:1:16:1:24":0,"b:3:2:6:Infinity:undefined:undefined:undefined:undefined":0,"s:3:2:6:Infinity":0,"b:3:6:3:42:3:42:3:66":1,"s:5:4:5:Infinity":1,"f:10:22:10:Infinity":1,"b:15:2:15:Infinity:undefined:undefined:undefined:undefined":2,"s:15:2:15:Infinity":2,"b:15:6:15:39:15:39:15:68":3,"s:15:68:15:Infinity":3,"s:17:37:17:Infinity":4,"b:18:2:20:Infinity:undefined:undefined:undefined:undefined":4,"s:18:2:20:Infinity":5,"s:19:4:19:Infinity":6,"b:21:2:25:Infinity:undefined:undefined:undefined:undefined":5,"s:21:2:25:Infinity":7,"s:22:4:22:Infinity":8,"b:23:4:23:Infinity:undefined:undefined:undefined:undefined":6,"s:23:4:23:Infinity":9,"s:23:27:23:Infinity":10,"s:24:4:24:Infinity":11,"s:26:2:26:Infinity":12}}}
,"C:\\PAS ONEDRIVE\\M1\\dev_adv\\dvlpmnt_front-end_adv\\src\\lib\\services\\socket.ts": {"path":"C:\\PAS ONEDRIVE\\M1\\dev_adv\\dvlpmnt_front-end_adv\\src\\lib\\services\\socket.ts","statementMap":{"0":{"start":{"line":4,"column":12},"end":{"line":4,"column":null}},"1":{"start":{"line":5,"column":13},"end":{"line":5,"column":null}},"2":{"start":{"line":7,"column":28},"end":{"line":7,"column":null}},"3":{"start":{"line":10,"column":1},"end":{"line":16,"column":null}},"4":{"start":{"line":11,"column":2},"end":{"line":15,"column":null}},"5":{"start":{"line":17,"column":1},"end":{"line":17,"column":null}},"6":{"start":{"line":21,"column":11},"end":{"line":21,"column":null}},"7":{"start":{"line":22,"column":1},"end":{"line":26,"column":null}},"8":{"start":{"line":23,"column":2},"end":{"line":23,"column":null}},"9":{"start":{"line":25,"column":2},"end":{"line":25,"column":null}},"10":{"start":{"line":27,"column":1},"end":{"line":27,"column":null}},"11":{"start":{"line":31,"column":2},"end":{"line":31,"column":null}},"12":{"start":{"line":31,"column":15},"end":{"line":31,"column":null}},"13":{"start":{"line":32,"column":2},"end":{"line":40,"column":null}},"14":{"start":{"line":33,"column":4},"end":{"line":33,"column":null}},"15":{"start":{"line":34,"column":1},"end":{"line":36,"column":null}},"16":{"start":{"line":35,"column":2},"end":{"line":35,"column":null}},"17":{"start":{"line":37,"column":4},"end":{"line":37,"column":null}},"18":{"start":{"line":39,"column":4},"end":{"line":39,"column":null}}},"fnMap":{"0":{"name":"getSocket","decl":{"start":{"line":9,"column":16},"end":{"line":9,"column":36}},"loc":{"start":{"line":9,"column":36},"end":{"line":18,"column":null}},"line":9},"1":{"name":"withSocket","decl":{"start":{"line":20,"column":16},"end":{"line":20,"column":27}},"loc":{"start":{"line":20,"column":97},"end":{"line":28,"column":null}},"line":20},"2":{"name":"resetSocket","decl":{"start":{"line":30,"column":16},"end":{"line":30,"column":30}},"loc":{"start":{"line":30,"column":30},"end":{"line":41,"column":null}},"line":30}},"branchMap":{"0":{"loc":{"start":{"line":10,"column":1},"end":{"line":16,"column":null}},"type":"if","locations":[{"start":{"line":10,"column":1},"end":{"line":16,"column":null}},{"start":{},"end":{}}],"line":10},"1":{"loc":{"start":{"line":31,"column":2},"end":{"line":31,"column":null}},"type":"if","locations":[{"start":{"line":31,"column":2},"end":{"line":31,"column":null}},{"start":{},"end":{}}],"line":31},"2":{"loc":{"start":{"line":34,"column":1},"end":{"line":36,"column":null}},"type":"if","locations":[{"start":{"line":34,"column":1},"end":{"line":36,"column":null}},{"start":{},"end":{}}],"line":34}},"s":{"0":1,"1":1,"2":1,"3":8,"4":6,"5":8,"6":2,"7":2,"8":2,"9":1,"10":2,"11":6,"12":1,"13":5,"14":5,"15":5,"16":5,"17":5,"18":5},"f":{"0":8,"1":2,"2":6},"b":{"0":[6,2],"1":[1,5],"2":[5,0]},"meta":{"lastBranch":3,"lastFunction":3,"lastStatement":19,"seen":{"s:4:12:4:Infinity":0,"s:5:13:5:Infinity":1,"s:7:28:7:Infinity":2,"f:9:16:9:36":0,"b:10:1:16:Infinity:undefined:undefined:undefined:undefined":0,"s:10:1:16:Infinity":3,"s:11:2:15:Infinity":4,"s:17:1:17:Infinity":5,"f:20:16:20:27":1,"s:21:11:21:Infinity":6,"s:22:1:26:Infinity":7,"s:23:2:23:Infinity":8,"s:25:2:25:Infinity":9,"s:27:1:27:Infinity":10,"f:30:16:30:30":2,"b:31:2:31:Infinity:undefined:undefined:undefined:undefined":1,"s:31:2:31:Infinity":11,"s:31:15:31:Infinity":12,"s:32:2:40:Infinity":13,"s:33:4:33:Infinity":14,"b:34:1:36:Infinity:undefined:undefined:undefined:undefined":2,"s:34:1:36:Infinity":15,"s:35:2:35:Infinity":16,"s:37:4:37:Infinity":17,"s:39:4:39:Infinity":18}}}
,"C:\\PAS ONEDRIVE\\M1\\dev_adv\\dvlpmnt_front-end_adv\\src\\lib\\storage\\chat.ts": {"path":"C:\\PAS ONEDRIVE\\M1\\dev_adv\\dvlpmnt_front-end_adv\\src\\lib\\storage\\chat.ts","statementMap":{"0":{"start":{"line":7,"column":24},"end":{"line":7,"column":null}},"1":{"start":{"line":19,"column":7},"end":{"line":19,"column":null}},"2":{"start":{"line":20,"column":1},"end":{"line":26,"column":null}},"3":{"start":{"line":22,"column":3},"end":{"line":25,"column":null}},"4":{"start":{"line":30,"column":1},"end":{"line":34,"column":null}},"5":{"start":{"line":31,"column":2},"end":{"line":31,"column":null}},"6":{"start":{"line":33,"column":2},"end":{"line":33,"column":null}},"7":{"start":{"line":39,"column":7},"end":{"line":39,"column":null}},"8":{"start":{"line":39,"column":39},"end":{"line":39,"column":85}},"9":{"start":{"line":40,"column":1},"end":{"line":40,"column":null}},"10":{"start":{"line":41,"column":1},"end":{"line":41,"column":null}},"11":{"start":{"line":46,"column":1},"end":{"line":48,"column":null}},"12":{"start":{"line":47,"column":17},"end":{"line":47,"column":36}},"13":{"start":{"line":48,"column":18},"end":{"line":48,"column":56}}},"fnMap":{"0":{"name":"readMessages","decl":{"start":{"line":18,"column":16},"end":{"line":18,"column":42}},"loc":{"start":{"line":18,"column":42},"end":{"line":27,"column":null}},"line":18},"1":{"name":"(anonymous_1)","decl":{"start":{"line":21,"column":2},"end":{"line":21,"column":3}},"loc":{"start":{"line":22,"column":3},"end":{"line":25,"column":null}},"line":22},"2":{"name":"writeMessages","decl":{"start":{"line":29,"column":16},"end":{"line":29,"column":30}},"loc":{"start":{"line":29,"column":53},"end":{"line":35,"column":null}},"line":29},"3":{"name":"unsubscribeRoom","decl":{"start":{"line":38,"column":16},"end":{"line":38,"column":32}},"loc":{"start":{"line":38,"column":56},"end":{"line":42,"column":null}},"line":38},"4":{"name":"(anonymous_4)","decl":{"start":{"line":39,"column":31},"end":{"line":39,"column":32}},"loc":{"start":{"line":39,"column":39},"end":{"line":39,"column":85}},"line":39},"5":{"name":"readMessagesByRoom","decl":{"start":{"line":45,"column":16},"end":{"line":45,"column":35}},"loc":{"start":{"line":45,"column":62},"end":{"line":49,"column":null}},"line":45},"6":{"name":"(anonymous_6)","decl":{"start":{"line":47,"column":10},"end":{"line":47,"column":11}},"loc":{"start":{"line":47,"column":17},"end":{"line":47,"column":36}},"line":47},"7":{"name":"(anonymous_7)","decl":{"start":{"line":48,"column":8},"end":{"line":48,"column":9}},"loc":{"start":{"line":48,"column":18},"end":{"line":48,"column":56}},"line":48}},"branchMap":{"0":{"loc":{"start":{"line":22,"column":3},"end":{"line":25,"column":null}},"type":"binary-expr","locations":[{"start":{"line":22,"column":3},"end":{"line":22,"column":null}},{"start":{"line":23,"column":3},"end":{"line":23,"column":null}},{"start":{"line":24,"column":3},"end":{"line":24,"column":null}},{"start":{"line":25,"column":3},"end":{"line":25,"column":null}}],"line":22},"1":{"loc":{"start":{"line":39,"column":39},"end":{"line":39,"column":85}},"type":"cond-expr","locations":[{"start":{"line":39,"column":57},"end":{"line":39,"column":83}},{"start":{"line":39,"column":83},"end":{"line":39,"column":85}}],"line":39}},"s":{"0":1,"1":5,"2":5,"3":9,"4":2,"5":2,"6":1,"7":1,"8":2,"9":1,"10":1,"11":2,"12":5,"13":2},"f":{"0":5,"1":9,"2":2,"3":1,"4":2,"5":2,"6":5,"7":2},"b":{"0":[9,9,8,7],"1":[1,1]},"meta":{"lastBranch":2,"lastFunction":8,"lastStatement":14,"seen":{"s:7:24:7:Infinity":0,"f:18:16:18:42":0,"s:19:7:19:Infinity":1,"s:20:1:26:Infinity":2,"f:21:2:21:3":1,"s:22:3:25:Infinity":3,"b:22:3:22:Infinity:23:3:23:Infinity:24:3:24:Infinity:25:3:25:Infinity":0,"f:29:16:29:30":2,"s:30:1:34:Infinity":4,"s:31:2:31:Infinity":5,"s:33:2:33:Infinity":6,"f:38:16:38:32":3,"s:39:7:39:Infinity":7,"f:39:31:39:32":4,"s:39:39:39:85":8,"b:39:57:39:83:39:83:39:85":1,"s:40:1:40:Infinity":9,"s:41:1:41:Infinity":10,"f:45:16:45:35":5,"s:46:1:48:Infinity":11,"f:47:10:47:11":6,"s:47:17:47:36":12,"f:48:8:48:9":7,"s:48:18:48:56":13}}}
,"C:\\PAS ONEDRIVE\\M1\\dev_adv\\dvlpmnt_front-end_adv\\src\\lib\\storage\\photos.ts": {"path":"C:\\PAS ONEDRIVE\\M1\\dev_adv\\dvlpmnt_front-end_adv\\src\\lib\\storage\\photos.ts","statementMap":{"0":{"start":{"line":4,"column":34},"end":{"line":4,"column":null}},"1":{"start":{"line":5,"column":25},"end":{"line":5,"column":null}},"2":{"start":{"line":10,"column":8},"end":{"line":10,"column":null}},"3":{"start":{"line":11,"column":2},"end":{"line":11,"column":null}},"4":{"start":{"line":11,"column":30},"end":{"line":11,"column":null}},"5":{"start":{"line":12,"column":2},"end":{"line":14,"column":null}},"6":{"start":{"line":13,"column":19},"end":{"line":13,"column":111}},"7":{"start":{"line":19,"column":2},"end":{"line":24,"column":null}},"8":{"start":{"line":20,"column":4},"end":{"line":20,"column":null}},"9":{"start":{"line":23,"column":4},"end":{"line":23,"column":null}},"10":{"start":{"line":29,"column":26},"end":{"line":29,"column":null}},"11":{"start":{"line":30,"column":15},"end":{"line":30,"column":null}},"12":{"start":{"line":31,"column":2},"end":{"line":31,"column":null}},"13":{"start":{"line":32,"column":2},"end":{"line":32,"column":null}},"14":{"start":{"line":37,"column":15},"end":{"line":37,"column":null}},"15":{"start":{"line":37,"column":42},"end":{"line":37,"column":53}},"16":{"start":{"line":38,"column":2},"end":{"line":38,"column":null}},"17":{"start":{"line":39,"column":2},"end":{"line":39,"column":null}},"18":{"start":{"line":43,"column":31},"end":{"line":43,"column":null}},"19":{"start":{"line":44,"column":29},"end":{"line":44,"column":null}},"20":{"start":{"line":44,"column":30},"end":{"line":44,"column":null}}},"fnMap":{"0":{"name":"readPhotos","decl":{"start":{"line":9,"column":16},"end":{"line":9,"column":42}},"loc":{"start":{"line":9,"column":42},"end":{"line":15,"column":null}},"line":9},"1":{"name":"(anonymous_1)","decl":{"start":{"line":13,"column":12},"end":{"line":13,"column":13}},"loc":{"start":{"line":13,"column":19},"end":{"line":13,"column":111}},"line":13},"2":{
[...]
t":{"line":38,"column":91},"end":{"line":38,"column":100}}],"line":38},"2":{"loc":{"start":{"line":40,"column":1},"end":{"line":42,"column":null}},"type":"if","locations":[{"start":{"line":40,"column":1},"end":{"line":42,"column":null}},{"start":{},"end":{}}],"line":40},"3":{"loc":{"start":{"line":50,"column":2},"end":{"line":52,"column":null}},"type":"if","locations":[{"start":{"line":50,"column":2},"end":{"line":52,"column":null}},{"start":{},"end":{}}],"line":50},"4":{"loc":{"start":{"line":57,"column":1},"end":{"line":59,"column":null}},"type":"if","locations":[{"start":{"line":57,"column":1},"end":{"line":59,"column":null}},{"start":{},"end":{}}],"line":57},"5":{"loc":{"start":{"line":67,"column":24},"end":{"line":67,"column":39}},"type":"binary-expr","locations":[{"start":{"line":67,"column":24},"end":{"line":67,"column":35}},{"start":{"line":67,"column":35},"end":{"line":67,"column":39}}],"line":67},"6":{"loc":{"start":{"line":68,"column":14},"end":{"line":68,"column":null}},"type":"cond-expr","locations":[{"start":{"line":68,"column":41},"end":{"line":68,"column":57}},{"start":{"line":68,"column":41},"end":{"line":68,"column":null}}],"line":68},"7":{"loc":{"start":{"line":69,"column":1},"end":{"line":69,"column":null}},"type":"if","locations":[{"start":{"line":69,"column":1},"end":{"line":69,"column":null}},{"start":{},"end":{}}],"line":69},"8":{"loc":{"start":{"line":73,"column":2},"end":{"line":75,"column":null}},"type":"cond-expr","locations":[{"start":{"line":74,"column":5},"end":{"line":74,"column":null}},{"start":{"line":75,"column":5},"end":{"line":75,"column":null}}],"line":73},"9":{"loc":{"start":{"line":75,"column":21},"end":{"line":75,"column":68}},"type":"cond-expr","locations":[{"start":{"line":75,"column":35},"end":{"line":75,"column":66}},{"start":{"line":75,"column":66},"end":{"line":75,"column":68}}],"line":75}},"s":{"0":2,"1":2,"2":2,"3":17,"4":17,"5":20,"6":13,"7":13,"8":6,"9":4,"10":6,"11":6,"12":4,"13":4,"14":3,"15":4,"16":6,"17":6,"18":6,"19":4,"20":3,"21":2,"22":3,"23":1,"24":2,"25":2,"26":4,"27":4,"28":4,"29":4,"30":1,"31":3,"32":3,"33":2,"34":3,"35":1,"36":4,"37":4},"f":{"0":17,"1":20,"2":13,"3":6,"4":6,"5":6,"6":6,"7":4,"8":2,"9":1},"b":{"0":[20,19,17,17],"1":[6,6],"2":[3,1],"3":[3,1],"4":[1,2],"5":[4,2],"6":[2,2],"7":[1,3],"8":[2,1],"9":[1,0]},"meta":{"lastBranch":10,"lastFunction":10,"lastStatement":38,"seen":{"s:9:25:9:Infinity":0,"s:11:29:15:Infinity":1,"s:17:27:17:Infinity":2,"f:19:16:19:36":0,"s:20:7:20:Infinity":3,"s:21:1:27:Infinity":4,"f:22:2:22:3":1,"s:23:3:26:Infinity":5,"b:23:3:23:Infinity:24:3:24:Infinity:25:3:25:Infinity:26:3:26:Infinity":0,"f:30:16:30:27":2,"s:31:1:33:Infinity":6,"s:32:2:32:Infinity":7,"f:36:15:36:32":3,"s:37:15:37:Infinity":8,"s:38:19:38:Infinity":9,"f:38:29:38:30":4,"s:38:40:38:48":10,"f:38:57:38:58":5,"s:38:65:38:100":11,"b:38:65:38:91:38:91:38:100":1,"s:39:7:39:Infinity":12,"b:40:1:42:Infinity:undefined:undefined:undefined:undefined":2,"s:40:1:42:Infinity":13,"s:41:2:41:Infinity":14,"s:43:1:43:Infinity":15,"f:46:22:46:52":6,"s:47:16:47:Infinity":16,"s:48:1:55:Infinity":17,"s:49:17:49:Infinity":18,"b:50:2:52:Infinity:undefined:undefined:undefined:undefined":3,"s:50:2:52:Infinity":19,"s:51:3:51:Infinity":20,"s:54:2:54:Infinity":21,"b:57:1:59:Infinity:undefined:undefined:undefined:undefined":4,"s:57:1:59:Infinity":22,"s:58:2:58:Infinity":23,"s:61:1:61:Infinity":24,"s:62:1:62:Infinity":25,"f:65:16:65:27":7,"s:66:12:66:Infinity":26,"s:67:7:67:Infinity":27,"b:67:24:67:35:67:35:67:39":5,"s:68:14:68:Infinity":28,"b:68:41:68:57:68:41:68:Infinity":6,"b:69:1:69:Infinity:undefined:undefined:undefined:undefined":7,"s:69:1:69:Infinity":29,"s:69:10:69:Infinity":30,"s:70:13:70:Infinity":31,"s:71:13:71:Infinity":32,"f:71:27:71:28":8,"s:71:34:71:45":33,"s:73:2:75:Infinity":34,"b:74:5:74:Infinity:75:5:75:Infinity":8,"f:75:13:75:14":9,"s:75:21:75:68":35,"b:75:35:75:66:75:66:75:68":9,"s:76:1:76:Infinity":36,"s:77:1:77:Infinity":37}}}
,"C:\\PAS ONEDRIVE\\M1\\dev_adv\\dvlpmnt_front-end_adv\\src\\lib\\stores\\loading.ts": {"path":"C:\\PAS ONEDRIVE\\M1\\dev_adv\\dvlpmnt_front-end_adv\\src\\lib\\stores\\loading.ts","statementMap":{"0":{"start":{"line":9,"column":32},"end":{"line":12,"column":null}},"1":{"start":{"line":14,"column":1},"end":{"line":19,"column":null}},"2":{"start":{"line":16,"column":39},"end":{"line":16,"column":null}},"3":{"start":{"line":17,"column":14},"end":{"line":17,"column":null}},"4":{"start":{"line":22,"column":28},"end":{"line":22,"column":null}},"5":{"start":{"line":31,"column":1},"end":{"line":31,"column":null}},"6":{"start":{"line":32,"column":1},"end":{"line":36,"column":null}},"7":{"start":{"line":33,"column":2},"end":{"line":33,"column":null}},"8":{"start":{"line":35,"column":2},"end":{"line":35,"column":null}}},"fnMap":{"0":{"name":"createLoadingStore","decl":{"start":{"line":8,"column":9},"end":{"line":8,"column":30}},"loc":{"start":{"line":8,"column":30},"end":{"line":20,"column":null}},"line":8},"1":{"name":"(anonymous_1)","decl":{"start":{"line":16,"column":8},"end":{"line":16,"column":9}},"loc":{"start":{"line":16,"column":39},"end":{"line":16,"column":null}},"line":16},"2":{"name":"(anonymous_2)","decl":{"start":{"line":17,"column":8},"end":{"line":17,"column":14}},"loc":{"start":{"line":17,"column":14},"end":{"line":17,"column":null}},"line":17},"3":{"name":"withLoading","decl":{"start":{"line":27,"column":22},"end":{"line":27,"column":null}},"loc":{"start":{"line":30,"column":14},"end":{"line":37,"column":null}},"line":30}},"branchMap":{"0":{"loc":{"start":{"line":16,"column":9},"end":{"line":16,"column":39}},"type":"default-arg","locations":[{"start":{"line":16,"column":19},"end":{"line":16,"column":39}}],"line":16},"1":{"loc":{"start":{"line":29,"column":1},"end":{"line":29,"column":null}},"type":"default-arg","locations":[{"start":{"line":29,"column":11},"end":{"line":29,"column":null}}],"line":29}},"s":{"0":1,"1":1,"2":5,"3":7,"4":1,"5":2,"6":2,"7":2,"8":2},"f":{"0":1,"1":5,"2":7,"3":2},"b":{"0":[5],"1":[2]},"meta":{"lastBranch":2,"lastFunction":4,"lastStatement":9,"seen":{"f:8:9:8:30":0,"s:9:32:12:Infinity":0,"s:14:1:19:Infinity":1,"f:16:8:16:9":1,"s:16:39:16:Infinity":2,"b:16:19:16:39":0,"f:17:8:17:14":2,"s:17:14:17:Infinity":3,"s:22:28:22:Infinity":4,"f:27:22:27:Infinity":3,"b:29:11:29:Infinity":1,"s:31:1:31:Infinity":5,"s:32:1:36:Infinity":6,"s:33:2:33:Infinity":7,"s:35:2:35:Infinity":8}}}
,"C:\\PAS ONEDRIVE\\M1\\dev_adv\\dvlpmnt_front-end_adv\\src\\lib\\utils\\download.ts": {"path":"C:\\PAS ONEDRIVE\\M1\\dev_adv\\dvlpmnt_front-end_adv\\src\\lib\\utils\\download.ts","statementMap":{"0":{"start":{"line":16,"column":11},"end":{"line":16,"column":null}},"1":{"start":{"line":17,"column":1},"end":{"line":17,"column":null}},"2":{"start":{"line":18,"column":1},"end":{"line":18,"column":null}},"3":{"start":{"line":19,"column":1},"end":{"line":19,"column":null}},"4":{"start":{"line":26,"column":1},"end":{"line":31,"column":null}},"5":{"start":{"line":27,"column":17},"end":{"line":27,"column":null}},"6":{"start":{"line":28,"column":2},"end":{"line":28,"column":null}},"7":{"start":{"line":28,"column":24},"end":{"line":28,"column":null}},"8":{"start":{"line":29,"column":2},"end":{"line":29,"column":null}},"9":{"start":{"line":30,"column":2},"end":{"line":30,"column":null}},"10":{"start":{"line":38,"column":1},"end":{"line":38,"column":null}}},"fnMap":{"0":{"name":"triggerDownload","decl":{"start":{"line":15,"column":16},"end":{"line":15,"column":32}},"loc":{"start":{"line":15,"column":88},"end":{"line":20,"column":null}},"line":15},"1":{"name":"blobToDataURL","decl":{"start":{"line":25,"column":16},"end":{"line":25,"column":30}},"loc":{"start":{"line":25,"column":59},"end":{"line":32,"column":null}},"line":25},"2":{"name":"(anonymous_2)","decl":{"start":{"line":26,"column":20},"end":{"line":26,"column":21}},"loc":{"start":{"line":26,"column":41},"end":{"line":31,"column":2}},"line":26},"3":{"name":"(anonymous_3)","decl":{"start":{"line":28,"column":18},"end":{"line":28,"column":24}},"loc":{"start":{"line":28,"column":24},"end":{"line":28,"column":null}},"line":28},"4":{"name":"fileToDataURL","decl":{"start":{"line":37,"column":16},"end":{"line":37,"column":30}},"loc":{"start":{"line":37,"column":59},"end":{"line":39,"column":null}},"line":37}},"branchMap":{"0":{"loc":{"start":{"line":15,"column":56},"end":{"line":15,"column":88}},"type":"default-arg","locations":[{"start":{"line":15,"column":73},"end":{"line":15,"column":88}}],"line":15}},"s":{"0":3,"1":3,"2":3,"3":3,"4":4,"5":4,"6":4,"7":4,"8":4,"9":4,"10":2},"f":{"0":3,"1":4,"2":4,"3":4,"4":2},"b":{"0":[3]},"meta":{"lastBranch":1,"lastFunction":5,"lastStatement":11,"seen":{"f:15:16:15:32":0,"b:15:73:15:88":0,"s:16:11:16:Infinity":0,"s:17:1:17:Infinity":1,"s:18:1:18:Infinity":2,"s:19:1:19:Infinity":3,"f:25:16:25:30":1,"s:26:1:31:Infinity":4,"f:26:20:26:21":2,"s:27:17:27:Infinity":5,"s:28:2:28:Infinity":6,"f:28:18:28:24":3,"s:28:24:28:Infinity":7,"s:29:2:29:Infinity":8,"s:30:2:30:Infinity":9,"f:37:16:37:30":4,"s:38:1:38:Infinity":10}}}
,"C:\\PAS ONEDRIVE\\M1\\dev_adv\\dvlpmnt_front-end_adv\\src\\lib\\utils\\format.ts": {"path":"C:\\PAS ONEDRIVE\\M1\\dev_adv\\dvlpmnt_front-end_adv\\src\\lib\\utils\\format.ts","statementMap":{"0":{"start":{"line":10,"column":17},"end":{"line":10,"column":null}},"1":{"start":{"line":11,"column":1},"end":{"line":11,"column":null}},"2":{"start":{"line":11,"column":15},"end":{"line":11,"column":null}},"3":{"start":{"line":12,"column":1},"end":{"line":12,"column":null}},"4":{"start":{"line":19,"column":7},"end":{"line":19,"column":null}},"5":{"start":{"line":20,"column":1},"end":{"line":20,"column":null}},"6":{"start":{"line":27,"column":1},"end":{"line":27,"column":null}},"7":{"start":{"line":34,"column":1},"end":{"line":34,"column":null}},"8":{"start":{"line":34,"column":31},"end":{"line":34,"column":null}},"9":{"start":{"line":35,"column":1},"end":{"line":35,"column":null}}},"fnMap":{"0":{"name":"formatRoomName","decl":{"start":{"line":9,"column":16},"end":{"line":9,"column":31}},"loc":{"start":{"line":9,"column":55},"end":{"line":13,"column":null}},"line":9},"1":{"name":"normalizePseudo","decl":{"start":{"line":18,"column":16},"end":{"line":18,"column":32}},"loc":{"start":{"line":18,"column":75},"end":{"line":21,"column":null}},"line":18},"2":{"name":"formatTimestamp","decl":{"start":{"line":26,"column":16},"end":{"line":26,"column":32}},"loc":{"start":{"line":26,"column":52},"end":{"line":28,"column":null}},"line":26},"3":{"name":"truncate","decl":{"start":{"line":33,"column":16},"end":{"line":33,"column":25}},"loc":{"start":{"line":33,"column":66},"end":{"line":36,"column":null}},"line":33}},"branchMap":{"0":{"loc":{"start":{"line":11,"column":1},"end":{"line":11,"column":null}},"type":"if","locations":[{"start":{"line":11,"column":1},"end":{"line":11,"column":null}},{"start":{},"end":{}}],"line":11},"1":{"loc":{"start":{"line":19,"column":18},"end":{"line":19,"column":31}},"type":"binary-expr","locations":[{"start":{"line":19,"column":18},"end":{"line":19,"column":27}},{"start":{"line":19,"column":27},"end":{"line":19,"column":31}}],"line":19},"2":{"loc":{"start":{"line":20,"column":8},"end":{"line":20,"column":null}},"type":"cond-expr","locations":[{"start":{"line":20,"column":18},"end":{"line":20,"column":42}},{"start":{"line":20,"column":42},"end":{"line":20,"column":null}}],"line":20},"3":{"loc":{"start":{"line":34,"column":1},"end":{"line":34,"column":null}},"type":"if","locations":[{"start":{"line":34,"column":1},"end":{"line":34,"column":null}},{"start":{},"end":{}}],"line":34}},"s":{"0":16,"1":16,"2":2,"3":14,"4":6,"5":6,"6":1,"7":4,"8":2,"9":2},"f":{"0":16,"1":6,"2":1,"3":4},"b":{"0":[2,14],"1":[6,2],"2":[2,4],"3":[2,2]},"meta":{"lastBranch":4,"lastFunction":4,"lastStatement":10,"seen":{"f:9:16:9:31":0,"s:10:17:10:Infinity":0,"b:11:1:11:Infinity:undefined:undefined:undefined:undefined":0,"s:11:1:11:Infinity":1,"s:11:15:11:Infinity":2,"s:12:1:12:Infinity":3,"f:18:16:18:32":1,"s:19:7:19:Infinity":4,"b:19:18:19:27:19:27:19:31":1,"s:20:1:20:Infinity":5,"b:20:18:20:42:20:42:20:Infinity":2,"f:26:16:26:32":2,"s:27:1:27:Infinity":6,"f:33:16:33:25":3,"b:34:1:34:Infinity:undefined:undefined:undefined:undefined":3,"s:34:1:34:Infinity":7,"s:34:31:34:Infinity":8,"s:35:1:35:Infinity":9}}}
,"C:\\PAS ONEDRIVE\\M1\\dev_adv\\dvlpmnt_front-end_adv\\src\\lib\\utils\\merge.ts": {"path":"C:\\PAS ONEDRIVE\\M1\\dev_adv\\dvlpmnt_front-end_adv\\src\\lib\\utils\\merge.ts","statementMap":{"0":{"start":{"line":9,"column":27},"end":{"line":9,"column":null}},"1":{"start":{"line":16,"column":20},"end":{"line":16,"column":null}},"2":{"start":{"line":16,"column":49},"end":{"line":16,"column":64}},"3":{"start":{"line":18,"column":21},"end":{"line":27,"column":null}},"4":{"start":{"line":19,"column":21},"end":{"line":19,"column":null}},"5":{"start":{"line":20,"column":21},"end":{"line":20,"column":null}},"6":{"start":{"line":21,"column":23},"end":{"line":21,"column":null}},"7":{"start":{"line":22,"column":2},"end":{"line":26,"column":null}},"8":{"start":{"line":29,"column":19},"end":{"line":29,"column":null}},"9":{"start":{"line":30,"column":21},"end":{"line":30,"column":null}},"10":{"start":{"line":30,"column":45},"end":{"line":30,"column":68}},"11":{"start":{"line":32,"column":1},"end":{"line":32,"column":null}}},"fnMap":{"0":{"name":"mergeRemoteWithStored","decl":{"start":{"line":15,"column":16},"end":{"line":15,"column":38}},"loc":{"start":{"line":15,"column":83},"end":{"line":33,"column":null}},"line":15},"1":{"name":"(anonymous_1)","decl":{"start":{"line":16,"column":39},"end":{"line":16,"column":40}},"loc":{"start":{"line":16,"column":49},"end":{"line":16,"column":64}},"line":16},"2":{"name":"(anonymous_2)","decl":{"start":{"line":18,"column":35},"end":{"line":18,"column":36}},"loc":{"start":{"line":18,"column":43},"end":{"line":27,"column":2}},"line":18},"3":{"name":"(anonymous_3)","decl":{"start":{"line":30,"column":35},"end":{"line":30,"column":36}},"loc":{"start":{"line":30,"column":45},"end":{"line":30,"column":68}},"line":30}},"branchMap":{"0":{"loc":{"start":{"line":24,"column":9},"end":{"line":24,"column":null}},"type":"cond-expr","locations":[{"start":{"line":24,"column":54},"end":{"line":24,"column":67}},{"start":{"line":24,"column":54},"end":{"line":24,"column":null}}],"line":24},"1":{"loc":{"start":{"line":24,"column":9},"end":{"line":24,"column":54}},"type":"binary-expr","locations":[{"start":{"line":24,"column":9},"end":{"line":24,"column":23}},{"start":{"line":24,"column":23},"end":{"line":24,"column":54}}],"line":24},"2":{"loc":{"start":{"line":25,"column":11},"end":{"line":25,"column":null}},"type":"binary-expr","locations":[{"start":{"line":25,"column":11},"end":{"line":25,"column":27}},{"start":{"line":25,"column":27},"end":{"line":25,"column":null}}],"line":25}},"s":{"0":3,"1":9,"2":7,"3":9,"4":11,"5":11,"6":11,"7":11,"8":9,"9":9,"10":7,"11":9},"f":{"0":9,"1":7,"2":11,"3":7},"b":{"0":[3,8],"1":[11,3],"2":[11,8]},"meta":{"lastBranch":3,"lastFunction":4,"lastStatement":12,"seen":{"s:9:27:9:Infinity":0,"f:15:16:15:38":0,"s:16:20:16:Infinity":1,"f:16:39:16:40":1,"s:16:49:16:64":2,"s:18:21:27:Infinity":3,"f:18:35:18:36":2,"s:19:21:19:Infinity":4,"s:20:21:20:Infinity":5,"s:21:23:21:Infinity":6,"s:22:2:26:Infinity":7,"b:24:54:24:67:24:54:24:Infinity":0,"b:24:9:24:23:24:23:24:54":1,"b:25:11:25:27:25:27:25:Infinity":2,"s:29:19:29:Infinity":8,"s:30:21:30:Infinity":9,"f:30:35:30:36":3,"s:30:45:30:68":10,"s:32:1:32:Infinity":11}}}
,"C:\\PAS ONEDRIVE\\M1\\dev_adv\\dvlpmnt_front-end_adv\\src\\lib\\utils\\validation.ts": {"path":"C:\\PAS ONEDRIVE\\M1\\dev_adv\\dvlpmnt_front-end_adv\\src\\lib\\utils\\validation.ts","statementMap":{"0":{"start":{"line":6,"column":1},"end":{"line":6,"column":null}},"1":{"start":{"line":10,"column":1},"end":{"line":10,"column":null}},"2":{"start":{"line":14,"column":1},"end":{"line":14,"column":null}},"3":{"start":{"line":21,"column":1},"end":{"line":21,"column":null}},"4":{"start":{"line":21,"column":11},"end":{"line":21,"column":null}},"5":{"start":{"line":22,"column":1},"end":{"line":26,"column":null}},"6":{"start":{"line":23,"column":2},"end":{"line":23,"column":null}},"7":{"start":{"line":25,"column":2},"end":{"line":25,"column":null}},"8":{"start":{"line":36,"column":1},"end":{"line":36,"column":null}},"9":{"start":{"line":36,"column":38},"end":{"line":36,"column":null}},"10":{"start":{"line":37,"column":1},"end":{"line":37,"column":null}},"11":{"start":{"line":37,"column":30},"end":{"line":37,"column":88}}},"fnMap":{"0":{"name":"isDataUrl","decl":{"start":{"line":5,"column":16},"end":{"line":5,"column":26}},"loc":{"start":{"line":5,"column":59},"end":{"line":7,"column":null}},"line":5},"1":{"name":"isNonEmptyString","decl":{"start":{"line":9,"column":16},"end":{"line":9,"column":33}},"loc":{"start":{"line":9,"column":66},"end":{"line":11,"column":null}},"line":9},"2":{"name":"isValidNumber","decl":{"start":{"line":13,"column":16},"end":{"line":13,"column":30}},"loc":{"start":{"line":13,"column":63},"end":{"line":15,"column":null}},"line":13},"3":{"name":"safeParse","decl":{"start":{"line":20,"column":16},"end":{"line":20,"column":29}},"loc":{"start":{"line":20,"column":65},"end":{"line":27,"column":null}},"line":20},"4":{"name":"hasRequiredStringProps","decl":{"start":{"line":32,"column":16},"end":{"line":32,"column":null}},"loc":{"start":{"line":35,"column":28},"end":{"line":38,"column":null}},"line":35},"5":{"name":"(anonymous_5)","decl":{"start":{"line":37,"column":20},"end":{"line":37,"column":21}},"loc":{"start":{"line":37,"column":30},"end":{"line":37,"column":88}},"line":37}},"branchMap":{"0":{"loc":{"start":{"line":6,"column":8},"end":{"line":6,"column":null}},"type":"binary-expr","locations":[{"start":{"line":6,"column":8},"end":{"line":6,"column":37}},{"start":{"line":6,"column":37},"end":{"line":6,"column":null}}],"line":6},"1":{"loc":{"start":{"line":10,"column":8},"end":{"line":10,"column":null}},"type":"binary-expr","locations":[{"start":{"line":10,"column":8},"end":{"line":10,"column":37}},{"start":{"line":10,"column":37},"end":{"line":10,"column":null}}],"line":10},"2":{"loc":{"start":{"line":14,"column":8},"end":{"line":14,"column":null}},"type":"binary-expr","locations":[{"start":{"line":14,"column":8},"end":{"line":14,"column":37}},{"start":{"line":14,"column":37},"end":{"line":14,"column":61}},{"start":{"line":14,"column":61},"end":{"line":14,"column":null}}],"line":14},"3":{"loc":{"start":{"line":21,"column":1},"end":{"line":21,"column":null}},"type":"if","locations":[{"start":{"line":21,"column":1},"end":{"line":21,"column":null}},{"start":{},"end":{}}],"line":21},"4":{"loc":{"start":{"line":36,"column":1},"end":{"line":36,"column":null}},"type":"if","locations":[{"start":{"line":36,"column":1},"end":{"line":36,"column":null}},{"start":{},"end":{}}],"line":36},"5":{"loc":{"start":{"line":36,"column":5},"end":{"line":36,"column":38}},"type":"binary-expr","locations":[{"start":{"line":36,"column":5},"end":{"line":36,"column":13}},{"start":{"line":36,"column":13},"end":{"line":36,"column":38}}],"line":36}},"s":{"0":11,"1":7,"2":8,"3":35,"4":9,"5":26,"6":26,"7":2,"8":5,"9":2,"10":3,"11":5},"f":{"0":11,"1":7,"2":8,"3":35,"4":5,"5":5},"b":{"0":[11,6],"1":[7,4],"2":[8,6,5],"3":[9,26],"4":[2,3],"5":[5,4]},"meta":{"lastBranch":6,"lastFunction":6,"lastStatement":12,"seen":{"f:5:16:5:26":0,"s:6:1:6:Infinity":0,"b:6:8:6:37:6:37:6:Infinity":0,"f:9:16:9:33":1,"s:10:1:10:Infinity":1,"b:10:8:10:37:10:37:10:Infinity":1,"f:13:16:13:30":2,"s:14:1:14:Infinity":2,"b:14:8:14:37:14:37:14:61:14:61:14:Infinity":2,"f:20:16:20:29":3,"b:21:1:21:Infinity:undefined:undefined:undefined:undefined":3,"s:21:1:21:Infinity":3,"s:21:11:21:Infinity":4,"s:22:1:26:Infinity":5,"s:23:2:23:Infinity":6,"s:25:2:25:Infinity":7,"f:32:16:32:Infinity":4,"b:36:1:36:Infinity:undefined:undefined:undefined:undefined":4,"s:36:1:36:Infinity":8,"b:36:5:36:13:36:13:36:38":5,"s:36:38:36:Infinity":9,"s:37:1:37:Infinity":10,"f:37:20:37:21":5,"s:37:30:37:88":11}}}
}
