{"C:\\PAS ONEDRIVE\\M1\\dev_adv\\dvlpmnt_front-end_adv\\src\\lib\\api\\client.ts": {"path":"C:\\PAS ONEDRIVE\\M1\\dev_adv\\dvlpmnt_front-end_adv\\src\\lib\\api\\client.ts","statementMap":{"0":{"start":{"line":6,"column":26},"end":{"line":6,"column":null}},"1":{"start":{"line":7,"column":24},"end":{"line":7,"column":null}},"2":{"start":{"line":28,"column":48},"end":{"line":28,"column":null}},"3":{"start":{"line":30,"column":13},"end":{"line":30,"column":null}},"4":{"start":{"line":32,"column":48},"end":{"line":35,"column":null}},"5":{"start":{"line":37,"column":1},"end":{"line":39,"column":null}},"6":{"start":{"line":38,"column":2},"end":{"line":38,"column":null}},"7":{"start":{"line":41,"column":1},"end":{"line":56,"column":null}},"8":{"start":{"line":42,"column":14},"end":{"line":46,"column":null}},"9":{"start":{"line":48,"column":2},"end":{"line":50,"column":null}},"10":{"start":{"line":49,"column":3},"end":{"line":49,"column":null}},"11":{"start":{"line":52,"column":16},"end":{"line":52,"column":null}},"12":{"start":{"line":53,"column":2},"end":{"line":53,"column":null}},"13":{"start":{"line":55,"column":2},"end":{"line":55,"column":null}}},"fnMap":{"0":{"name":"apiFetch","decl":{"start":{"line":24,"column":22},"end":{"line":24,"column":null}},"loc":{"start":{"line":27,"column":27},"end":{"line":57,"column":null}},"line":27}},"branchMap":{"0":{"loc":{"start":{"line":26,"column":1},"end":{"line":26,"column":null}},"type":"default-arg","locations":[{"start":{"line":26,"column":30},"end":{"line":26,"column":null}}],"line":26},"1":{"loc":{"start":{"line":28,"column":9},"end":{"line":28,"column":25}},"type":"default-arg","locations":[{"start":{"line":28,"column":18},"end":{"line":28,"column":25}}],"line":28},"2":{"loc":{"start":{"line":28,"column":31},"end":{"line":28,"column":44}},"type":"default-arg","locations":[{"start":{"line":28,"column":41},"end":{"line":28,"column":44}}],"line":28},"3":{"loc":{"start":{"line":30,"column":13},"end":{"line":30,"column":null}},"type":"cond-expr","locations":[{"start":{"line":30,"column":43},"end":{"line":30,"column":54}},{"start":{"line":30,"column":54},"end":{"line":30,"column":null}}],"line":30},"4":{"loc":{"start":{"line":37,"column":1},"end":{"line":39,"column":null}},"type":"if","locations":[{"start":{"line":37,"column":1},"end":{"line":39,"column":null}},{"start":{},"end":{}}],"line":37},"5":{"loc":{"start":{"line":37,"column":5},"end":{"line":37,"column":31}},"type":"binary-expr","locations":[{"start":{"line":37,"column":5},"end":{"line":37,"column":13}},{"start":{"line":37,"column":13},"end":{"line":37,"column":31}}],"line":37},"6":{"loc":{"start":{"line":45,"column":9},"end":{"line":45,"column":null}},"type":"cond-expr","locations":[{"start":{"line":45,"column":16},"end":{"line":45,"column":39}},{"start":{"line":45,"column":39},"end":{"line":45,"column":null}}],"line":45},"7":{"loc":{"start":{"line":48,"column":2},"end":{"line":50,"column":null}},"type":"if","locations":[{"start":{"line":48,"column":2},"end":{"line":50,"column":null}},{"start":{},"end":{}}],"line":48}},"s":{"0":4,"1":4,"2":22,"3":22,"4":22,"5":22,"6":5,"7":22,"8":22,"9":18,"10":4,"11":14,"12":14,"13":4},"f":{"0":22},"b":{"0":[22],"1":[22],"2":[22],"3":[0,22],"4":[5,17],"5":[22,5],"6":[5,17],"7":[4,14]},"meta":{"lastBranch":8,"lastFunction":1,"lastStatement":14,"seen":{"s:6:26:6:Infinity":0,"s:7:24:7:Infinity":1,"f:24:22:24:Infinity":0,"b:26:30:26:Infinity":0,"s:28:48:28:Infinity":2,"b:28:18:28:25":1,"b:28:41:28:44":2,"s:30:13:30:Infinity":3,"b:30:43:30:54:30:54:30:Infinity":3,"s:32:48:35:Infinity":4,"b:37:1:39:Infinity:undefined:undefined:undefined:undefined":4,"s:37:1:39:Infinity":5,"b:37:5:37:13:37:13:37:31":5,"s:38:2:38:Infinity":6,"s:41:1:56:Infinity":7,"s:42:14:46:Infinity":8,"b:45:16:45:39:45:39:45:Infinity":6,"b:48:2:50:Infinity:undefined:undefined:undefined:undefined":7,"s:48:2:50:Infinity":9,"s:49:3:49:Infinity":10,"s:52:16:52:Infinity":11,"s:53:2:53:Infinity":12,"s:55:2:55:Infinity":13}}}
,"C:\\PAS ONEDRIVE\\M1\\dev_adv\\dvlpmnt_front-end_adv\\src\\lib\\api\\images.ts": {"path":"C:\\PAS ONEDRIVE\\M1\\dev_adv\\dvlpmnt_front-end_adv\\src\\lib\\api\\images.ts","statementMap":{"0":{"start":{"line":14,"column":1},"end":{"line":14,"column":null}},"1":{"start":{"line":14,"column":10},"end":{"line":14,"column":null}},"2":{"start":{"line":16,"column":18},"end":{"line":16,"column":null}},"3":{"start":{"line":18,"column":1},"end":{"line":21,"column":null}},"4":{"start":{"line":19,"column":2},"end":{"line":19,"column":null}},"5":{"start":{"line":20,"column":2},"end":{"line":20,"column":null}},"6":{"start":{"line":23,"column":1},"end":{"line":23,"column":null}},"7":{"start":{"line":27,"column":1},"end":{"line":27,"column":null}},"8":{"start":{"line":27,"column":24},"end":{"line":27,"column":null}},"9":{"start":{"line":29,"column":18},"end":{"line":32,"column":null}},"10":{"start":{"line":34,"column":1},"end":{"line":37,"column":null}},"11":{"start":{"line":35,"column":2},"end":{"line":35,"column":null}},"12":{"start":{"line":36,"column":2},"end":{"line":36,"column":null}},"13":{"start":{"line":39,"column":1},"end":{"line":39,"column":null}}},"fnMap":{"0":{"name":"fetchUserImage","decl":{"start":{"line":13,"column":22},"end":{"line":13,"column":37}},"loc":{"start":{"line":13,"column":73},"end":{"line":24,"column":null}},"line":13},"1":{"name":"uploadUserImage","decl":{"start":{"line":26,"column":22},"end":{"line":26,"column":38}},"loc":{"start":{"line":26,"column":87},"end":{"line":40,"column":null}},"line":26}},"branchMap":{"0":{"loc":{"start":{"line":14,"column":1},"end":{"line":14,"column":null}},"type":"if","locations":[{"start":{"line":14,"column":1},"end":{"line":14,"column":null}},{"start":{},"end":{}}],"line":14},"1":{"loc":{"start":{"line":18,"column":1},"end":{"line":21,"column":null}},"type":"if","locations":[{"start":{"line":18,"column":1},"end":{"line":21,"column":null}},{"start":{},"end":{}}],"line":18},"2":{"loc":{"start":{"line":23,"column":1},"end":{"line":23,"column":null}},"type":"cond-expr","locations":[{"start":{"line":23,"column":47},"end":{"line":23,"column":76}},{"start":{"line":23,"column":76},"end":{"line":23,"column":null}}],"line":23},"3":{"loc":{"start":{"line":27,"column":1},"end":{"line":27,"column":null}},"type":"if","locations":[{"start":{"line":27,"column":1},"end":{"line":27,"column":null}},{"start":{},"end":{}}],"line":27},"4":{"loc":{"start":{"line":27,"column":5},"end":{"line":27,"column":24}},"type":"binary-expr","locations":[{"start":{"line":27,"column":5},"end":{"line":27,"column":12}},{"start":{"line":27,"column":12},"end":{"line":27,"column":24}}],"line":27},"5":{"loc":{"start":{"line":34,"column":1},"end":{"line":37,"column":null}},"type":"if","locations":[{"start":{"line":34,"column":1},"end":{"line":37,"column":null}},{"start":{},"end":{}}],"line":34}},"s":{"0":6,"1":1,"2":5,"3":5,"4":2,"5":2,"6":3,"7":6,"8":2,"9":4,"10":4,"11":2,"12":2,"13":2},"f":{"0":6,"1":6},"b":{"0":[1,5],"1":[2,3],"2":[1,2],"3":[2,4],"4":[6,5],"5":[2,2]},"meta":{"lastBranch":6,"lastFunction":2,"lastStatement":14,"seen":{"f:13:22:13:37":0,"b:14:1:14:Infinity:undefined:undefined:undefined:undefined":0,"s:14:1:14:Infinity":0,"s:14:10:14:Infinity":1,"s:16:18:16:Infinity":2,"b:18:1:21:Infinity:undefined:undefined:undefined:undefined":1,"s:18:1:21:Infinity":3,"s:19:2:19:Infinity":4,"s:20:2:20:Infinity":5,"s:23:1:23:Infinity":6,"b:23:47:23:76:23:76:23:Infinity":2,"f:26:22:26:38":1,"b:27:1:27:Infinity:undefined:undefined:undefined:undefined":3,"s:27:1:27:Infinity":7,"b:27:5:27:12:27:12:27:24":4,"s:27:24:27:Infinity":8,"s:29:18:32:Infinity":9,"b:34:1:37:Infinity:undefined:undefined:undefined:undefined":5,"s:34:1:37:Infinity":10,"s:35:2:35:Infinity":11,"s:36:2:36:Infinity":12,"s:39:1:39:Infinity":13}}}
,"C:\\PAS ONEDRIVE\\M1\\dev_adv\\dvlpmnt_front-end_adv\\src\\lib\\api\\rooms.ts": {"path":"C:\\PAS ONEDRIVE\\M1\\dev_adv\\dvlpmnt_front-end_adv\\src\\lib\\api\\rooms.ts","statementMap":{"0":{"start":{"line":14,"column":18},"end":{"line":14,"column":null}},"1":{"start":{"line":16,"column":1},"end":{"line":20,"column":null}},"2":{"start":{"line":17,"column":16},"end":{"line":17,"column":null}},"3":{"start":{"line":18,"column":2},"end":{"line":18,"column":null}},"4":{"start":{"line":19,"column":2},"end":{"line":19,"column":null}},"5":{"start":{"line":22,"column":17},"end":{"line":22,"column":null}},"6":{"start":{"line":24,"column":1},"end":{"line":30,"column":null}},"7":{"start":{"line":24,"column":53},"end":{"line":30,"column":3}}},"fnMap":{"0":{"name":"fetchRoomsIndex","decl":{"start":{"line":13,"column":22},"end":{"line":13,"column":67}},"loc":{"start":{"line":13,"column":67},"end":{"line":31,"column":null}},"line":13},"1":{"name":"(anonymous_1)","decl":{"start":{"line":24,"column":36},"end":{"line":24,"column":37}},"loc":{"start":{"line":24,"column":53},"end":{"line":30,"column":3}},"line":24}},"branchMap":{"0":{"loc":{"start":{"line":16,"column":1},"end":{"line":20,"column":null}},"type":"if","locations":[{"start":{"line":16,"column":1},"end":{"line":20,"column":null}},{"start":{},"end":{}}],"line":16},"1":{"loc":{"start":{"line":22,"column":17},"end":{"line":22,"column":null}},"type":"binary-expr","locations":[{"start":{"line":22,"column":17},"end":{"line":22,"column":40}},{"start":{"line":22,"column":40},"end":{"line":22,"column":null}}],"line":22},"2":{"loc":{"start":{"line":27,"column":3},"end":{"line":29,"column":null}},"type":"cond-expr","locations":[{"start":{"line":28,"column":6},"end":{"line":28,"column":null}},{"start":{"line":29,"column":6},"end":{"line":29,"column":null}}],"line":27},"3":{"loc":{"start":{"line":27,"column":3},"end":{"line":27,"column":null}},"type":"binary-expr","locations":[{"start":{"line":27,"column":3},"end":{"line":27,"column":11}},{"start":{"line":27,"column":11},"end":{"line":27,"column":39}},{"start":{"line":27,"column":39},"end":{"line":27,"column":55}},{"start":{"line":27,"column":55},"end":{"line":27,"column":null}}],"line":27}},"s":{"0":6,"1":6,"2":2,"3":2,"4":2,"5":4,"6":6,"7":5},"f":{"0":6,"1":5},"b":{"0":[2,4],"1":[4,1],"2":[2,3],"3":[5,5,5,3]},"meta":{"lastBranch":4,"lastFunction":2,"lastStatement":8,"seen":{"f:13:22:13:67":0,"s:14:18:14:Infinity":0,"b:16:1:20:Infinity:undefined:undefined:undefined:undefined":0,"s:16:1:20:Infinity":1,"s:17:16:17:Infinity":2,"s:18:2:18:Infinity":3,"s:19:2:19:Infinity":4,"s:22:17:22:Infinity":5,"b:22:17:22:40:22:40:22:Infinity":1,"s:24:1:30:Infinity":6,"f:24:36:24:37":1,"s:24:53:30:3":7,"b:28:6:28:Infinity:29:6:29:Infinity":2,"b:27:3:27:11:27:11:27:39:27:39:27:55:27:55:27:Infinity":3}}}
,"C:\\PAS ONEDRIVE\\M1\\dev_adv\\dvlpmnt_front-end_adv\\src\\lib\\assets\\default-avatar.png": {"path":"C:\\PAS ONEDRIVE\\M1\\dev_adv\\dvlpmnt_front-end_adv\\src\\lib\\assets\\default-avatar.png","statementMap":{},"fnMap":{},"branchMap":{},"s":{},"f":{},"b":{},"meta":{"lastBranch":0,"lastFunction":0,"lastStatement":0,"seen":{}}}
,"C:\\PAS ONEDRIVE\\M1\\dev_adv\\dvlpmnt_front-end_adv\\src\\lib\\services\\device.ts": {"path":"C:\\PAS ONEDRIVE\\M1\\dev_adv\\dvlpmnt_front-end_adv\\src\\lib\\services\\device.ts","statementMap":{"0":{"start":{"line":3,"column":2},"end":{"line":6,"column":null}},"1":{"start":{"line":5,"column":4},"end":{"line":5,"column":null}},"2":{"start":{"line":15,"column":2},"end":{"line":15,"column":null}},"3":{"start":{"line":15,"column":68},"end":{"line":15,"column":null}},"4":{"start":{"line":17,"column":37},"end":{"line":17,"column":null}},"5":{"start":{"line":18,"column":2},"end":{"line":20,"column":null}},"6":{"start":{"line":19,"column":4},"end":{"line":19,"column":null}},"7":{"start":{"line":21,"column":2},"end":{"line":25,"column":null}},"8":{"start":{"line":22,"column":4},"end":{"line":22,"column":null}},"9":{"start":{"line":23,"column":4},"end":{"line":23,"column":null}},"10":{"start":{"line":23,"column":27},"end":{"line":23,"column":null}},"11":{"start":{"line":24,"column":4},"end":{"line":24,"column":null}},"12":{"start":{"line":26,"column":2},"end":{"line":26,"column":null}}},"fnMap":{"0":{"name":"vibrate","decl":{"start":{"line":1,"column":16},"end":{"line":1,"column":24}},"loc":{"start":{"line":1,"column":52},"end":{"line":7,"column":null}},"line":1},"1":{"name":"notifyAndVibrate","decl":{"start":{"line":10,"column":22},"end":{"line":10,"column":null}},"loc":{"start":{"line":14,"column":20},"end":{"line":27,"column":null}},"line":14}},"branchMap":{"0":{"loc":{"start":{"line":3,"column":2},"end":{"line":6,"column":null}},"type":"if","locations":[{"start":{"line":3,"column":2},"end":{"line":6,"column":null}},{"start":{},"end":{}}],"line":3},"1":{"loc":{"start":{"line":3,"column":6},"end":{"line":3,"column":66}},"type":"binary-expr","locations":[{"start":{"line":3,"column":6},"end":{"line":3,"column":42}},{"start":{"line":3,"column":42},"end":{"line":3,"column":66}}],"line":3},"2":{"loc":{"start":{"line":15,"column":2},"end":{"line":15,"column":null}},"type":"if","locations":[{"start":{"line":15,"column":2},"end":{"line":15,"column":null}},{"start":{},"end":{}}],"line":15},"3":{"loc":{"start":{"line":15,"column":6},"end":{"line":15,"column":68}},"type":"binary-expr","locations":[{"start":{"line":15,"column":6},"end":{"line":15,"column":39}},{"start":{"line":15,"column":39},"end":{"line":15,"column":68}}],"line":15},"4":{"loc":{"start":{"line":18,"column":2},"end":{"line":20,"column":null}},"type":"if","locations":[{"start":{"line":18,"column":2},"end":{"line":20,"column":null}},{"start":{},"end":{}}],"line":18},"5":{"loc":{"start":{"line":21,"column":2},"end":{"line":25,"column":null}},"type":"if","locations":[{"start":{"line":21,"column":2},"end":{"line":25,"column":null}},{"start":{},"end":{}}],"line":21},"6":{"loc":{"start":{"line":23,"column":4},"end":{"line":23,"column":null}},"type":"if","locations":[{"start":{"line":23,"column":4},"end":{"line":23,"column":null}},{"start":{},"end":{}}],"line":23}},"s":{"0":4,"1":3,"2":6,"3":2,"4":4,"5":4,"6":2,"7":4,"8":3,"9":3,"10":1,"11":3,"12":1},"f":{"0":4,"1":6},"b":{"0":[3,1],"1":[4,4],"2":[2,4],"3":[6,5],"4":[2,2],"5":[3,1],"6":[1,2]},"meta":{"lastBranch":7,"lastFunction":2,"lastStatement":13,"seen":{"f:1:16:1:24":0,"b:3:2:6:Infinity:undefined:undefined:undefined:undefined":0,"s:3:2:6:Infinity":0,"b:3:6:3:42:3:42:3:66":1,"s:5:4:5:Infinity":1,"f:10:22:10:Infinity":1,"b:15:2:15:Infinity:undefined:undefined:undefined:undefined":2,"s:15:2:15:Infinity":2,"b:15:6:15:39:15:39:15:68":3,"s:15:68:15:Infinity":3,"s:17:37:17:Infinity":4,"b:18:2:20:Infinity:undefined:undefined:undefined:undefined":4,"s:18:2:20:Infinity":5,"s:19:4:19:Infinity":6,"b:21:2:25:Infinity:undefined:undefined:undefined:undefined":5,"s:21:2:25:Infinity":7,"s:22:4:22:Infinity":8,"b:23:4:23:Infinity:undefined:undefined:undefined:undefined":6,"s:23:4:23:Infinity":9,"s:23:27:23:Infinity":10,"s:24:4:24:Infinity":11,"s:26:2:26:Infinity":12}}}
,"C:\\PAS ONEDRIVE\\M1\\dev_adv\\dvlpmnt_front-end_adv\\src\\lib\\services\\socket.ts": {"path":"C:\\PAS ONEDRIVE\\M1\\dev_adv\\dvlpmnt_front-end_adv\\src\\lib\\services\\socket.ts","statementMap":{"0":{"start":{"line":4,"column":12},"end":{"line":4,"column":null}},"1":{"start":{"line":5,"column":13},"end":{"line":5,"column":null}},"2":{"start":{"line":7,"column":28},"end":{"line":7,"column":null}},"3":{"start":{"line":10,"column":1},"end":{"line":16,"column":null}},"4":{"start":{"line":11,"column":2},"end":{"line":15,"column":null}},"5":{"start":{"line":17,"column":1},"end":{"line":17,"column":null}},"6":{"start":{"line":21,"column":11},"end":{"line":21,"column":null}},"7":{"start":{"line":22,"column":1},"end":{"line":26,"column":null}},"8":{"start":{"line":23,"column":2},"end":{"line":23,"column":null}},"9":{"start":{"line":25,"column":2},"end":{"line":25,"column":null}},"10":{"start":{"line":27,"column":1},"end":{"line":27,"column":null}},"11":{"start":{"line":31,"column":2},"end":{"line":31,"column":null}},"12":{"start":{"line":31,"column":15},"end":{"line":31,"column":null}},"13":{"start":{"line":32,"column":2},"end":{"line":40,"column":null}},"14":{"start":{"line":33,"column":4},"end":{"line":33,"column":null}},"15":{"start":{"line":34,"column":1},"end":{"line":36,"column":null}},"16":{"start":{"line":35,"column":2},"end":{"line":35,"column":null}},"17":{"start":{"line":37,"column":4},"end":{"line":37,"column":null}},"18":{"start":{"line":39,"column":4},"end":{"line":39,"column":null}}},"fnMap":{"0":{"name":"getSocket","decl":{"start":{"line":9,"column":16},"end":{"line":9,"column":36}},"loc":{"start":{"line":9,"column":36},"end":{"line":18,"column":null}},"line":9},"1":{"name":"withSocket","decl":{"start":{"line":20,"column":16},"end":{"line":20,"column":27}},"loc":{"start":{"line":20,"column":97},"end":{"line":28,"column":null}},"line":20},"2":{"name":"resetSocket","decl":{"start":{"line":30,"column":16},"end":{"line":30,"column":30}},"loc":{"start":{"line":30,"column":30},"end":{"line":41,"column":null}},"line":30}},"branchMap":{"0":{"loc":{"start":{"line":10,"column":1},"end":{"line":16,"column":null}},"type":"if","locations":[{"start":{"line":10,"column":1},"end":{"line":16,"column":null}},{"start":{},"end":{}}],"line":10},"1":{"loc":{"start":{"line":31,"column":2},"end":{"line":31,"column":null}},"type":"if","locations":[{"start":{"line":31,"column":2},"end":{"line":31,"column":null}},{"start":{},"end":{}}],"line":31},"2":{"loc":{"start":{"line":34,"column":1},"end":{"line":36,"column":null}},"type":"if","locations":[{"start":{"line":34,"column":1},"end":{"line":36,"column":null}},{"start":{},"end":{}}],"line":34}},"s":{"0":1,"1":1,"2":1,"3":8,"4":6,"5":8,"6":2,"7":2,"8":2,"9":1,"10":2,"11":6,"12":1,"13":5,"14":5,"15":5,"16":5,"17":5,"18":5},"f":{"0":8,"1":2,"2":6},"b":{"0":[6,2],"1":[1,5],"2":[5,0]},"meta":{"lastBranch":3,"lastFunction":3,"lastStatement":19,"seen":{"s:4:12:4:Infinity":0,"s:5:13:5:Infinity":1,"s:7:28:7:Infinity":2,"f:9:16:9:36":0,"b:10:1:16:Infinity:undefined:undefined:undefined:undefined":0,"s:10:1:16:Infinity":3,"s:11:2:15:Infinity":4,"s:17:1:17:Infinity":5,"f:20:16:20:27":1,"s:21:11:21:Infinity":6,"s:22:1:26:Infinity":7,"s:23:2:23:Infinity":8,"s:25:2:25:Infinity":9,"s:27:1:27:Infinity":10,"f:30:16:30:30":2,"b:31:2:31:Infinity:undefined:undefined:undefined:undefined":1,"s:31:2:31:Infinity":11,"s:31:15:31:Infinity":12,"s:32:2:40:Infinity":13,"s:33:4:33:Infinity":14,"b:34:1:36:Infinity:undefined:undefined:undefined:undefined":2,"s:34:1:36:Infinity":15,"s:35:2:35:Infinity":16,"s:37:4:37:Infinity":17,"s:39:4:39:Infinity":18}}}
,"C:\\PAS ONEDRIVE\\M1\\dev_adv\\dvlpmnt_front-end_adv\\src\\lib\\storage\\chat.ts": {"path":"C:\\PAS ONEDRIVE\\M1\\dev_adv\\dvlpmnt_front-end_adv\\src\\lib\\storage\\chat.ts","statementMap":{"0":{"start":{"line":7,"column":24},"end":{"line":7,"column":null}},"1":{"start":{"line":19,"column":7},"end":{"line":19,"column":null}},"2":{"start":{"line":20,"column":1},"end":{"line":26,"column":null}},"3":{"start":{"line":22,"column":3},"end":{"line":25,"column":null}},"4":{"start":{"line":30,"column":1},"end":{"line":34,"column":null}},"5":{"start":{"line":31,"column":2},"end":{"line":31,"column":null}},"6":{"start":{"line":33,"column":2},"end":{"line":33,"column":null}},"7":{"start":{"line":39,"column":7},"end":{"line":39,"column":null}},"8":{"start":{"line":39,"column":39},"end":{"line":39,"column":85}},"9":{"start":{"line":40,"column":1},"end":{"line":40,"column":null}},"10":{"start":{"line":41,"column":1},"end":{"line":41,"column":null}},"11":{"start":{"line":46,"column":1},"end":{"line":48,"column":null}},"12":{"start":{"line":47,"column":17},"end":{"line":47,"column":36}},"13":{"start":{"line":48,"column":18},"end":{"line":48,"column":56}}},"fnMap":{"0":{"name":"readMessages","decl":{"start":{"line":18,"column":16},"end":{"line":18,"column":42}},"loc":{"start":{"line":18,"column":42},"end":{"line":27,"column":null}},"line":18},"1":{"name":"(anonymous_1)","decl":{"start":{"line":21,"column":2},"end":{"line":21,"column":3}},"loc":{"start":{"line":22,"column":3},"end":{"line":25,"column":null}},"line":22},"2":{"name":"writeMessages","decl":{"start":{"line":29,"column":16},"end":{"line":29,"column":30}},"loc":{"start":{"line":29,"column":53},"end":{"line":35,"column":null}},"line":29},"3":{"name":"unsubscribeRoom","decl":{"start":{"line":38,"column":16},"end":{"line":38,"column":32}},"loc":{"start":{"line":38,"column":56},"end":{"line":42,"column":null}},"line":38},"4":{"name":"(anonymous_4)","decl":{"start":{"line":39,"column":31},"end":{"line":39,"column":32}},"loc":{"start":{"line":39,"column":39},"end":{"line":39,"column":85}},"line":39},"5":{"name":"readMessagesByRoom","decl":{"start":{"line":45,"column":16},"end":{"line":45,"column":35}},"loc":{"start":{"line":45,"column":62},"end":{"line":49,"column":null}},"line":45},"6":{"name":"(anonymous_6)","decl":{"start":{"line":47,"column":10},"end":{"line":47,"column":11}},"loc":{"start":{"line":47,"column":17},"end":{"line":47,"column":36}},"line":47},"7":{"name":"(anonymous_7)","decl":{"start":{"line":48,"column":8},"end":{"line":48,"column":9}},"loc":{"start":{"line":48,"column":18},"end":{"line":48,"column":56}},"line":48}},"branchMap":{"0":{"loc":{"start":{"line":22,"column":3},"end":{"line":25,"column":null}},"type":"binary-expr","locations":[{"start":{"line":22,"column":3},"end":{"line":22,"column":null}},{"start":{"line":23,"column":3},"end":{"line":23,"column":null}},{"start":{"line":24,"column":3},"end":{"line":24,"column":null}},{"start":{"line":25,"column":3},"end":{"line":25,"column":null}}],"line":22},"1":{"loc":{"start":{"line":39,"column":39},"end":{"line":39,"column":85}},"type":"cond-expr","locations":[{"start":{"line":39,"column":57},"end":{"line":39,"column":83}},{"start":{"line":39,"column":83},"end":{"line":39,"column":85}}],"line":39}},"s":{"0":1,"1":5,"2":5,"3":9,"4":2,"5":2,"6":1,"7":1,"8":2,"9":1,"10":1,"11":2,"12":5,"13":2},"f":{"0":5,"1":9,"2":2,"3":1,"4":2,"5":2,"6":5,"7":2},"b":{"0":[9,9,8,7],"1":[1,1]},"meta":{"lastBranch":2,"lastFunction":8,"lastStatement":14,"seen":{"s:7:24:7:Infinity":0,"f:18:16:18:42":0,"s:19:7:19:Infinity":1,"s:20:1:26:Infinity":2,"f:21:2:21:3":1,"s:22:3:25:Infinity":3,"b:22:3:22:Infinity:23:3:23:Infinity:24:3:24:Infinity:25:3:25:Infinity":0,"f:29:16:29:30":2,"s:30:1:34:Infinity":4,"s:31:2:31:Infinity":5,"s:33:2:33:Infinity":6,"f:38:16:38:32":3,"s:39:7:39:Infinity":7,"f:39:31:39:32":4,"s:39:39:39:85":8,"b:39:57:39:83:39:83:39:85":1,"s:40:1:40:Infinity":9,"s:41:1:41:Infinity":10,"f:45:16:45:35":5,"s:46:1:48:Infinity":11,"f:47:10:47:11":6,"s:47:17:47:36":12,"f:48:8:48:9":7,"s:48:18:48:56":13}}}
,"C:\\PAS ONEDRIVE\\M1\\dev_adv\\dvlpmnt_front-end_adv\\src\\lib\\storage\\photos.ts": {"path":"C:\\PAS ONEDRIVE\\M1\\dev_adv\\dvlpmnt_front-end_adv\\src\\lib\\storage\\photos.ts","statementMap":{"0":{"start":{"line":4,"column":34},"end":{"line":4,"column":null}},"1":{"start":{"line":5,"column":25},"end":{"line":5,"column":null}},"2":{"start":{"line":10,"column":8},"end":{"line":10,"column":null}},"3":{"start":{"line":11,"column":2},"end":{"line":11,"column":null}},"4":{"start":{"line":11,"column":30},"end":{"line":11,"column":null}},"5":{"start":{"line":12,"column":2},"end":{"line":14,"column":null}},"6":{"start":{"line":13,"column":19},"end":{"line":13,"column":111}},"7":{"start":{"line":19,"column":2},"end":{"line":24,"column":null}},"8":{"start":{"line":20,"column":4},"end":{"line":20,"column":null}},"9":{"start":{"line":23,"column":4},"end":{"line":23,"column":null}},"10":{"start":{"line":29,"column":26},"end":{"line":29,"column":null}},"11":{"start":{"line":30,"column":15},"end":{"line":30,"column":null}},"12":{"start":{"line":31,"column":2},"end":{"line":31,"column":null}},"13":{"start":{"line":32,"column":2},"end":{"line":32,"column":null}},"14":{"start":{"line":37,"column":15},"end":{"line":37,"column":null}},"15":{"start":{"line":37,"column":42},"end":{"line":37,"column":53}},"16":{"start":{"line":38,"column":2},"end":{"line":38,"column":null}},"17":{"start":{"line":39,"column":2},"end":{"line":39,"column":null}},"18":{"start":{"line":43,"column":31},"end":{"line":43,"column":null}},"19":{"start":{"line":44,"column":29},"end":{"line":44,"column":null}},"20":{"start":{"line":44,"column":30},"end":{"line":44,"column":null}}},"fnMap":{"0":{"name":"readPhotos","decl":{"start":{"line":9,"column":16},"end":{"line":9,"column":42}},"loc":{"start":{"line":9,"column":42},"end":{"line":15,"column":null}},"line":9},"1":{"name":"(anonymous_1)","decl":{"start":{"line":13,"column":12},"end":{"line":13,"column":13}},"loc":{"start":{"line":13,"column":19},"end":{"line":13,"column":111}},"line":13},"2":{"name":"writePhotos","decl":{"start":{"line":18,"column":16},"end":{"line":18,"column":28}},"loc":{"start":{"line":18,"column":54},"end":{"line":25,"column":null}},"line":18},"3":{"name":"addPhotoFromDataURL","decl":{"start":{"line":28,"column":16},"end":{"line":28,"column":36}},"loc":{"start":{"line":28,"column":64},"end":{"line":33,"column":null}},"line":28},"4":{"name":"removePhotoByTs","decl":{"start":{"line":36,"column":16},"end":{"line":36,"column":32}},"loc":{"start":{"line":36,"column":57},"end":{"line":40,"column":null}},"line":36},"5":{"name":"(anonymous_5)","decl":{"start":{"line":37,"column":35},"end":{"line":37,"column":36}},"loc":{"start":{"line":37,"column":42},"end":{"line":37,"column":53}},"line":37},"6":{"name":"(anonymous_6)","decl":{"start":{"line":44,"column":29},"end":{"line":44,"column":30}},"loc":{"start":{"line":44,"column":30},"end":{"line":44,"column":null}},"line":44}},"branchMap":{"0":{"loc":{"start":{"line":11,"column":2},"end":{"line":11,"column":null}},"type":"if","locations":[{"start":{"line":11,"column":2},"end":{"line":11,"column":null}},{"start":{},"end":{}}],"line":11},"1":{"loc":{"start":{"line":13,"column":19},"end":{"line":13,"column":111}},"type":"binary-expr","locations":[{"start":{"line":13,"column":19},"end":{"line":13,"column":24}},{"start":{"line":13,"column":24},"end":{"line":13,"column":72}},{"start":{"line":13,"column":72},"end":{"line":13,"column":111}}],"line":13}},"s":{"0":1,"1":1,"2":7,"3":7,"4":0,"5":7,"6":120,"7":6,"8":6,"9":1,"10":1,"11":1,"12":1,"13":1,"14":2,"15":3,"16":2,"17":2,"18":1,"19":1,"20":1},"f":{"0":7,"1":120,"2":6,"3":1,"4":2,"5":3,"6":1},"b":{"0":[0,7],"1":[120,119,118]},"meta":{"lastBranch":2,"lastFunction":7,"lastStatement":21,"seen":{"s:4:34:4:Infinity":0,"s:5:25:5:Infinity":1,"f:9:16:9:42":0,"s:10:8:10:Infinity":2,"b:11:2:11:Infinity:undefined:undefined:undefined:undefined":0,"s:11:2:11:Infinity":3,"s:11:30:11:Infinity":4,"s:12:2:14:Infinity":5,"f:13:12:13:13":1,"s:13:19:13:111":6,"b:13:19:13:24:13:24:13:72:13:72:13:111":1,"f:18:16:18:28":2,"s:19:2:24:Infinity":7,"s:20:4:20:Infinity":8,"s:23:4:23:Infinity":9,"f:28:16:28:36":3,"s:29:26:29:Infinity":10,"s:30:15:30:Infinity":11,"s:31:2:31:Infinity":12,"s:32:2:32:Infinity":13,"f:36:16:36:32":4,"s:37:15:37:Infinity":14,"f:37:35:37:36":5,"s:37:42:37:53":15,"s:38:2:38:Infinity":16,"s:39:2:39:Infinity":17,"s:43:31:43:Infinity":18,"s:44:29:44:Infinity":19,"f:44:29:44:30":6,"s:44:30:44:Infinity":20}}}
,"C:\\PAS ONEDRIVE\\M1\\dev_adv\\dvlpmnt_front-end_adv\\src\\lib\\storage\\profile.ts": {"path":"C:\\PAS ONEDRIVE\\M1\\dev_adv\\dvlpmnt_front-end_adv\\src\\lib\\storage\\profile.ts","statementMap":{"0":{"start":{"line":5,"column":29},"end":{"line":5,"column":null}},"1":{"start":{"line":7,"column":27},"end":{"line":7,"column":null}},"2":{"start":{"line":8,"column":29},"end":{"line":8,"column":null}},"3":{"start":{"line":9,"column":28},"end":{"line":9,"column":null}},"4":{"start":{"line":26,"column":1},"end":{"line":37,"column":null}},"5":{"start":{"line":27,"column":14},"end":{"line":27,"column":null}},"6":{"start":{"line":28,"column":12},"end":{"line":28,"column":null}},"7":{"start":{"line":29,"column":17},"end":{"line":29,"column":null}},"8":{"start":{"line":30,"column":2},"end":{"line":34,"column":null}},"9":{"start":{"line":36,"column":2},"end":{"line":36,"column":null}},"10":{"start":{"line":41,"column":1},"end":{"line":44,"column":null}},"11":{"start":{"line":42,"column":2},"end":{"line":42,"column":null}},"12":{"start":{"line":43,"column":2},"end":{"line":43,"column":null}},"13":{"start":{"line":48,"column":1},"end":{"line":52,"column":null}},"14":{"start":{"line":49,"column":2},"end":{"line":49,"column":null}},"15":{"start":{"line":51,"column":2},"end":{"line":51,"column":null}},"16":{"start":{"line":55,"column":1},"end":{"line":57,"column":null}},"17":{"start":{"line":56,"column":2},"end":{"line":56,"column":null}},"18":{"start":{"line":61,"column":1},"end":{"line":75,"column":null}},"19":{"start":{"line":62,"column":14},"end":{"line":62,"column":null}},"20":{"start":{"line":63,"column":2},"end":{"line":63,"column":null}},"21":{"start":{"line":63,"column":12},"end":{"line":63,"column":null}},"22":{"start":{"line":64,"column":14},"end":{"line":64,"column":null}},"23":{"start":{"line":65,"column":2},"end":{"line":65,"column":null}},"24":{"start":{"line":65,"column":77},"end":{"line":65,"column":null}},"25":{"start":{"line":66,"column":2},"end":{"line":72,"column":null}},"26":{"start":{"line":74,"column":2},"end":{"line":74,"column":null}},"27":{"start":{"line":79,"column":1},"end":{"line":81,"column":null}},"28":{"start":{"line":80,"column":2},"end":{"line":80,"column":null}},"29":{"start":{"line":85,"column":1},"end":{"line":87,"column":null}},"30":{"start":{"line":86,"column":2},"end":{"line":86,"column":null}},"31":{"start":{"line":91,"column":1},"end":{"line":106,"column":null}},"32":{"start":{"line":93,"column":14},"end":{"line":96,"column":null}},"33":{"start":{"line":97,"column":2},"end":{"line":97,"column":null}},"34":{"start":{"line":97,"column":15},"end":{"line":97,"column":null}},"35":{"start":{"line":98,"column":15},"end":{"line":98,"column":null}},"36":{"start":{"line":99,"column":15},"end":{"line":99,"column":null}},"37":{"start":{"line":100,"column":2},"end":{"line":103,"column":null}},"38":{"start":{"line":105,"column":2},"end":{"line":105,"column":null}},"39":{"start":{"line":110,"column":13},"end":{"line":110,"column":null}},"40":{"start":{"line":111,"column":14},"end":{"line":111,"column":null}},"41":{"start":{"line":112,"column":1},"end":{"line":112,"column":null}}},"fnMap":{"0":{"name":"readProfile","decl":{"start":{"line":25,"column":16},"end":{"line":25,"column":39}},"loc":{"start":{"line":25,"column":39},"end":{"line":38,"column":null}},"line":25},"1":{"name":"writeProfile","decl":{"start":{"line":40,"column":16},"end":{"line":40,"column":29}},"loc":{"start":{"line":40,"column":41},"end":{"line":45,"column":null}},"line":40},"2":{"name":"readLastRoom","decl":{"start":{"line":47,"column":16},"end":{"line":47,"column":39}},"loc":{"start":{"line":47,"column":39},"end":{"line":53,"column":null}},"line":47},"3":{"name":"writeLastRoom","decl":{"start":{"line":54,"column":16},"end":{"line":54,"column":30}},"loc":{"start":{"line":54,"column":44},"end":{"line":58,"column":null}},"line":54},"4":{"name":"readLocation","decl":{"start":{"line":60,"column":16},"end":{"line":60,"column":48}},"loc":{"start":{"line":60,"column":48},"end":{"line":76,"column":null}},"line":60},"5":{"name":"writeLocation","decl":{"start":{"line":78,"column":16},"end":{"line":78,"column":30}},"loc":{"start":{"line":78,"column":45},"end":{"line":82,"column":null}},"line":78},"6":{"name":"clearLocation","decl":{"start":{"line":84,"column":16},"end":{"line":84,"column":32}},"loc":{"start":{"line":84,"column":32},"end":{"line":88,"column":null}},"line":84},"7":{"name":"reverseGeocode","decl":{"start":{"line":90,"column":22},"end":{"line":90,"column":37}},"loc":{"start":{"line":90,"column":109},"end":{"line":107,"column":null}},"line":90},"8":{"name":"defaultAvatarDataURL","decl":{"start":{"line":109,"column":22},"end":{"line":109,"column":62}},"loc":{"start":{"line":109,"column":62},"end":{"line":113,"column":null}},"line":109}},"branchMap":{"0":{"loc":{"start":{"line":28,"column":12},"end":{"line":28,"column":null}},"type":"cond-expr","locations":[{"start":{"line":28,"column":19},"end":{"line":28,"column":58}},{"start":{"line":28,"column":58},"end":{"line":28,"column":null}}],"line":28},"1":{"loc":{"start":{"line":29,"column":17},"end":{"line":29,"column":null}},"type":"cond-expr","locations":[{"start":{"line":29,"column":48},"end":{"line":29,"column":66}},{"start":{"line":29,"column":66},"end":{"line":29,"column":null}}],"line":29},"2":{"loc":{"start":{"line":32,"column":17},"end":{"line":32,"column":null}},"type":"cond-expr","locations":[{"start":{"line":32,"column":54},"end":{"line":32,"column":71}},{"start":{"line":32,"column":71},"end":{"line":32,"column":null}}],"line":32},"3":{"loc":{"start":{"line":49,"column":9},"end":{"line":49,"column":null}},"type":"binary-expr","locations":[{"start":{"line":49,"column":9},"end":{"line":49,"column":48}},{"start":{"line":49,"column":48},"end":{"line":49,"column":null}}],"line":49},"4":{"loc":{"start":{"line":63,"column":2},"end":{"line":63,"column":null}},"type":"if","locations":[{"start":{"line":63,"column":2},"end":{"line":63,"column":null}},{"start":{},"end":{}}],"line":63},"5":{"loc":{"start":{"line":65,"column":2},"end":{"line":65,"column":null}},"type":"if","locations":[{"start":{"line":65,"column":2},"end":{"line":65,"column":null}},{"start":{},"end":{}}],"line":65},"6":{"loc":{"start":{"line":65,"column":6},"end":{"line":65,"column":77}},"type":"binary-expr","locations":[{"start":{"line":65,"column":6},"end":{"line":65,"column":42}},{"start":{"line":65,"column":42},"end":{"line":65,"column":77}}],"line":65},"7":{"loc":{"start":{"line":67,"column":9},"end":{"line":67,"column":null}},"type":"cond-expr","locations":[{"start":{"line":67,"column":40},"end":{"line":67,"column":51}},{"start":{"line":67,"column":51},"end":{"line":67,"column":null}}],"line":67},"8":{"loc":{"start":{"line":68,"column":12},"end":{"line":68,"column":null}},"type":"cond-expr","locations":[{"start":{"line":68,"column":46},"end":{"line":68,"column":60}},{"start":{"line":68,"column":60},"end":{"line":68,"column":null}}],"line":68},"9":{"loc":{"start":{"line":71,"column":14},"end":{"line":71,"column":null}},"type":"cond-expr","locations":[{"start":{"line":71,"column":50},"end":{"line":71,"column":66}},{"start":{"line":71,"column":66},"end":{"line":71,"column":null}}],"line":71},"10":{"loc":{"start":{"line":97,"column":2},"end":{"line":97,"column":null}},"type":"if","locations":[{"start":{"line":97,"column":2},"end":{"line":97,"column":null}},{"start":{},"end":{}}],"line":97},"11":{"loc":{"start":{"line":99,"column":15},"end":{"line":99,"column":null}},"type":"binary-expr","locations":[{"start":{"line":99,"column":15},"end":{"line":99,"column":31}},{"start":{"line":99,"column":31},"end":{"line":99,"column":null}}],"line":99},"12":{"loc":{"start":{"line":101,"column":9},"end":{"line":101,"column":null}},"type":"binary-expr","locations":[{"start":{"line":101,"column":9},"end":{"line":101,"column":22}},{"start":{"line":101,"column":22},"end":{"line":101,"column":35}},{"start":{"line":101,"column":35},"end":{"line":101,"column":51}},{"start":{"line":101,"column":51},"end":{"line":101,"column":72}},{"start":{"line":101,"column":72},"end":{"line":101,"column":null}}],"line":101}},"s":{"0":1,"1":1,"2":1,"3":1,"4":4,"5":4,"6":4,"7":4,"8":4,"9":1,"10":2,"11":2,"12":2,"13":2,"14":2,"15":1,"16":2,"17":2,"18":7,"19":7,"20":7,"21":2,"22":4,"23":4,"24":1,"25":3,"26":1,"27":2,"28":2,"29":2,"30":2,"31":5,"32":5,"33":4,"34":1,"35":3,"36":3,"37":5,"38":1,"39":1,"40":1,"41":1},"f":{"0":4,"1":2,"2":2,"3":2,"4":7,"5":2,"6":2,"7":5,"8":1},"b":{"0":[3,1],"1":[2,1],"2":[1,2],"3":[2,1],"4":[2,5],"5":[1,3],"6":[4,3],"7":[2,1],"8":[2,1],"9":[2,1],"10":[1,3],"11":[3,1],"12":[5,2,1,1,1]},"meta":{"lastBranch":13,"lastFunction":9,"lastStatement":42,"seen":{"s:5:29:5:Infinity":0,"s:7:27:7:Infinity":1,"s:8:29:8:Infinity":2,"s:9:28:9:Infinity":3,"f:25:16:25:39":0,"s:26:1:37:Infinity":4,"s:27:14:27:Infinity":5,"s:28:12:28:Infinity":6,"b:28:19:28:58:28:58:28:Infinity":0,"s:29:17:29:Infinity":7,"b:29:48:29:66:29:66:29:Infinity":1,"s:30:2:34:Infinity":8,"b:32:54:32:71:32:71:32:Infinity":2,"s:36:2:36:Infinity":9,"f:40:16:40:29":1,"s:41:1:44:Infinity":10,"s:42:2:42:Infinity":11,"s:43:2:43:Infinity":12,"f:47:16:47:39":2,"s:48:1:52:Infinity":13,"s:49:2:49:Infinity":14,"b:49:9:49:48:49:48:49:Infinity":3,"s:51:2:51:Infinity":15,"f:54:16:54:30":3,"s:55:1:57:Infinity":16,"s:56:2:56:Infinity":17,"f:60:16:60:48":4,"s:61:1:75:Infinity":18,"s:62:14:62:Infinity":19,"b:63:2:63:Infinity:undefined:undefined:undefined:undefined":4,"s:63:2:63:Infinity":20,"s:63:12:63:Infinity":21,"s:64:14:64:Infinity":22,"b:65:2:65:Infinity:undefined:undefined:undefined:undefined":5,"s:65:2:65:Infinity":23,"b:65:6:65:42:65:42:65:77":6,"s:65:77:65:Infinity":24,"s:66:2:72:Infinity":25,"b:67:40:67:51:67:51:67:Infinity":7,"b:68:46:68:60:68:60:68:Infinity":8,"b:71:50:71:66:71:66:71:Infinity":9,"s:74:2:74:Infinity":26,"f:78:16:78:30":5,"s:79:1:81:Infinity":27,"s:80:2:80:Infinity":28,"f:84:16:84:32":6,"s:85:1:87:Infinity":29,"s:86:2:86:Infinity":30,"f:90:22:90:37":7,"s:91:1:106:Infinity":31,"s:93:14:96:Infinity":32,"b:97:2:97:Infinity:undefined:undefined:undefined:undefined":10,"s:97:2:97:Infinity":33,"s:97:15:97:Infinity":34,"s:98:15:98:Infinity":35,"s:99:15:99:Infinity":36,"b:99:15:99:31:99:31:99:Infinity":11,"s:100:2:103:Infinity":37,"b:101:9:101:22:101:22:101:35:101:35:101:51:101:51:101:72:101:72:101:Infinity":12,"s:105:2:105:Infinity":38,"f:109:22:109:62":8,"s:110:13:110:Infinity":39,"s:111:14:111:Infinity":40,"s:112:1:112:Infinity":41}}}
,"C:\\PAS ONEDRIVE\\M1\\dev_adv\\dvlpmnt_front-end_adv\\src\\lib\\storage\\rooms.ts": {"path":"C:\\PAS ONEDRIVE\\M1\\dev_adv\\dvlpmnt_front-end_adv\\src\\lib\\storage\\rooms.ts","statementMap":{"0":{"start":{"line":9,"column":25},"end":{"line":9,"column":null}},"1":{"start":{"line":11,"column":29},"end":{"line":15,"column":null}},"2":{"start":{"line":17,"column":27},"end":{"line":17,"column":null}},"3":{"start":{"line":20,"column":7},"end":{"line":20,"column":null}},"4":{"start":{"line":21,"column":1},"end":{"line":27,"column":null}},"5":{"start":{"line":23,"column":3},"end":{"line":26,"column":null}},"6":{"start":{"line":31,"column":1},"end":{"line":33,"column":null}},"7":{"start":{"line":32,"column":2},"end":{"line":32,"column":null}},"8":{"start":{"line":37,"column":15},"end":{"line":37,"column":null}},"9":{"start":{"line":38,"column":19},"end":{"line":38,"column":null}},"10":{"start":{"line":38,"column":40},"end":{"line":38,"column":48}},"11":{"start":{"line":38,"column":65},"end":{"line":38,"column":100}},"12":{"start":{"line":39,"column":7},"end":{"line":39,"column":null}},"13":{"start":{"line":40,"column":1},"end":{"line":42,"column":null}},"14":{"start":{"line":41,"column":2},"end":{"line":41,"column":null}},"15":{"start":{"line":43,"column":1},"end":{"line":43,"column":null}},"16":{"start":{"line":47,"column":16},"end":{"line":47,"column":null}},"17":{"start":{"line":48,"column":1},"end":{"line":55,"column":null}},"18":{"start":{"line":49,"column":17},"end":{"line":49,"column":null}},"19":{"start":{"line":50,"column":2},"end":{"line":52,"column":null}},"20":{"start":{"line":51,"column":3},"end":{"line":51,"column":null}},"21":{"start":{"line":54,"column":2},"end":{"line":54,"column":null}},"22":{"start":{"line":57,"column":1},"end":{"line":59,"column":null}},"23":{"start":{"line":58,"column":2},"end":{"line":58,"column":null}},"24":{"start":{"line":61,"column":1},"end":{"line":61,"column":null}},"25":{"start":{"line":62,"column":1},"end":{"line":62,"column":null}},"26":{"start":{"line":66,"column":12},"end":{"line":66,"column":null}},"27":{"start":{"line":67,"column":7},"end":{"line":67,"column":null}},"28":{"start":{"line":68,"column":14},"end":{"line":68,"column":null}},"29":{"start":{"line":69,"column":1},"end":{"line":69,"column":null}},"30":{"start":{"line":69,"column":10},"end":{"line":69,"column":null}},"31":{"start":{"line":70,"column":13},"end":{"line":70,"column":null}},"32":{"start":{"line":71,"column":13},"end":{"line":71,"column":null}},"33":{"start":{"line":71,"column":34},"end":{"line":71,"column":45}},"34":{"start":{"line":73,"column":2},"end":{"line":75,"column":null}},"35":{"start":{"line":75,"column":21},"end":{"line":75,"column":68}},"36":{"start":{"line":76,"column":1},"end":{"line":76,"column":null}},"37":{"start":{"line":77,"column":1},"end":{"line":77,"column":null}}},"fnMap":{"0":{"name":"readRooms","decl":{"start":{"line":19,"column":16},"end":{"line":19,"column":36}},"loc":{"start":{"line":19,"column":36},"end":{"line":28,"column":null}},"line":19},"1":{"name":"(anonymous_1)","decl":{"start":{"line":22,"column":2},"end":{"line":22,"column":3}},"loc":{"start":{"line":23,"column":3},"end":{"line":26,"column":null}},"line":23},"2":{"name":"writeRooms","decl":{"start":{"line":30,"column":16},"end":{"line":30,"column":27}},"loc":{"start":{"line":30,"column":48},"end":{"line":34,"column":null}},"line":30},"3":{"name":"fetchRemoteRooms","decl":{"start":{"line":36,"column":15},"end":{"line":36,"column":32}},"loc":{"start":{"line":36,"column":65},"end":{"line":44,"column":null}},"line":36},"4":{"name":"(anonymous_4)","decl":{"start":{"line":38,"column":29},"end":{"line":38,"column":30}},"loc":{"start":{"line":38,"column":40},"end":{"line":38,"column":48}},"line":38},"5":{"name":"(anonymous_5)","decl":{"start":{"line":38,"column":57},"end":{"line":38,"column":58}},"loc":{"start":{"line":38,"column":65},"end":{"line":38,"column":100}},"line":38},"6":{"name":"ensureSeed","decl":{"start":{"line":46,"column":22},"end":{"line":46,"column":52}},"loc":{"start":{"line":46,"column":52},"end":{"line":63,"column":null}},"line":46},"7":{"name":"upsertRoom","decl":{"start":{"line":65,"column":16},"end":{"line":65,"column":27}},"loc":{"start":{"line":65,"column":68},"end":{"line":78,"column":null}},"line":65},"8":{"name":"(anonymous_8)","decl":{"start":{"line":71,"column":27},"end":{"line":71,"column":28}},"loc":{"start":{"line":71,"column":34},"end":{"line":71,"column":45}},"line":71},"9":{"name":"(anonymous_9)","decl":{"start":{"line":75,"column":13},"end":{"line":75,"column":14}},"loc":{"start":{"line":75,"column":21},"end":{"line":75,"column":68}},"line":75}},"branchMap":{"0":{"loc":{"start":{"line":23,"column":3},"end":{"line":26,"column":null}},"type":"binary-expr","locations":[{"start":{"line":23,"column":3},"end":{"line":23,"column":null}},{"start":{"line":24,"column":3},"end":{"line":24,"column":null}},{"start":{"line":25,"column":3},"end":{"line":25,"column":null}},{"start":{"line":26,"column":3},"end":{"line":26,"column":null}}],"line":23},"1":{"loc":{"start":{"line":38,"column":65},"end":{"line":38,"column":100}},"type":"binary-expr","locations":[{"start":{"line":38,"column":65},"end":{"line":38,"column":91}},{"start":{"line":38,"column":91},"end":{"line":38,"column":100}}],"line":38},"2":{"loc":{"start":{"line":40,"column":1},"end":{"line":42,"column":null}},"type":"if","locations":[{"start":{"line":40,"column":1},"end":{"line":42,"column":null}},{"start":{},"end":{}}],"line":40},"3":{"loc":{"start":{"line":50,"column":2},"end":{"line":52,"column":null}},"type":"if","locations":[{"start":{"line":50,"column":2},"end":{"line":52,"column":null}},{"start":{},"end":{}}],"line":50},"4":{"loc":{"start":{"line":57,"column":1},"end":{"line":59,"column":null}},"type":"if","locations":[{"start":{"line":57,"column":1},"end":{"line":59,"column":null}},{"start":{},"end":{}}],"line":57},"5":{"loc":{"start":{"line":67,"column":24},"end":{"line":67,"column":39}},"type":"binary-expr","locations":[{"start":{"line":67,"column":24},"end":{"line":67,"column":35}},{"start":{"line":67,"column":35},"end":{"line":67,"column":39}}],"line":67},"6":{"loc":{"start":{"line":68,"column":14},"end":{"line":68,"column":null}},"type":"cond-expr","locations":[{"start":{"line":68,"column":41},"end":{"line":68,"column":57}},{"start":{"line":68,"column":41},"end":{"line":68,"column":null}}],"line":68},"7":{"loc":{"start":{"line":69,"column":1},"end":{"line":69,"column":null}},"type":"if","locations":[{"start":{"line":69,"column":1},"end":{"line":69,"column":null}},{"start":{},"end":{}}],"line":69},"8":{"loc":{"start":{"line":73,"column":2},"end":{"line":75,"column":null}},"type":"cond-expr","locations":[{"start":{"line":74,"column":5},"end":{"line":74,"column":null}},{"start":{"line":75,"column":5},"end":{"line":75,"column":null}}],"line":73},"9":{"loc":{"start":{"line":75,"column":21},"end":{"line":75,"column":68}},"type":"cond-expr","locations":[{"start":{"line":75,"column":35},"end":{"line":75,"column":66}},{"start":{"line":75,"column":66},"end":{"line":75,"column":68}}],"line":75}},"s":{"0":2,"1":2,"2":2,"3":17,"4":17,"5":20,"6":13,"7":13,"8":6,"9":4,"10":6,"11":6,"12":4,"13":4,"14":3,"15":4,"16":6,"17":6,"18":6,"19":4,"20":3,"21":2,"22":3,"23":1,"24":2,"25":2,"26":4,"27":4,"28":4,"29":4,"30":1,"31":3,"32":3,"33":2,"34":3,"35":1,"36":4,"37":4},"f":{"0":17,"1":20,"2":13,"3":6,"4":6,"5":6,"6":6,"7":4,"8":2,"9":1},"b":{"0":[20,19,17,17],"1":[6,6],"2":[3,1],"3":[3,1],"4":[1,2],"5":[4,2],"6":[2,2],"7":[1,3],"8":[2,1],"9":[1,0]},"meta":{"lastBranch":10,"lastFunction":10,"lastStatement":38,"seen":{"s:9:25:9:Infinity":0,"s:11:29:15:Infinity":1,"s:17:27:17:Infinity":2,"f:19:16:19:36":0,"s:20:7:20:Infinity":3,"s:21:1:27:Infinity":4,"f:22:2:22:3":1,"s:23:3:26:Infinity":5,"b:23:3:23:Infinity:24:3:24:Infinity:25:3:25:Infinity:26:3:26:Infinity":0,"f:30:16:30:27":2,"s:31:1:33:Infinity":6,"s:32:2:32:Infinity":7,"f:36:15:36:32":3,"s:37:15:37:Infinity":8,"s:38:19:38:Infinity":9,"f:38:29:38:30":4,"s:38:40:38:48":10,"f:38:57:38:58":5,"s:38:65:38:100":11,"b:38:65:38:91:38:91:38:100":1,"s:39:7:39:Infinity":12,"b:40:1:42:Infinity:undefined:undefined:undefined:undefined":2,"s:40:1:42:Infinity":13,"s:41:2:41:Infinity":14,"s:43:1:43:Infinity":15,"f:46:22:46:52":6,"s:47:16:47:Infinity":16,"s:48:1:55:Infinity":17,"s:49:17:49:Infinity":18,"b:50:2:52:Infinity:undefined:undefined:undefined:undefined":3,"s:50:2:52:Infinity":19,"s:51:3:51:Infinity":20,"s:54:2:54:Infinity":21,"b:57:1:59:Infinity:undefined:undefined:undefined:undefined":4,"s:57:1:59:Infinity":22,"s:58:2:58:Infinity":23,"s:61:1:61:Infinity":24,"s:62:1:62:Infinity":25,"f:65:16:65:27":7,"s:66:12:66:Infinity":26,"s:67:7:67:Infinity":27,"b:67:24:67:35:67:35:67:39":5,"s:68:14:68:Infinity":28,"b:68:41:68:57:68:41:68:Infinity":6,"b:69:1:69:Infinity:undefined:undefined:undefined:undefined":7,"s:69:1:69:Infinity":29,"s:69:10:69:Infinity":30,"s:70:13:70:Infinity":31,"s:71:13:71:Infinity":32,"f:71:27:71:28":8,"s:71:34:71:45":33,"s:73:2:75:Infinity":34,"b:74:5:74:Infinity:75:5:75:Infinity":8,"f:75:13:75:14":9,"s:75:21:75:68":35,"b:75:35:75:66:75:66:75:68":9,"s:76:1:76:Infinity":36,"s:77:1:77:Infinity":37}}}
,"C:\\PAS ONEDRIVE\\M1\\dev_adv\\dvlpmnt_front-end_adv\\src\\lib\\stores\\loading.ts": {"path":"C:\\PAS ONEDRIVE\\M1\\dev_adv\\dvlpmnt_front-end_adv\\src\\lib\\stores\\loading.ts","statementMap":{"0":{"start":{"line":9,"column":32},"end":{"line":12,"column":null}},"1":{"start":{"line":14,"column":1},"end":{"line":19,"column":null}},"2":{"start":{"line":16,"column":39},"end":{"line":16,"column":null}},"3":{"start":{"line":17,"column":14},"end":{"line":17,"column":null}},"4":{"start":{"line":22,"column":28},"end":{"line":22,"column":null}},"5":{"start":{"line":31,"column":1},"end":{"line":31,"column":null}},"6":{"start":{"line":32,"column":1},"end":{"line":36,"column":null}},"7":{"start":{"line":33,"column":2},"end":{"line":33,"column":null}},"8":{"start":{"line":35,"column":2},"end":{"line":35,"column":null}}},"fnMap":{"0":{"name":"createLoadingStore","decl":{"start":{"line":8,"column":9},"end":{"line":8,"column":30}},"loc":{"start":{"line":8,"column":30},"end":{"line":20,"column":null}},"line":8},"1":{"name":"(anonymous_1)","decl":{"start":{"line":16,"column":8},"end":{"line":16,"column":9}},"loc":{"start":{"line":16,"column":39},"end":{"line":16,"column":null}},"line":16},"2":{"name":"(anonymous_2)","decl":{"start":{"line":17,"column":8},"end":{"line":17,"column":14}},"loc":{"start":{"line":17,"column":14},"end":{"line":17,"column":null}},"line":17},"3":{"name":"withLoading","decl":{"start":{"line":27,"column":22},"end":{"line":27,"column":null}},"loc":{"start":{"line":30,"column":14},"end":{"line":37,"column":null}},"line":30}},"branchMap":{"0":{"loc":{"start":{"line":16,"column":9},"end":{"line":16,"column":39}},"type":"default-arg","locations":[{"start":{"line":16,"column":19},"end":{"line":16,"column":39}}],"line":16},"1":{"loc":{"start":{"line":29,"column":1},"end":{"line":29,"column":null}},"type":"default-arg","locations":[{"start":{"line":29,"column":11},"end":{"line":29,"column":null}}],"line":29}},"s":{"0":1,"1":1,"2":5,"3":7,"4":1,"5":2,"6":2,"7":2,"8":2},"f":{"0":1,"1":5,"2":7,"3":2},"b":{"0":[5],"1":[2]},"meta":{"lastBranch":2,"lastFunction":4,"lastStatement":9,"seen":{"f:8:9:8:30":0,"s:9:32:12:Infinity":0,"s:14:1:19:Infinity":1,"f:16:8:16:9":1,"s:16:39:16:Infinity":2,"b:16:19:16:39":0,"f:17:8:17:14":2,"s:17:14:17:Infinity":3,"s:22:28:22:Infinity":4,"f:27:22:27:Infinity":3,"b:29:11:29:Infinity":1,"s:31:1:31:Infinity":5,"s:32:1:36:Infinity":6,"s:33:2:33:Infinity":7,"s:35:2:35:Infinity":8}}}
,"C:\\PAS ONEDRIVE\\M1\\dev_adv\\dvlpmnt_front-end_adv\\src\\lib\\utils\\download.ts": {"path":"C:\\PAS ONEDRIVE\\M1\\dev_adv\\dvlpmnt_front-end_adv\\src\\lib\\utils\\download.ts","statementMap":{"0":{"start":{"line":16,"column":11},"end":{"line":16,"column":null}},"1":{"start":{"line":17,"column":1},"end":{"line":17,"column":null}},"2":{"start":{"line":18,"column":1},"end":{"line":18,"column":null}},"3":{"start":{"line":19,"column":1},"end":{"line":19,"column":null}},"4":{"start":{"line":26,"column":1},"end":{"line":31,"column":null}},"5":{"start":{"line":27,"column":17},"end":{"line":27,"column":null}},"6":{"start":{"line":28,"column":2},"end":{"line":28,"column":null}},"7":{"start":{"line":28,"column":24},"end":{"line":28,"column":null}},"8":{"start":{"line":29,"column":2},"end":{"line":29,"column":null}},"9":{"start":{"line":30,"column":2},"end":{"line":30,"column":null}},"10":{"start":{"line":38,"column":1},"end":{"line":38,"column":null}}},"fnMap":{"0":{"name":"triggerDownload","decl":{"start":{"line":15,"column":16},"end":{"line":15,"column":32}},"loc":{"start":{"line":15,"column":88},"end":{"line":20,"column":null}},"line":15},"1":{"name":"blobToDataURL","decl":{"start":{"line":25,"column":16},"end":{"line":25,"column":30}},"loc":{"start":{"line":25,"column":59},"end":{"line":32,"column":null}},"line":25},"2":{"name":"(anonymous_2)","decl":{"start":{"line":26,"column":20},"end":{"line":26,"column":21}},"loc":{"start":{"line":26,"column":41},"end":{"line":31,"column":2}},"line":26},"3":{"name":"(anonymous_3)","decl":{"start":{"line":28,"column":18},"end":{"line":28,"column":24}},"loc":{"start":{"line":28,"column":24},"end":{"line":28,"column":null}},"line":28},"4":{"name":"fileToDataURL","decl":{"start":{"line":37,"column":16},"end":{"line":37,"column":30}},"loc":{"start":{"line":37,"column":59},"end":{"line":39,"column":null}},"line":37}},"branchMap":{"0":{"loc":{"start":{"line":15,"column":56},"end":{"line":15,"column":88}},"type":"default-arg","locations":[{"start":{"line":15,"column":73},"end":{"line":15,"column":88}}],"line":15}},"s":{"0":3,"1":3,"2":3,"3":3,"4":4,"5":4,"6":4,"7":4,"8":4,"9":4,"10":2},"f":{"0":3,"1":4,"2":4,"3":4,"4":2},"b":{"0":[3]},"meta":{"lastBranch":1,"lastFunction":5,"lastStatement":11,"seen":{"f:15:16:15:32":0,"b:15:73:15:88":0,"s:16:11:16:Infinity":0,"s:17:1:17:Infinity":1,"s:18:1:18:Infinity":2,"s:19:1:19:Infinity":3,"f:25:16:25:30":1,"s:26:1:31:Infinity":4,"f:26:20:26:21":2,"s:27:17:27:Infinity":5,"s:28:2:28:Infinity":6,"f:28:18:28:24":3,"s:28:24:28:Infinity":7,"s:29:2:29:Infinity":8,"s:30:2:30:Infinity":9,"f:37:16:37:30":4,"s:38:1:38:Infinity":10}}}
,"C:\\PAS ONEDRIVE\\M1\\dev_adv\\dvlpmnt_front-end_adv\\src\\lib\\utils\\format.ts": {"path":"C:\\PAS ONEDRIVE\\M1\\dev_adv\\dvlpmnt_front-end_adv\\src\\lib\\utils\\format.ts","statementMap":{"0":{"start":{"line":10,"column":17},"end":{"line":10,"column":null}},"1":{"start":{"line":11,"column":1},"end":{"line":11,"column":null}},"2":{"start":{"line":11,"column":15},"end":{"line":11,"column":null}},"3":{"start":{"line":12,"column":1},"end":{"line":12,"column":null}},"4":{"start":{"line":19,"column":7},"end":{"line":19,"column":null}},"5":{"start":{"line":20,"column":1},"end":{"line":20,"column":null}},"6":{"start":{"line":27,"column":1},"end":{"line":27,"column":null}},"7":{"start":{"line":34,"column":1},"end":{"line":34,"column":null}},"8":{"start":{"line":34,"column":31},"end":{"line":34,"column":null}},"9":{"start":{"line":35,"column":1},"end":{"line":35,"column":null}}},"fnMap":{"0":{"name":"formatRoomName","decl":{"start":{"line":9,"column":16},"end":{"line":9,"column":31}},"loc":{"start":{"line":9,"column":55},"end":{"line":13,"column":null}},"line":9},"1":{"name":"normalizePseudo","decl":{"start":{"line":18,"column":16},"end":{"line":18,"column":32}},"loc":{"start":{"line":18,"column":75},"end":{"line":21,"column":null}},"line":18},"2":{"name":"formatTimestamp","decl":{"start":{"line":26,"column":16},"end":{"line":26,"column":32}},"loc":{"start":{"line":26,"column":52},"end":{"line":28,"column":null}},"line":26},"3":{"name":"truncate","decl":{"start":{"line":33,"column":16},"end":{"line":33,"column":25}},"loc":{"start":{"line":33,"column":66},"end":{"line":36,"column":null}},"line":33}},"branchMap":{"0":{"loc":{"start":{"line":11,"column":1},"end":{"line":11,"column":null}},"type":"if","locations":[{"start":{"line":11,"column":1},"end":{"line":11,"column":null}},{"start":{},"end":{}}],"line":11},"1":{"loc":{"start":{"line":19,"column":18},"end":{"line":19,"column":31}},"type":"binary-expr","locations":[{"start":{"line":19,"column":18},"end":{"line":19,"column":27}},{"start":{"line":19,"column":27},"end":{"line":19,"column":31}}],"line":19},"2":{"loc":{"start":{"line":20,"column":8},"end":{"line":20,"column":null}},"type":"cond-expr","locations":[{"start":{"line":20,"column":18},"end":{"line":20,"column":42}},{"start":{"line":20,"column":42},"end":{"line":20,"column":null}}],"line":20},"3":{"loc":{"start":{"line":34,"column":1},"end":{"line":34,"column":null}},"type":"if","locations":[{"start":{"line":34,"column":1},"end":{"line":34,"column":null}},{"start":{},"end":{}}],"line":34}},"s":{"0":16,"1":16,"2":2,"3":14,"4":6,"5":6,"6":1,"7":4,"8":2,"9":2},"f":{"0":16,"1":6,"2":1,"3":4},"b":{"0":[2,14],"1":[6,2],"2":[2,4],"3":[2,2]},"meta":{"lastBranch":4,"lastFunction":4,"lastStatement":10,"seen":{"f:9:16:9:31":0,"s:10:17:10:Infinity":0,"b:11:1:11:Infinity:undefined:undefined:undefined:undefined":0,"s:11:1:11:Infinity":1,"s:11:15:11:Infinity":2,"s:12:1:12:Infinity":3,"f:18:16:18:32":1,"s:19:7:19:Infinity":4,"b:19:18:19:27:19:27:19:31":1,"s:20:1:20:Infinity":5,"b:20:18:20:42:20:42:20:Infinity":2,"f:26:16:26:32":2,"s:27:1:27:Infinity":6,"f:33:16:33:25":3,"b:34:1:34:Infinity:undefined:undefined:undefined:undefined":3,"s:34:1:34:Infinity":7,"s:34:31:34:Infinity":8,"s:35:1:35:Infinity":9}}}
,"C:\\PAS ONEDRIVE\\M1\\dev_adv\\dvlpmnt_front-end_adv\\src\\lib\\utils\\merge.ts": {"path":"C:\\PAS ONEDRIVE\\M1\\dev_adv\\dvlpmnt_front-end_adv\\src\\lib\\utils\\merge.ts","statementMap":{"0":{"start":{"line":9,"column":27},"end":{"line":9,"column":null}},"1":{"start":{"line":16,"column":20},"end":{"line":16,"column":null}},"2":{"start":{"line":16,"column":49},"end":{"line":16,"column":64}},"3":{"start":{"line":18,"column":21},"end":{"line":27,"column":null}},"4":{"start":{"line":19,"column":21},"end":{"line":19,"column":null}},"5":{"start":{"line":20,"column":21},"end":{"line":20,"column":null}},"6":{"start":{"line":21,"column":23},"end":{"line":21,"column":null}},"7":{"start":{"line":22,"column":2},"end":{"line":26,"column":null}},"8":{"start":{"line":29,"column":19},"end":{"line":29,"column":null}},"9":{"start":{"line":30,"column":21},"end":{"line":30,"column":null}},"10":{"start":{"line":30,"column":45},"end":{"line":30,"column":68}},"11":{"start":{"line":32,"column":1},"end":{"line":32,"column":null}}},"fnMap":{"0":{"name":"mergeRemoteWithStored","decl":{"start":{"line":15,"column":16},"end":{"line":15,"column":38}},"loc":{"start":{"line":15,"column":83},"end":{"line":33,"column":null}},"line":15},"1":{"name":"(anonymous_1)","decl":{"start":{"line":16,"column":39},"end":{"line":16,"column":40}},"loc":{"start":{"line":16,"column":49},"end":{"line":16,"column":64}},"line":16},"2":{"name":"(anonymous_2)","decl":{"start":{"line":18,"column":35},"end":{"line":18,"column":36}},"loc":{"start":{"line":18,"column":43},"end":{"line":27,"column":2}},"line":18},"3":{"name":"(anonymous_3)","decl":{"start":{"line":30,"column":35},"end":{"line":30,"column":36}},"loc":{"start":{"line":30,"column":45},"end":{"line":30,"column":68}},"line":30}},"branchMap":{"0":{"loc":{"start":{"line":24,"column":9},"end":{"line":24,"column":null}},"type":"cond-expr","locations":[{"start":{"line":24,"column":54},"end":{"line":24,"column":67}},{"start":{"line":24,"column":54},"end":{"line":24,"column":null}}],"line":24},"1":{"loc":{"start":{"line":24,"column":9},"end":{"line":24,"column":54}},"type":"binary-expr","locations":[{"start":{"line":24,"column":9},"end":{"line":24,"column":23}},{"start":{"line":24,"column":23},"end":{"line":24,"column":54}}],"line":24},"2":{"loc":{"start":{"line":25,"column":11},"end":{"line":25,"column":null}},"type":"binary-expr","locations":[{"start":{"line":25,"column":11},"end":{"line":25,"column":27}},{"start":{"line":25,"column":27},"end":{"line":25,"column":null}}],"line":25}},"s":{"0":3,"1":9,"2":7,"3":9,"4":11,"5":11,"6":11,"7":11,"8":9,"9":9,"10":7,"11":9},"f":{"0":9,"1":7,"2":11,"3":7},"b":{"0":[3,8],"1":[11,3],"2":[11,8]},"meta":{"lastBranch":3,"lastFunction":4,"lastStatement":12,"seen":{"s:9:27:9:Infinity":0,"f:15:16:15:38":0,"s:16:20:16:Infinity":1,"f:16:39:16:40":1,"s:16:49:16:64":2,"s:18:21:27:Infinity":3,"f:18:35:18:36":2,"s:19:21:19:Infinity":4,"s:20:21:20:Infinity":5,"s:21:23:21:Infinity":6,"s:22:2:26:Infinity":7,"b:24:54:24:67:24:54:24:Infinity":0,"b:24:9:24:23:24:23:24:54":1,"b:25:11:25:27:25:27:25:Infinity":2,"s:29:19:29:Infinity":8,"s:30:21:30:Infinity":9,"f:30:35:30:36":3,"s:30:45:30:68":10,"s:32:1:32:Infinity":11}}}
,"C:\\PAS ONEDRIVE\\M1\\dev_adv\\dvlpmnt_front-end_adv\\src\\lib\\utils\\validation.ts": {"path":"C:\\PAS ONEDRIVE\\M1\\dev_adv\\dvlpmnt_front-end_adv\\src\\lib\\utils\\validation.ts","statementMap":{"0":{"start":{"line":6,"column":1},"end":{"line":6,"column":null}},"1":{"start":{"line":10,"column":1},"end":{"line":10,"column":null}},"2":{"start":{"line":14,"column":1},"end":{"line":14,"column":null}},"3":{"start":{"line":21,"column":1},"end":{"line":21,"column":null}},"4":{"start":{"line":21,"column":11},"end":{"line":21,"column":null}},"5":{"start":{"line":22,"column":1},"end":{"line":26,"column":null}},"6":{"start":{"line":23,"column":2},"end":{"line":23,"column":null}},"7":{"start":{"line":25,"column":2},"end":{"line":25,"column":null}},"8":{"start":{"line":36,"column":1},"end":{"line":36,"column":null}},"9":{"start":{"line":36,"column":38},"end":{"line":36,"column":null}},"10":{"start":{"line":37,"column":1},"end":{"line":37,"column":null}},"11":{"start":{"line":37,"column":30},"end":{"line":37,"column":88}}},"fnMap":{"0":{"name":"isDataUrl","decl":{"start":{"line":5,"column":16},"end":{"line":5,"column":26}},"loc":{"start":{"line":5,"column":59},"end":{"line":7,"column":null}},"line":5},"1":{"name":"isNonEmptyString","decl":{"start":{"line":9,"column":16},"end":{"line":9,"column":33}},"loc":{"start":{"line":9,"column":66},"end":{"line":11,"column":null}},"line":9},"2":{"name":"isValidNumber","decl":{"start":{"line":13,"column":16},"end":{"line":13,"column":30}},"loc":{"start":{"line":13,"column":63},"end":{"line":15,"column":null}},"line":13},"3":{"name":"safeParse","decl":{"start":{"line":20,"column":16},"end":{"line":20,"column":29}},"loc":{"start":{"line":20,"column":65},"end":{"line":27,"column":null}},"line":20},"4":{"name":"hasRequiredStringProps","decl":{"start":{"line":32,"column":16},"end":{"line":32,"column":null}},"loc":{"start":{"line":35,"column":28},"end":{"line":38,"column":null}},"line":35},"5":{"name":"(anonymous_5)","decl":{"start":{"line":37,"column":20},"end":{"line":37,"column":21}},"loc":{"start":{"line":37,"column":30},"end":{"line":37,"column":88}},"line":37}},"branchMap":{"0":{"loc":{"start":{"line":6,"column":8},"end":{"line":6,"column":null}},"type":"binary-expr","locations":[{"start":{"line":6,"column":8},"end":{"line":6,"column":37}},{"start":{"line":6,"column":37},"end":{"line":6,"column":null}}],"line":6},"1":{"loc":{"start":{"line":10,"column":8},"end":{"line":10,"column":null}},"type":"binary-expr","locations":[{"start":{"line":10,"column":8},"end":{"line":10,"column":37}},{"start":{"line":10,"column":37},"end":{"line":10,"column":null}}],"line":10},"2":{"loc":{"start":{"line":14,"column":8},"end":{"line":14,"column":null}},"type":"binary-expr","locations":[{"start":{"line":14,"column":8},"end":{"line":14,"column":37}},{"start":{"line":14,"column":37},"end":{"line":14,"column":61}},{"start":{"line":14,"column":61},"end":{"line":14,"column":null}}],"line":14},"3":{"loc":{"start":{"line":21,"column":1},"end":{"line":21,"column":null}},"type":"if","locations":[{"start":{"line":21,"column":1},"end":{"line":21,"column":null}},{"start":{},"end":{}}],"line":21},"4":{"loc":{"start":{"line":36,"column":1},"end":{"line":36,"column":null}},"type":"if","locations":[{"start":{"line":36,"column":1},"end":{"line":36,"column":null}},{"start":{},"end":{}}],"line":36},"5":{"loc":{"start":{"line":36,"column":5},"end":{"line":36,"column":38}},"type":"binary-expr","locations":[{"start":{"line":36,"column":5},"end":{"line":36,"column":13}},{"start":{"line":36,"column":13},"end":{"line":36,"column":38}}],"line":36}},"s":{"0":11,"1":7,"2":8,"3":35,"4":9,"5":26,"6":26,"7":2,"8":5,"9":2,"10":3,"11":5},"f":{"0":11,"1":7,"2":8,"3":35,"4":5,"5":5},"b":{"0":[11,6],"1":[7,4],"2":[8,6,5],"3":[9,26],"4":[2,3],"5":[5,4]},"meta":{"lastBranch":6,"lastFunction":6,"lastStatement":12,"seen":{"f:5:16:5:26":0,"s:6:1:6:Infinity":0,"b:6:8:6:37:6:37:6:Infinity":0,"f:9:16:9:33":1,"s:10:1:10:Infinity":1,"b:10:8:10:37:10:37:10:Infinity":1,"f:13:16:13:30":2,"s:14:1:14:Infinity":2,"b:14:8:14:37:14:37:14:61:14:61:14:Infinity":2,"f:20:16:20:29":3,"b:21:1:21:Infinity:undefined:undefined:undefined:undefined":3,"s:21:1:21:Infinity":3,"s:21:11:21:Infinity":4,"s:22:1:26:Infinity":5,"s:23:2:23:Infinity":6,"s:25:2:25:Infinity":7,"f:32:16:32:Infinity":4,"b:36:1:36:Infinity:undefined:undefined:undefined:undefined":4,"s:36:1:36:Infinity":8,"b:36:5:36:13:36:13:36:38":5,"s:36:38:36:Infinity":9,"s:37:1:37:Infinity":10,"f:37:20:37:21":5,"s:37:30:37:88":11}}}
}
